[0.018s] Invoking command in '/home/w/projects/projects/gps_ws/build/gps': CMAKE_PREFIX_PATH=${CMAKE_PREFIX_PATH}:/opt/ros/humble /usr/bin/cmake /home/w/projects/projects/gps_ws/src/gps -DCMAKE_INSTALL_PREFIX=/home/w/projects/projects/gps_ws/install/gps
[0.166s] -- The C compiler identification is GNU 11.4.0
[0.309s] -- The CXX compiler identification is GNU 11.4.0
[0.333s] -- Detecting C compiler ABI info
[0.439s] -- Detecting C compiler ABI info - done
[0.464s] -- Check for working C compiler: /usr/bin/cc - skipped
[0.466s] -- Detecting C compile features
[0.466s] -- Detecting C compile features - done
[0.501s] -- Detecting CXX compiler ABI info
[0.628s] -- Detecting CXX compiler ABI info - done
[0.664s] -- Check for working CXX compiler: /usr/bin/c++ - skipped
[0.664s] -- Detecting CXX compile features
[0.665s] -- Detecting CXX compile features - done
[0.698s] -- Found ament_cmake: 1.3.14 (/opt/ros/humble/share/ament_cmake/cmake)
[0.936s] -- Found Python3: /usr/bin/python3 (found version "3.10.12") found components: Interpreter
[1.151s] -- Found rclcpp: 16.0.19 (/opt/ros/humble/share/rclcpp/cmake)
[1.240s] -- Found rosidl_generator_c: 3.1.8 (/opt/ros/humble/share/rosidl_generator_c/cmake)
[1.248s] -- Found rosidl_adapter: 3.1.8 (/opt/ros/humble/share/rosidl_adapter/cmake)
[1.265s] -- Found rosidl_generator_cpp: 3.1.8 (/opt/ros/humble/share/rosidl_generator_cpp/cmake)
[1.300s] -- Using all available rosidl_typesupport_c: rosidl_typesupport_fastrtps_c;rosidl_typesupport_introspection_c
[1.338s] -- Using all available rosidl_typesupport_cpp: rosidl_typesupport_fastrtps_cpp;rosidl_typesupport_introspection_cpp
[1.482s] -- Found rmw_implementation_cmake: 6.1.2 (/opt/ros/humble/share/rmw_implementation_cmake/cmake)
[1.488s] -- Found rmw_fastrtps_cpp: 6.2.10 (/opt/ros/humble/share/rmw_fastrtps_cpp/cmake)
[1.673s] -- Found OpenSSL: /usr/lib/x86_64-linux-gnu/libcrypto.so (found version "3.0.2")
[1.709s] -- Found FastRTPS: /opt/ros/humble/include
[1.769s] -- Using RMW implementation 'rmw_fastrtps_cpp' as default
[1.791s] -- Performing Test CMAKE_HAVE_LIBC_PTHREAD
[1.895s] -- Performing Test CMAKE_HAVE_LIBC_PTHREAD - Success
[1.897s] -- Found Threads: TRUE
[2.047s] -- Found nav_msgs: 4.9.1 (/opt/ros/humble/share/nav_msgs/cmake)
[2.119s] -- Found sensor_msgs: 4.9.1 (/opt/ros/humble/share/sensor_msgs/cmake)
[2.155s] -- Found behaviortree_cpp: 4.9.0 (/opt/ros/humble/share/behaviortree_cpp/cmake)
[2.173s] -- Found ament_lint_auto: 0.12.15 (/opt/ros/humble/share/ament_lint_auto/cmake)
[2.314s] -- Added test 'cppcheck' to perform static code analysis on C / C++ code
[2.315s] -- Configured cppcheck include dirs: /home/w/projects/projects/gps_ws/src/gps/src/SerialPort
[2.315s] -- Configured cppcheck exclude dirs and/or files: 
[2.316s] -- Added test 'lint_cmake' to check CMake code style
[2.318s] -- Added test 'uncrustify' to check C / C++ code style
[2.319s] -- Configured uncrustify additional arguments: 
[2.319s] -- Added test 'xmllint' to check XML markup files
[2.321s] -- Configuring done (2.3s)
[2.338s] -- Generating done (0.0s)
[2.364s] -- Build files have been written to: /home/w/projects/projects/gps_ws/build/gps
[2.379s] Invoked command in '/home/w/projects/projects/gps_ws/build/gps' returned '0': CMAKE_PREFIX_PATH=${CMAKE_PREFIX_PATH}:/opt/ros/humble /usr/bin/cmake /home/w/projects/projects/gps_ws/src/gps -DCMAKE_INSTALL_PREFIX=/home/w/projects/projects/gps_ws/install/gps
[2.380s] Invoking command in '/home/w/projects/projects/gps_ws/build/gps': CMAKE_PREFIX_PATH=${CMAKE_PREFIX_PATH}:/opt/ros/humble /usr/bin/cmake --build /home/w/projects/projects/gps_ws/build/gps -- -j16 -l16
[2.406s] [ 25%] [32mBuilding CXX object CMakeFiles/SerialPort.dir/src/SerialPort/usart.cpp.o[0m
[2.699s] [ 50%] [1m[32mLinking CXX static library libSerialPort.a[0m
[2.744s] [ 50%] Built target SerialPort
[2.760s] [ 75%] [32mBuilding CXX object CMakeFiles/gps_node.dir/src/gps_node.cpp.o[0m
[6.670s] [01m[K/home/w/projects/projects/gps_ws/src/gps/src/gps_node.cpp:159:5:[m[K [01;31m[Kerror: [m[K‘[01m[Kvector[m[K’ does not name a type
[6.670s]   159 |     [01;31m[Kvector[m[K<pair<double, double>> obstacles;
[6.670s]       |     [01;31m[K^~~~~~[m[K
[6.670s] [01m[K/home/w/projects/projects/gps_ws/src/gps/src/gps_node.cpp:161:2:[m[K [01;31m[Kerror: [m[Kexpected ‘[01m[K;[m[K’ after class definition
[6.670s]   161 | }
[6.670s]       |  [01;31m[K^[m[K
[6.670s]       |  [32m[K;[m[K
[10.189s] [01m[K/home/w/projects/projects/gps_ws/src/gps/src/gps_node.cpp:[m[K In member function ‘[01m[Kvirtual BT::NodeStatus TimedVelocityAction::onRunning()[m[K’:
[10.189s] [01m[K/home/w/projects/projects/gps_ws/src/gps/src/gps_node.cpp:287:5:[m[K [01;35m[Kwarning: [m[Kcontrol reaches end of non-void function [[01;35m[K]8;;https://gcc.gnu.org/onlinedocs/gcc/Warning-Options.html#index-Wreturn-type-Wreturn-type]8;;[m[K]
[10.189s]   287 |     [01;35m[K}[m[K
[10.189s]       |     [01;35m[K^[m[K
[10.550s] gmake[2]: *** [CMakeFiles/gps_node.dir/build.make:79: CMakeFiles/gps_node.dir/src/gps_node.cpp.o] Error 1
[10.551s] gmake[1]: *** [CMakeFiles/Makefile2:188: CMakeFiles/gps_node.dir/all] Error 2
[10.551s] gmake: *** [Makefile:146: all] Error 2
[10.555s] Invoked command in '/home/w/projects/projects/gps_ws/build/gps' returned '2': CMAKE_PREFIX_PATH=${CMAKE_PREFIX_PATH}:/opt/ros/humble /usr/bin/cmake --build /home/w/projects/projects/gps_ws/build/gps -- -j16 -l16
