[0.012s] Invoking command in '/home/w/projects/projects/gps_ws/build/gps': CMAKE_PREFIX_PATH=${CMAKE_PREFIX_PATH}:/opt/ros/humble /usr/bin/cmake --build /home/w/projects/projects/gps_ws/build/gps -- -j16 -l16
[0.048s] [ 50%] Built target SerialPort
[0.073s] [ 75%] [32mBuilding CXX object CMakeFiles/gps_node.dir/src/gps_node.cpp.o[0m
[8.510s] [100%] [1m[32mLinking CXX executable gps_node[0m
[8.884s] [100%] Built target gps_node
[8.889s] Invoked command in '/home/w/projects/projects/gps_ws/build/gps' returned '0': CMAKE_PREFIX_PATH=${CMAKE_PREFIX_PATH}:/opt/ros/humble /usr/bin/cmake --build /home/w/projects/projects/gps_ws/build/gps -- -j16 -l16
[8.895s] Invoking command in '/home/w/projects/projects/gps_ws/build/gps': CMAKE_PREFIX_PATH=${CMAKE_PREFIX_PATH}:/opt/ros/humble /usr/bin/cmake --install /home/w/projects/projects/gps_ws/build/gps
[8.898s] -- Install configuration: ""
[8.898s] -- Installing: /home/w/projects/projects/gps_ws/install/gps/lib/gps/gps_node
[8.904s] -- Set non-toolchain portion of runtime path of "/home/w/projects/projects/gps_ws/install/gps/lib/gps/gps_node" to ""
[8.904s] -- Up-to-date: /home/w/projects/projects/gps_ws/install/gps/share/gps/tree.xml
[8.904s] -- Up-to-date: /home/w/projects/projects/gps_ws/install/gps/share/ament_index/resource_index/package_run_dependencies/gps
[8.904s] -- Up-to-date: /home/w/projects/projects/gps_ws/install/gps/share/ament_index/resource_index/parent_prefix_path/gps
[8.904s] -- Up-to-date: /home/w/projects/projects/gps_ws/install/gps/share/gps/environment/ament_prefix_path.sh
[8.904s] -- Up-to-date: /home/w/projects/projects/gps_ws/install/gps/share/gps/environment/ament_prefix_path.dsv
[8.904s] -- Up-to-date: /home/w/projects/projects/gps_ws/install/gps/share/gps/environment/path.sh
[8.904s] -- Up-to-date: /home/w/projects/projects/gps_ws/install/gps/share/gps/environment/path.dsv
[8.904s] -- Up-to-date: /home/w/projects/projects/gps_ws/install/gps/share/gps/local_setup.bash
[8.904s] -- Up-to-date: /home/w/projects/projects/gps_ws/install/gps/share/gps/local_setup.sh
[8.904s] -- Up-to-date: /home/w/projects/projects/gps_ws/install/gps/share/gps/local_setup.zsh
[8.904s] -- Up-to-date: /home/w/projects/projects/gps_ws/install/gps/share/gps/local_setup.dsv
[8.905s] -- Installing: /home/w/projects/projects/gps_ws/install/gps/share/gps/package.dsv
[8.905s] -- Up-to-date: /home/w/projects/projects/gps_ws/install/gps/share/ament_index/resource_index/packages/gps
[8.905s] -- Up-to-date: /home/w/projects/projects/gps_ws/install/gps/share/gps/cmake/gpsConfig.cmake
[8.905s] -- Up-to-date: /home/w/projects/projects/gps_ws/install/gps/share/gps/cmake/gpsConfig-version.cmake
[8.905s] -- Up-to-date: /home/w/projects/projects/gps_ws/install/gps/share/gps/package.xml
[8.905s] Invoked command in '/home/w/projects/projects/gps_ws/build/gps' returned '0': CMAKE_PREFIX_PATH=${CMAKE_PREFIX_PATH}:/opt/ros/humble /usr/bin/cmake --install /home/w/projects/projects/gps_ws/build/gps
