[0.124s] colcon DEBUG Command line arguments: ['/usr/bin/colcon', 'build', '--packages-select', 'gps']
[0.124s] colcon DEBUG Parsed command line arguments: Namespace(log_base=None, log_level=None, verb_name='build', build_base='build', install_base='install', merge_install=False, symlink_install=False, test_result_base=None, continue_on_error=False, executor='parallel', parallel_workers=16, event_handlers=None, ignore_user_meta=False, metas=['./colcon.meta'], base_paths=['.'], packages_ignore=None, packages_ignore_regex=None, paths=None, packages_up_to=None, packages_up_to_regex=None, packages_above=None, packages_above_and_dependencies=None, packages_above_depth=None, packages_select_by_dep=None, packages_skip_by_dep=None, packages_skip_up_to=None, packages_select_build_failed=False, packages_skip_build_finished=False, packages_select_test_failures=False, packages_skip_test_passed=False, packages_select=['gps'], packages_skip=None, packages_select_regex=None, packages_skip_regex=None, packages_start=None, packages_end=None, allow_overriding=[], cmake_args=None, cmake_target=None, cmake_target_skip_unavailable=False, cmake_clean_cache=False, cmake_clean_first=False, cmake_force_configure=False, ament_cmake_args=None, catkin_cmake_args=None, catkin_skip_building_tests=False, mixin_files=None, mixin=None, verb_parser=<colcon_mixin.mixin.mixin_argument.MixinArgumentDecorator object at 0x7b991a03e110>, verb_extension=<colcon_core.verb.build.BuildVerb object at 0x7b991a13f790>, main=<bound method BuildVerb.main of <colcon_core.verb.build.BuildVerb object at 0x7b991a13f790>>, mixin_verb=('build',))
[0.275s] colcon.colcon_core.package_discovery Level 1 discover_packages(colcon_meta) check parameters
[0.276s] colcon.colcon_core.package_discovery Level 1 discover_packages(recursive) check parameters
[0.276s] colcon.colcon_core.package_discovery Level 1 discover_packages(ignore) check parameters
[0.276s] colcon.colcon_core.package_discovery Level 1 discover_packages(path) check parameters
[0.276s] colcon.colcon_core.package_discovery Level 1 discover_packages(colcon_meta) discover
[0.276s] colcon.colcon_core.package_discovery Level 1 discover_packages(recursive) discover
[0.276s] colcon.colcon_core.package_discovery INFO Crawling recursively for packages in '/home/w/projects/projects/gps_ws'
[0.276s] colcon.colcon_core.package_identification Level 1 _identify(.) by extensions ['ignore', 'ignore_ament_install']
[0.276s] colcon.colcon_core.package_identification Level 1 _identify(.) by extension 'ignore'
[0.276s] colcon.colcon_core.package_identification Level 1 _identify(.) by extension 'ignore_ament_install'
[0.276s] colcon.colcon_core.package_identification Level 1 _identify(.) by extensions ['colcon_pkg']
[0.276s] colcon.colcon_core.package_identification Level 1 _identify(.) by extension 'colcon_pkg'
[0.276s] colcon.colcon_core.package_identification Level 1 _identify(.) by extensions ['colcon_meta']
[0.276s] colcon.colcon_core.package_identification Level 1 _identify(.) by extension 'colcon_meta'
[0.276s] colcon.colcon_core.package_identification Level 1 _identify(.) by extensions ['ros']
[0.276s] colcon.colcon_core.package_identification Level 1 _identify(.) by extension 'ros'
[0.303s] colcon.colcon_core.package_identification Level 1 _identify(.) by extensions ['cmake', 'python']
[0.303s] colcon.colcon_core.package_identification Level 1 _identify(.) by extension 'cmake'
[0.303s] colcon.colcon_core.package_identification Level 1 _identify(.) by extension 'python'
[0.303s] colcon.colcon_core.package_identification Level 1 _identify(.) by extensions ['python_setup_py']
[0.303s] colcon.colcon_core.package_identification Level 1 _identify(.) by extension 'python_setup_py'
[0.303s] colcon.colcon_core.package_identification Level 1 _identify(build) by extensions ['ignore', 'ignore_ament_install']
[0.303s] colcon.colcon_core.package_identification Level 1 _identify(build) by extension 'ignore'
[0.303s] colcon.colcon_core.package_identification Level 1 _identify(build) ignored
[0.304s] colcon.colcon_core.package_identification Level 1 _identify(install) by extensions ['ignore', 'ignore_ament_install']
[0.304s] colcon.colcon_core.package_identification Level 1 _identify(install) by extension 'ignore'
[0.304s] colcon.colcon_core.package_identification Level 1 _identify(install) ignored
[0.304s] colcon.colcon_core.package_identification Level 1 _identify(log) by extensions ['ignore', 'ignore_ament_install']
[0.304s] colcon.colcon_core.package_identification Level 1 _identify(log) by extension 'ignore'
[0.304s] colcon.colcon_core.package_identification Level 1 _identify(log) ignored
[0.304s] colcon.colcon_core.package_identification Level 1 _identify(src) by extensions ['ignore', 'ignore_ament_install']
[0.304s] colcon.colcon_core.package_identification Level 1 _identify(src) by extension 'ignore'
[0.304s] colcon.colcon_core.package_identification Level 1 _identify(src) by extension 'ignore_ament_install'
[0.304s] colcon.colcon_core.package_identification Level 1 _identify(src) by extensions ['colcon_pkg']
[0.304s] colcon.colcon_core.package_identification Level 1 _identify(src) by extension 'colcon_pkg'
[0.304s] colcon.colcon_core.package_identification Level 1 _identify(src) by extensions ['colcon_meta']
[0.304s] colcon.colcon_core.package_identification Level 1 _identify(src) by extension 'colcon_meta'
[0.304s] colcon.colcon_core.package_identification Level 1 _identify(src) by extensions ['ros']
[0.304s] colcon.colcon_core.package_identification Level 1 _identify(src) by extension 'ros'
[0.304s] colcon.colcon_core.package_identification Level 1 _identify(src) by extensions ['cmake', 'python']
[0.305s] colcon.colcon_core.package_identification Level 1 _identify(src) by extension 'cmake'
[0.305s] colcon.colcon_core.package_identification Level 1 _identify(src) by extension 'python'
[0.305s] colcon.colcon_core.package_identification Level 1 _identify(src) by extensions ['python_setup_py']
[0.305s] colcon.colcon_core.package_identification Level 1 _identify(src) by extension 'python_setup_py'
[0.305s] colcon.colcon_core.package_identification Level 1 _identify(src/gps) by extensions ['ignore', 'ignore_ament_install']
[0.305s] colcon.colcon_core.package_identification Level 1 _identify(src/gps) by extension 'ignore'
[0.305s] colcon.colcon_core.package_identification Level 1 _identify(src/gps) by extension 'ignore_ament_install'
[0.305s] colcon.colcon_core.package_identification Level 1 _identify(src/gps) by extensions ['colcon_pkg']
[0.305s] colcon.colcon_core.package_identification Level 1 _identify(src/gps) by extension 'colcon_pkg'
[0.305s] colcon.colcon_core.package_identification Level 1 _identify(src/gps) by extensions ['colcon_meta']
[0.305s] colcon.colcon_core.package_identification Level 1 _identify(src/gps) by extension 'colcon_meta'
[0.305s] colcon.colcon_core.package_identification Level 1 _identify(src/gps) by extensions ['ros']
[0.305s] colcon.colcon_core.package_identification Level 1 _identify(src/gps) by extension 'ros'
[0.307s] colcon.colcon_core.package_identification DEBUG Package 'src/gps' with type 'ros.ament_cmake' and name 'gps'
[0.307s] colcon.colcon_core.package_discovery Level 1 discover_packages(recursive) using defaults
[0.307s] colcon.colcon_core.package_discovery Level 1 discover_packages(ignore) discover
[0.307s] colcon.colcon_core.package_discovery Level 1 discover_packages(ignore) using defaults
[0.307s] colcon.colcon_core.package_discovery Level 1 discover_packages(path) discover
[0.307s] colcon.colcon_core.package_discovery Level 1 discover_packages(path) using defaults
[0.319s] colcon.colcon_core.package_discovery Level 1 discover_packages(prefix_path) check parameters
[0.319s] colcon.colcon_core.package_discovery Level 1 discover_packages(prefix_path) discover
[0.321s] colcon.colcon_installed_package_information.package_discovery DEBUG Found 1 installed packages in /home/w/ws_livox/install
[0.321s] colcon.colcon_installed_package_information.package_discovery DEBUG Found 1 installed packages in /home/w/fastlio/install
[0.322s] colcon.colcon_installed_package_information.package_discovery DEBUG Found 281 installed packages in /opt/ros/humble
[0.323s] colcon.colcon_core.package_discovery Level 1 discover_packages(prefix_path) using defaults
[0.354s] colcon.colcon_core.verb Level 5 set package 'gps' build argument 'cmake_args' from command line to 'None'
[0.355s] colcon.colcon_core.verb Level 5 set package 'gps' build argument 'cmake_target' from command line to 'None'
[0.355s] colcon.colcon_core.verb Level 5 set package 'gps' build argument 'cmake_target_skip_unavailable' from command line to 'False'
[0.355s] colcon.colcon_core.verb Level 5 set package 'gps' build argument 'cmake_clean_cache' from command line to 'False'
[0.355s] colcon.colcon_core.verb Level 5 set package 'gps' build argument 'cmake_clean_first' from command line to 'False'
[0.355s] colcon.colcon_core.verb Level 5 set package 'gps' build argument 'cmake_force_configure' from command line to 'False'
[0.355s] colcon.colcon_core.verb Level 5 set package 'gps' build argument 'ament_cmake_args' from command line to 'None'
[0.355s] colcon.colcon_core.verb Level 5 set package 'gps' build argument 'catkin_cmake_args' from command line to 'None'
[0.355s] colcon.colcon_core.verb Level 5 set package 'gps' build argument 'catkin_skip_building_tests' from command line to 'False'
[0.355s] colcon.colcon_core.verb DEBUG Building package 'gps' with the following arguments: {'ament_cmake_args': None, 'build_base': '/home/w/projects/projects/gps_ws/build/gps', 'catkin_cmake_args': None, 'catkin_skip_building_tests': False, 'cmake_args': None, 'cmake_clean_cache': False, 'cmake_clean_first': False, 'cmake_force_configure': False, 'cmake_target': None, 'cmake_target_skip_unavailable': False, 'install_base': '/home/w/projects/projects/gps_ws/install/gps', 'merge_install': False, 'path': '/home/w/projects/projects/gps_ws/src/gps', 'symlink_install': False, 'test_result_base': None}
[0.355s] colcon.colcon_core.executor INFO Executing jobs using 'parallel' executor
[0.357s] colcon.colcon_parallel_executor.executor.parallel DEBUG run_until_complete
[0.357s] colcon.colcon_ros.task.ament_cmake.build INFO Building ROS package in '/home/w/projects/projects/gps_ws/src/gps' with build type 'ament_cmake'
[0.357s] colcon.colcon_cmake.task.cmake.build INFO Building CMake package in '/home/w/projects/projects/gps_ws/src/gps'
[0.359s] colcon.colcon_core.plugin_system INFO Skipping extension 'colcon_core.shell.bat': Not used on non-Windows systems
[0.359s] colcon.colcon_core.shell INFO Skip shell extension 'powershell' for command environment: Not usable outside of PowerShell
[0.359s] colcon.colcon_core.shell DEBUG Skip shell extension 'dsv' for command environment
[0.374s] colcon.colcon_core.event_handler.log_command DEBUG Invoking command in '/home/w/projects/projects/gps_ws/build/gps': CMAKE_PREFIX_PATH=${CMAKE_PREFIX_PATH}:/opt/ros/humble /usr/bin/cmake --build /home/w/projects/projects/gps_ws/build/gps -- -j16 -l16
[7.858s] colcon.colcon_core.environment Level 1 create_environment_scripts_only(gps)
[7.859s] colcon.colcon_core.environment Level 1 checking '/home/w/projects/projects/gps_ws/install/gps' for CMake module files
[7.860s] colcon.colcon_core.environment Level 1 checking '/home/w/projects/projects/gps_ws/install/gps' for CMake config files
[7.860s] colcon.colcon_core.shell Level 1 create_environment_hook('gps', 'cmake_prefix_path')
[7.860s] colcon.colcon_core.shell INFO Creating environment hook '/home/w/projects/projects/gps_ws/install/gps/share/gps/hook/cmake_prefix_path.ps1'
[7.862s] colcon.colcon_core.shell INFO Creating environment descriptor '/home/w/projects/projects/gps_ws/install/gps/share/gps/hook/cmake_prefix_path.dsv'
[7.862s] colcon.colcon_core.shell INFO Creating environment hook '/home/w/projects/projects/gps_ws/install/gps/share/gps/hook/cmake_prefix_path.sh'
[7.860s] colcon.colcon_core.event_handler.log_command DEBUG Invoked command in '/home/w/projects/projects/gps_ws/build/gps' returned '2': CMAKE_PREFIX_PATH=${CMAKE_PREFIX_PATH}:/opt/ros/humble /usr/bin/cmake --build /home/w/projects/projects/gps_ws/build/gps -- -j16 -l16
[7.863s] colcon.colcon_core.environment Level 1 checking '/home/w/projects/projects/gps_ws/install/gps/lib'
[7.864s] colcon.colcon_core.environment Level 1 checking '/home/w/projects/projects/gps_ws/install/gps/bin'
[7.864s] colcon.colcon_core.environment Level 1 checking '/home/w/projects/projects/gps_ws/install/gps/lib/pkgconfig/gps.pc'
[7.864s] colcon.colcon_core.environment Level 1 checking '/home/w/projects/projects/gps_ws/install/gps/lib/python3.10/site-packages'
[7.865s] colcon.colcon_core.environment Level 1 checking '/home/w/projects/projects/gps_ws/install/gps/bin'
[7.865s] colcon.colcon_core.shell INFO Creating package script '/home/w/projects/projects/gps_ws/install/gps/share/gps/package.ps1'
[7.866s] colcon.colcon_core.shell INFO Creating package descriptor '/home/w/projects/projects/gps_ws/install/gps/share/gps/package.dsv'
[7.867s] colcon.colcon_core.shell INFO Creating package script '/home/w/projects/projects/gps_ws/install/gps/share/gps/package.sh'
[7.868s] colcon.colcon_core.shell INFO Creating package script '/home/w/projects/projects/gps_ws/install/gps/share/gps/package.bash'
[7.869s] colcon.colcon_core.shell INFO Creating package script '/home/w/projects/projects/gps_ws/install/gps/share/gps/package.zsh'
[7.870s] colcon.colcon_core.environment Level 1 create_file_with_runtime_dependencies(/home/w/projects/projects/gps_ws/install/gps/share/colcon-core/packages/gps)
[7.871s] colcon.colcon_parallel_executor.executor.parallel DEBUG closing loop
[7.872s] colcon.colcon_parallel_executor.executor.parallel DEBUG loop closed
[7.872s] colcon.colcon_parallel_executor.executor.parallel DEBUG run_until_complete finished with '2'
[7.872s] colcon.colcon_core.event_reactor DEBUG joining thread
[7.875s] colcon.colcon_core.plugin_system INFO Skipping extension 'colcon_notification.desktop_notification.terminal_notifier': Not used on non-Darwin systems
[7.876s] colcon.colcon_core.plugin_system INFO Skipping extension 'colcon_notification.desktop_notification.win32': Not used on non-Windows systems
[7.876s] colcon.colcon_notification.desktop_notification INFO Sending desktop notification using 'notify2'
[7.883s] colcon.colcon_core.event_reactor DEBUG joined thread
[7.883s] colcon.colcon_core.shell INFO Creating prefix script '/home/w/projects/projects/gps_ws/install/local_setup.ps1'
[7.884s] colcon.colcon_core.shell INFO Creating prefix util module '/home/w/projects/projects/gps_ws/install/_local_setup_util_ps1.py'
[7.885s] colcon.colcon_core.shell INFO Creating prefix chain script '/home/w/projects/projects/gps_ws/install/setup.ps1'
[7.886s] colcon.colcon_core.shell INFO Creating prefix script '/home/w/projects/projects/gps_ws/install/local_setup.sh'
[7.886s] colcon.colcon_core.shell INFO Creating prefix util module '/home/w/projects/projects/gps_ws/install/_local_setup_util_sh.py'
[7.887s] colcon.colcon_core.shell INFO Creating prefix chain script '/home/w/projects/projects/gps_ws/install/setup.sh'
[7.889s] colcon.colcon_core.shell INFO Creating prefix script '/home/w/projects/projects/gps_ws/install/local_setup.bash'
[7.890s] colcon.colcon_core.shell INFO Creating prefix chain script '/home/w/projects/projects/gps_ws/install/setup.bash'
[7.891s] colcon.colcon_core.shell INFO Creating prefix script '/home/w/projects/projects/gps_ws/install/local_setup.zsh'
[7.892s] colcon.colcon_core.shell INFO Creating prefix chain script '/home/w/projects/projects/gps_ws/install/setup.zsh'
