[0.007s] Invoking command in '/home/w/projects/projects/gps_ws/build/gps': CMAKE_PREFIX_PATH=${CMAKE_PREFIX_PATH}:/opt/ros/humble /usr/bin/cmake /home/w/projects/projects/gps_ws/src/gps -DCMAKE_INSTALL_PREFIX=/home/w/projects/projects/gps_ws/install/gps
[0.018s] [0mCMake Deprecation Warning at CMakeLists.txt:1 (cmake_minimum_required):
[0.018s]   Compatibility with CMake < 3.10 will be removed from a future version of
[0.018s]   CMake.
[0.018s] 
[0.018s]   Update the VERSION argument <min> value.  Or, use the <min>...<max> syntax
[0.018s]   to tell CMake that the project requires at least <min> but has been updated
[0.018s]   to work with policies introduced by <max> or earlier.
[0.018s] 
[0.018s] [0m
[0.087s] -- The C compiler identification is GNU 11.4.0
[0.155s] -- The CXX compiler identification is GNU 11.4.0
[0.166s] -- Detecting C compiler ABI info
[0.211s] -- Detecting C compiler ABI info - done
[0.221s] -- Check for working C compiler: /usr/bin/cc - skipped
[0.221s] -- Detecting C compile features
[0.221s] -- Detecting C compile features - done
[0.231s] -- Detecting CXX compiler ABI info
[0.280s] -- Detecting CXX compiler ABI info - done
[0.290s] -- Check for working CXX compiler: /usr/bin/c++ - skipped
[0.290s] -- Detecting CXX compile features
[0.290s] -- Detecting CXX compile features - done
[0.301s] -- Found ament_cmake: 1.3.12 (/opt/ros/humble/share/ament_cmake/cmake)
[0.413s] -- Found Python3: /usr/bin/python3 (found version "3.10.12") found components: Interpreter
[0.487s] -- Found rclcpp: 16.0.17 (/opt/ros/humble/share/rclcpp/cmake)
[0.528s] -- Found rosidl_generator_c: 3.1.8 (/opt/ros/humble/share/rosidl_generator_c/cmake)
[0.533s] -- Found rosidl_adapter: 3.1.8 (/opt/ros/humble/share/rosidl_adapter/cmake)
[0.542s] -- Found rosidl_generator_cpp: 3.1.8 (/opt/ros/humble/share/rosidl_generator_cpp/cmake)
[0.554s] -- Using all available rosidl_typesupport_c: rosidl_typesupport_fastrtps_c;rosidl_typesupport_introspection_c
[0.568s] -- Using all available rosidl_typesupport_cpp: rosidl_typesupport_fastrtps_cpp;rosidl_typesupport_introspection_cpp
[0.610s] -- Found rmw_implementation_cmake: 6.1.2 (/opt/ros/humble/share/rmw_implementation_cmake/cmake)
[0.612s] -- Found rmw_fastrtps_cpp: 6.2.9 (/opt/ros/humble/share/rmw_fastrtps_cpp/cmake)
[0.688s] -- Found OpenSSL: /usr/lib/x86_64-linux-gnu/libcrypto.so (found version "3.0.2")
[0.716s] -- Found FastRTPS: /opt/ros/humble/include
[0.750s] -- Using RMW implementation 'rmw_fastrtps_cpp' as default
[0.758s] -- Performing Test CMAKE_HAVE_LIBC_PTHREAD
[0.804s] -- Performing Test CMAKE_HAVE_LIBC_PTHREAD - Success
[0.804s] -- Found Threads: TRUE
[0.857s] -- Found tf2_msgs: 0.25.18 (/opt/ros/humble/share/tf2_msgs/cmake)
[0.912s] -- Found behaviortree_cpp: 4.9.0 (/usr/local/share/behaviortree_cpp/cmake)
[0.915s] -- Found ament_lint_auto: 0.12.14 (/opt/ros/humble/share/ament_lint_auto/cmake)
[0.976s] -- Added test 'cppcheck' to perform static code analysis on C / C++ code
[0.976s] -- Configured cppcheck include dirs: 
[0.976s] -- Configured cppcheck exclude dirs and/or files: 
[0.977s] -- Added test 'lint_cmake' to check CMake code style
[0.978s] -- Added test 'uncrustify' to check C / C++ code style
[0.978s] -- Configured uncrustify additional arguments: 
[0.979s] -- Added test 'xmllint' to check XML markup files
[0.980s] -- Configuring done (1.0s)
[0.989s] -- Generating done (0.0s)
[1.004s] -- Build files have been written to: /home/w/projects/projects/gps_ws/build/gps
[1.011s] Invoked command in '/home/w/projects/projects/gps_ws/build/gps' returned '0': CMAKE_PREFIX_PATH=${CMAKE_PREFIX_PATH}:/opt/ros/humble /usr/bin/cmake /home/w/projects/projects/gps_ws/src/gps -DCMAKE_INSTALL_PREFIX=/home/w/projects/projects/gps_ws/install/gps
[1.013s] Invoking command in '/home/w/projects/projects/gps_ws/build/gps': CMAKE_PREFIX_PATH=${CMAKE_PREFIX_PATH}:/opt/ros/humble /usr/bin/cmake --build /home/w/projects/projects/gps_ws/build/gps -- -j32 -l32
[1.034s] [ 50%] [32mBuilding CXX object CMakeFiles/gps_node.dir/src/gps_node.cpp.o[0m
[2.672s] [01m[K/home/w/projects/projects/gps_ws/src/gps/src/gps_node.cpp:[m[K In constructor ‘[01m[KSerial_1::Serial_1(const char&)[m[K’:
[2.672s] [01m[K/home/w/projects/projects/gps_ws/src/gps/src/gps_node.cpp:23:26:[m[K [01;35m[Kwarning: [m[Kunused parameter ‘[01m[Kmessage[m[K’ [[01;35m[K]8;;https://gcc.gnu.org/onlinedocs/gcc/Warning-Options.html#index-Wunused-parameter-Wunused-parameter]8;;[m[K]
[2.672s]    23 |     Serial_1([01;35m[Kconst char& message[m[K)
[2.672s]       |              [01;35m[K~~~~~~~~~~~~^~~~~~~[m[K
[6.301s] [100%] [1m[32mLinking CXX executable gps_node[0m
[6.580s] [100%] Built target gps_node
[6.584s] Invoked command in '/home/w/projects/projects/gps_ws/build/gps' returned '0': CMAKE_PREFIX_PATH=${CMAKE_PREFIX_PATH}:/opt/ros/humble /usr/bin/cmake --build /home/w/projects/projects/gps_ws/build/gps -- -j32 -l32
[6.589s] Invoking command in '/home/w/projects/projects/gps_ws/build/gps': CMAKE_PREFIX_PATH=${CMAKE_PREFIX_PATH}:/opt/ros/humble /usr/bin/cmake --install /home/w/projects/projects/gps_ws/build/gps
[6.591s] -- Install configuration: ""
[6.591s] -- Installing: /home/w/projects/projects/gps_ws/install/gps/lib/gps/gps_node
[6.594s] -- Set non-toolchain portion of runtime path of "/home/w/projects/projects/gps_ws/install/gps/lib/gps/gps_node" to ""
[6.594s] -- Installing: /home/w/projects/projects/gps_ws/install/gps/share/ament_index/resource_index/package_run_dependencies/gps
[6.595s] -- Installing: /home/w/projects/projects/gps_ws/install/gps/share/ament_index/resource_index/parent_prefix_path/gps
[6.595s] -- Installing: /home/w/projects/projects/gps_ws/install/gps/share/gps/environment/ament_prefix_path.sh
[6.595s] -- Installing: /home/w/projects/projects/gps_ws/install/gps/share/gps/environment/ament_prefix_path.dsv
[6.595s] -- Installing: /home/w/projects/projects/gps_ws/install/gps/share/gps/environment/path.sh
[6.595s] -- Installing: /home/w/projects/projects/gps_ws/install/gps/share/gps/environment/path.dsv
[6.595s] -- Installing: /home/w/projects/projects/gps_ws/install/gps/share/gps/local_setup.bash
[6.595s] -- Installing: /home/w/projects/projects/gps_ws/install/gps/share/gps/local_setup.sh
[6.595s] -- Installing: /home/w/projects/projects/gps_ws/install/gps/share/gps/local_setup.zsh
[6.595s] -- Installing: /home/w/projects/projects/gps_ws/install/gps/share/gps/local_setup.dsv
[6.595s] -- Installing: /home/w/projects/projects/gps_ws/install/gps/share/gps/package.dsv
[6.596s] -- Installing: /home/w/projects/projects/gps_ws/install/gps/share/ament_index/resource_index/packages/gps
[6.596s] -- Installing: /home/w/projects/projects/gps_ws/install/gps/share/gps/cmake/gpsConfig.cmake
[6.596s] -- Installing: /home/w/projects/projects/gps_ws/install/gps/share/gps/cmake/gpsConfig-version.cmake
[6.596s] -- Installing: /home/w/projects/projects/gps_ws/install/gps/share/gps/package.xml
[6.597s] Invoked command in '/home/w/projects/projects/gps_ws/build/gps' returned '0': CMAKE_PREFIX_PATH=${CMAKE_PREFIX_PATH}:/opt/ros/humble /usr/bin/cmake --install /home/w/projects/projects/gps_ws/build/gps
