[0.023s] Invoking command in '/home/w/projects/projects/gps_ws/build/gps': CMAKE_PREFIX_PATH=${CMAKE_PREFIX_PATH}:/opt/ros/humble /usr/bin/cmake --build /home/w/projects/projects/gps_ws/build/gps -- -j16 -l16
[0.068s] -- Found ament_cmake: 1.3.14 (/opt/ros/humble/share/ament_cmake/cmake)
[0.503s] -- Found rclcpp: 16.0.19 (/opt/ros/humble/share/rclcpp/cmake)
[0.613s] -- Found rosidl_generator_c: 3.1.8 (/opt/ros/humble/share/rosidl_generator_c/cmake)
[0.622s] -- Found rosidl_adapter: 3.1.8 (/opt/ros/humble/share/rosidl_adapter/cmake)
[0.633s] -- Found rosidl_generator_cpp: 3.1.8 (/opt/ros/humble/share/rosidl_generator_cpp/cmake)
[0.658s] -- Using all available rosidl_typesupport_c: rosidl_typesupport_fastrtps_c;rosidl_typesupport_introspection_c
[0.685s] -- Using all available rosidl_typesupport_cpp: rosidl_typesupport_fastrtps_cpp;rosidl_typesupport_introspection_cpp
[0.786s] -- Found rmw_implementation_cmake: 6.1.2 (/opt/ros/humble/share/rmw_implementation_cmake/cmake)
[0.788s] -- Found rmw_fastrtps_cpp: 6.2.10 (/opt/ros/humble/share/rmw_fastrtps_cpp/cmake)
[1.006s] -- Using RMW implementation 'rmw_fastrtps_cpp' as default
[1.160s] -- Found nav_msgs: 4.9.1 (/opt/ros/humble/share/nav_msgs/cmake)
[1.249s] -- Found sensor_msgs: 4.9.1 (/opt/ros/humble/share/sensor_msgs/cmake)
[1.282s] -- Found behaviortree_cpp: 4.9.0 (/opt/ros/humble/share/behaviortree_cpp/cmake)
[1.295s] -- Found ament_lint_auto: 0.12.15 (/opt/ros/humble/share/ament_lint_auto/cmake)
[1.434s] -- Added test 'cppcheck' to perform static code analysis on C / C++ code
[1.434s] -- Configured cppcheck include dirs: /home/w/projects/projects/gps_ws/src/gps/src/SerialPort
[1.434s] -- Configured cppcheck exclude dirs and/or files: 
[1.438s] -- Added test 'lint_cmake' to check CMake code style
[1.441s] -- Added test 'uncrustify' to check C / C++ code style
[1.441s] -- Configured uncrustify additional arguments: 
[1.442s] -- Added test 'xmllint' to check XML markup files
[1.451s] -- Configuring done (1.4s)
[1.492s] -- Generating done (0.0s)
[1.562s] -- Build files have been written to: /home/w/projects/projects/gps_ws/build/gps
[1.656s] [ 50%] Built target SerialPort
[1.713s] [ 75%] Building CXX object CMakeFiles/gps_node.dir/src/gps_node.cpp.o
[18.189s] [100%] Linking CXX executable gps_node
[19.215s] [100%] Built target gps_node
[19.233s] Invoked command in '/home/w/projects/projects/gps_ws/build/gps' returned '0': CMAKE_PREFIX_PATH=${CMAKE_PREFIX_PATH}:/opt/ros/humble /usr/bin/cmake --build /home/w/projects/projects/gps_ws/build/gps -- -j16 -l16
[19.243s] Invoking command in '/home/w/projects/projects/gps_ws/build/gps': CMAKE_PREFIX_PATH=${CMAKE_PREFIX_PATH}:/opt/ros/humble /usr/bin/cmake --install /home/w/projects/projects/gps_ws/build/gps
[19.250s] -- Install configuration: ""
[19.250s] -- Installing: /home/w/projects/projects/gps_ws/install/gps/lib/gps/gps_node
[19.261s] -- Set non-toolchain portion of runtime path of "/home/w/projects/projects/gps_ws/install/gps/lib/gps/gps_node" to ""
[19.261s] -- Up-to-date: /home/w/projects/projects/gps_ws/install/gps/share/gps/tree.xml
[19.261s] -- Installing: /home/w/projects/projects/gps_ws/install/gps/share/ament_index/resource_index/package_run_dependencies/gps
[19.264s] -- Up-to-date: /home/w/projects/projects/gps_ws/install/gps/share/ament_index/resource_index/parent_prefix_path/gps
[19.265s] -- Up-to-date: /home/w/projects/projects/gps_ws/install/gps/share/gps/environment/ament_prefix_path.sh
[19.265s] -- Installing: /home/w/projects/projects/gps_ws/install/gps/share/gps/environment/ament_prefix_path.dsv
[19.265s] -- Up-to-date: /home/w/projects/projects/gps_ws/install/gps/share/gps/environment/path.sh
[19.265s] -- Installing: /home/w/projects/projects/gps_ws/install/gps/share/gps/environment/path.dsv
[19.265s] -- Up-to-date: /home/w/projects/projects/gps_ws/install/gps/share/gps/local_setup.bash
[19.265s] -- Up-to-date: /home/w/projects/projects/gps_ws/install/gps/share/gps/local_setup.sh
[19.265s] -- Up-to-date: /home/w/projects/projects/gps_ws/install/gps/share/gps/local_setup.zsh
[19.265s] -- Installing: /home/w/projects/projects/gps_ws/install/gps/share/gps/local_setup.dsv
[19.265s] -- Installing: /home/w/projects/projects/gps_ws/install/gps/share/gps/package.dsv
[19.265s] -- Up-to-date: /home/w/projects/projects/gps_ws/install/gps/share/ament_index/resource_index/packages/gps
[19.265s] -- Up-to-date: /home/w/projects/projects/gps_ws/install/gps/share/gps/cmake/gpsConfig.cmake
[19.266s] -- Up-to-date: /home/w/projects/projects/gps_ws/install/gps/share/gps/cmake/gpsConfig-version.cmake
[19.266s] -- Installing: /home/w/projects/projects/gps_ws/install/gps/share/gps/package.xml
[19.266s] Invoked command in '/home/w/projects/projects/gps_ws/build/gps' returned '0': CMAKE_PREFIX_PATH=${CMAKE_PREFIX_PATH}:/opt/ros/humble /usr/bin/cmake --install /home/w/projects/projects/gps_ws/build/gps
