[0.024s] Invoking command in '/home/w/projects/projects/gps_ws/build/gps': CMAKE_PREFIX_PATH=${CMAKE_PREFIX_PATH}:/opt/ros/humble /usr/bin/cmake --build /home/w/projects/projects/gps_ws/build/gps -- -j16 -l16
[0.084s] [ 50%] Built target SerialPort
[0.115s] [ 75%] Building CXX object CMakeFiles/gps_node.dir/src/gps_node.cpp.o
[3.750s] /home/w/projects/projects/gps_ws/src/gps/src/gps_node.cpp:306:34: error: invalid use of incomplete type ‘class TimedVelocityAction’
[3.750s]   306 | class MoveForward final : public TimedVelocityAction
[3.750s]       |                                  ^~~~~~~~~~~~~~~~~~~
[3.750s] /home/w/projects/projects/gps_ws/src/gps/src/gps_node.cpp:169:7: note: definition of ‘class TimedVelocityAction’ is not complete until the closing brace
[3.750s]   169 | class TimedVelocityAction : public BT::StatefulActionNode
[3.750s]       |       ^~~~~~~~~~~~~~~~~~~
[3.751s] /home/w/projects/projects/gps_ws/src/gps/src/gps_node.cpp:317:31: error: invalid use of incomplete type ‘class TimedVelocityAction’
[3.751s]   317 | class TurnLeft final : public TimedVelocityAction
[3.751s]       |                               ^~~~~~~~~~~~~~~~~~~
[3.751s] /home/w/projects/projects/gps_ws/src/gps/src/gps_node.cpp:169:7: note: definition of ‘class TimedVelocityAction’ is not complete until the closing brace
[3.751s]   169 | class TimedVelocityAction : public BT::StatefulActionNode
[3.751s]       |       ^~~~~~~~~~~~~~~~~~~
[3.751s] /home/w/projects/projects/gps_ws/src/gps/src/gps_node.cpp:403:5: error: ISO C++ forbids declaration of ‘stopRobot’ with no type [-fpermissive]
[3.751s]   403 |     stopRobot();
[3.751s]       |     ^~~~~~~~~
[3.751s] In file included from /opt/ros/humble/include/rclcpp/rclcpp/client.hpp:40,
[3.751s]                  from /opt/ros/humble/include/rclcpp/rclcpp/callback_group.hpp:24,
[3.751s]                  from /opt/ros/humble/include/rclcpp/rclcpp/any_executable.hpp:20,
[3.751s]                  from /opt/ros/humble/include/rclcpp/rclcpp/memory_strategy.hpp:25,
[3.751s]                  from /opt/ros/humble/include/rclcpp/rclcpp/memory_strategies.hpp:18,
[3.751s]                  from /opt/ros/humble/include/rclcpp/rclcpp/executor_options.hpp:20,
[3.751s]                  from /opt/ros/humble/include/rclcpp/rclcpp/executor.hpp:37,
[3.751s]                  from /opt/ros/humble/include/rclcpp/rclcpp/executors/multi_threaded_executor.hpp:25,
[3.751s]                  from /opt/ros/humble/include/rclcpp/rclcpp/executors.hpp:21,
[3.751s]                  from /opt/ros/humble/include/rclcpp/rclcpp/rclcpp.hpp:155,
[3.751s]                  from /home/w/projects/projects/gps_ws/src/gps/src/gps_node.cpp:3:
[3.751s] /home/w/projects/projects/gps_ws/src/gps/src/gps_node.cpp:404:5: error: expected unqualified-id before ‘do’
[3.751s]   404 |     RCLCPP_INFO(context_->logger, "[%s] completed", name().c_str());
[3.751s]       |     ^~~~~~~~~~~
[3.752s] /home/w/projects/projects/gps_ws/src/gps/src/gps_node.cpp:404:5: error: expected unqualified-id before ‘while’
[3.752s]   404 |     RCLCPP_INFO(context_->logger, "[%s] completed", name().c_str());
[3.752s]       |     ^~~~~~~~~~~
[3.752s] /home/w/projects/projects/gps_ws/src/gps/src/gps_node.cpp:405:5: error: expected unqualified-id before ‘return’
[3.752s]   405 |     return BT::NodeStatus::SUCCESS;
[3.752s]       |     ^~~~~~
[3.752s] /home/w/projects/projects/gps_ws/src/gps/src/gps_node.cpp:328:20: error: ‘BT::NodeStatus TimedVelocityAction::TurnLeft::onRunning()’ marked ‘override’, but does not override
[3.752s]   328 |     BT::NodeStatus onRunning() override
[3.752s]       |                    ^~~~~~~~~
[3.752s] /home/w/projects/projects/gps_ws/src/gps/src/gps_node.cpp:409:32: error: invalid use of incomplete type ‘class TimedVelocityAction’
[3.752s]   409 | class TurnRight final : public TimedVelocityAction
[3.752s]       |                                ^~~~~~~~~~~~~~~~~~~
[3.752s] /home/w/projects/projects/gps_ws/src/gps/src/gps_node.cpp:169:7: note: definition of ‘class TimedVelocityAction’ is not complete until the closing brace
[3.752s]   169 | class TimedVelocityAction : public BT::StatefulActionNode
[3.752s]       |       ^~~~~~~~~~~~~~~~~~~
[3.752s] /home/w/projects/projects/gps_ws/src/gps/src/gps_node.cpp:426:37: error: invalid use of incomplete type ‘class TimedVelocityAction’
[3.752s]   426 |  class JudgePosition final : public TimedVelocityAction
[3.752s]       |                                     ^~~~~~~~~~~~~~~~~~~
[3.752s] /home/w/projects/projects/gps_ws/src/gps/src/gps_node.cpp:169:7: note: definition of ‘class TimedVelocityAction’ is not complete until the closing brace
[3.752s]   169 | class TimedVelocityAction : public BT::StatefulActionNode
[3.752s]       |       ^~~~~~~~~~~~~~~~~~~
[3.752s] /home/w/projects/projects/gps_ws/src/gps/src/gps_node.cpp:647:2: error: expected ‘}’ at end of input
[3.752s]   647 | }
[3.752s]       |  ^
[3.752s] /home/w/projects/projects/gps_ws/src/gps/src/gps_node.cpp:170:1: note: to match this ‘{’
[3.752s]   170 | {
[3.753s]       | ^
[3.755s] /home/w/projects/projects/gps_ws/src/gps/src/gps_node.cpp: In constructor ‘TimedVelocityAction::TimedVelocityAction(const string&, const BT::NodeConfig&, std::shared_ptr<AppContext>, Pose2D)’:
[3.756s] /home/w/projects/projects/gps_ws/src/gps/src/gps_node.cpp:177:11: error: class ‘TimedVelocityAction’ does not have any field named ‘context_’
[3.756s]   177 |           context_(std::move(context)),
[3.756s]       |           ^~~~~~~~
[3.756s] /home/w/projects/projects/gps_ws/src/gps/src/gps_node.cpp:178:11: error: class ‘TimedVelocityAction’ does not have any field named ‘command_’
[3.756s]   178 |           command_(command)
[3.756s]       |           ^~~~~~~~
[3.759s] /home/w/projects/projects/gps_ws/src/gps/src/gps_node.cpp: In member function ‘virtual BT::NodeStatus TimedVelocityAction::onStart()’:
[3.760s] /home/w/projects/projects/gps_ws/src/gps/src/gps_node.cpp:191:14: error: ‘context_’ was not declared in this scope; did you mean ‘ucontext_t’?
[3.760s]   191 |         if (!context_ || !context_->motion_port)
[3.760s]       |              ^~~~~~~~
[3.760s]       |              ucontext_t
[3.765s] /home/w/projects/projects/gps_ws/src/gps/src/gps_node.cpp:207:9: error: ‘deadline_’ was not declared in this scope; did you mean ‘readlink’?
[3.765s]   207 |         deadline_ = chr::steady_clock::now() + chr::milliseconds(duration_ms);
[3.765s]       |         ^~~~~~~~~
[3.765s]       |         readlink
[3.770s] /home/w/projects/projects/gps_ws/src/gps/src/gps_node.cpp:209:26: error: ‘command_’ was not declared in this scope
[3.770s]   209 |         if (!sendCommand(command_))
[3.770s]       |                          ^~~~~~~~
[3.776s] /home/w/projects/projects/gps_ws/src/gps/src/gps_node.cpp:209:14: error: ‘sendCommand’ was not declared in this scope
[3.776s]   209 |         if (!sendCommand(command_))
[3.776s]       |              ^~~~~~~~~~~
[3.788s] In file included from /opt/ros/humble/include/rclcpp/rclcpp/client.hpp:40,
[3.788s]                  from /opt/ros/humble/include/rclcpp/rclcpp/callback_group.hpp:24,
[3.788s]                  from /opt/ros/humble/include/rclcpp/rclcpp/any_executable.hpp:20,
[3.788s]                  from /opt/ros/humble/include/rclcpp/rclcpp/memory_strategy.hpp:25,
[3.788s]                  from /opt/ros/humble/include/rclcpp/rclcpp/memory_strategies.hpp:18,
[3.788s]                  from /opt/ros/humble/include/rclcpp/rclcpp/executor_options.hpp:20,
[3.788s]                  from /opt/ros/humble/include/rclcpp/rclcpp/executor.hpp:37,
[3.788s]                  from /opt/ros/humble/include/rclcpp/rclcpp/executors/multi_threaded_executor.hpp:25,
[3.788s]                  from /opt/ros/humble/include/rclcpp/rclcpp/executors.hpp:21,
[3.788s]                  from /opt/ros/humble/include/rclcpp/rclcpp/rclcpp.hpp:155,
[3.788s]                  from /home/w/projects/projects/gps_ws/src/gps/src/gps_node.cpp:3:
[3.788s] /home/w/projects/projects/gps_ws/src/gps/src/gps_node.cpp:212:17: error: ‘context_’ was not declared in this scope; did you mean ‘ucontext_t’?
[3.788s]   212 |                 context_->logger,
[3.788s]       |                 ^~~~~~~~
[3.788s] /home/w/projects/projects/gps_ws/src/gps/src/gps_node.cpp:211:13: error: template argument 1 is invalid
[3.788s]   211 |             RCLCPP_ERROR(
[3.788s]       |             ^~~~~~~~~~~~
[3.798s] /home/w/projects/projects/gps_ws/src/gps/src/gps_node.cpp:220:13: error: ‘context_’ was not declared in this scope; did you mean ‘ucontext_t’?
[3.798s]   220 |             context_->logger,
[3.798s]       |             ^~~~~~~~
[3.801s] /home/w/projects/projects/gps_ws/src/gps/src/gps_node.cpp:219:9: error: template argument 1 is invalid
[3.801s]   219 |         RCLCPP_INFO(
[3.801s]       |         ^~~~~~~~~~~
[3.807s] /home/w/projects/projects/gps_ws/src/gps/src/gps_node.cpp:230:13: error: ‘context_’ was not declared in this scope; did you mean ‘ucontext_t’?
[3.807s]   230 |             context_->logger,
[3.807s]       |             ^~~~~~~~
[3.807s] /home/w/projects/projects/gps_ws/src/gps/src/gps_node.cpp:229:9: error: template argument 1 is invalid
[3.807s]   229 |         RCLCPP_INFO(
[3.807s]       |         ^~~~~~~~~~~
[3.814s] In file included from /opt/ros/humble/include/rclcpp/rclcpp/logging.hpp:24,
[3.814s]                  from /opt/ros/humble/include/rclcpp/rclcpp/client.hpp:40,
[3.814s]                  from /opt/ros/humble/include/rclcpp/rclcpp/callback_group.hpp:24,
[3.814s]                  from /opt/ros/humble/include/rclcpp/rclcpp/any_executable.hpp:20,
[3.814s]                  from /opt/ros/humble/include/rclcpp/rclcpp/memory_strategy.hpp:25,
[3.814s]                  from /opt/ros/humble/include/rclcpp/rclcpp/memory_strategies.hpp:18,
[3.814s]                  from /opt/ros/humble/include/rclcpp/rclcpp/executor_options.hpp:20,
[3.814s]                  from /opt/ros/humble/include/rclcpp/rclcpp/executor.hpp:37,
[3.814s]                  from /opt/ros/humble/include/rclcpp/rclcpp/executors/multi_threaded_executor.hpp:25,
[3.814s]                  from /opt/ros/humble/include/rclcpp/rclcpp/executors.hpp:21,
[3.814s]                  from /opt/ros/humble/include/rclcpp/rclcpp/rclcpp.hpp:155,
[3.814s]                  from /home/w/projects/projects/gps_ws/src/gps/src/gps_node.cpp:3:
[3.814s] /home/w/projects/projects/gps_ws/src/gps/src/gps_node.cpp:233:13: error: ‘command_’ was not declared in this scope
[3.814s]   233 |             command_.x,
[3.815s]       |             ^~~~~~~~
[3.823s] /home/w/projects/projects/gps_ws/src/gps/src/gps_node.cpp: In member function ‘virtual BT::NodeStatus TimedVelocityAction::onRunning()’:
[3.823s] /home/w/projects/projects/gps_ws/src/gps/src/gps_node.cpp:242:40: error: ‘deadline_’ was not declared in this scope; did you mean ‘readlink’?
[3.823s]   242 |         if (chr::steady_clock::now() < deadline_)
[3.823s]       |                                        ^~~~~~~~~
[3.823s]       |                                        readlink
[3.825s] In file included from /opt/ros/humble/include/rclcpp/rclcpp/client.hpp:40,
[3.825s]                  from /opt/ros/humble/include/rclcpp/rclcpp/callback_group.hpp:24,
[3.825s]                  from /opt/ros/humble/include/rclcpp/rclcpp/any_executable.hpp:20,
[3.825s]                  from /opt/ros/humble/include/rclcpp/rclcpp/memory_strategy.hpp:25,
[3.825s]                  from /opt/ros/humble/include/rclcpp/rclcpp/memory_strategies.hpp:18,
[3.825s]                  from /opt/ros/humble/include/rclcpp/rclcpp/executor_options.hpp:20,
[3.825s]                  from /opt/ros/humble/include/rclcpp/rclcpp/executor.hpp:37,
[3.825s]                  from /opt/ros/humble/include/rclcpp/rclcpp/executors/multi_threaded_executor.hpp:25,
[3.825s]                  from /opt/ros/humble/include/rclcpp/rclcpp/executors.hpp:21,
[3.825s]                  from /opt/ros/humble/include/rclcpp/rclcpp/rclcpp.hpp:155,
[3.826s]                  from /home/w/projects/projects/gps_ws/src/gps/src/gps_node.cpp:3:
[3.826s] /home/w/projects/projects/gps_ws/src/gps/src/gps_node.cpp:247:21: error: ‘context_’ was not declared in this scope; did you mean ‘ucontext_t’?
[3.826s]   247 |                     context_->logger,
[3.826s]       |                     ^~~~~~~~
[3.826s] /home/w/projects/projects/gps_ws/src/gps/src/gps_node.cpp:246:17: error: template argument 1 is invalid
[3.826s]   246 |                 RCLCPP_DEBUG(
[3.826s]       |                 ^~~~~~~~~~~~
[3.831s] /home/w/projects/projects/gps_ws/src/gps/src/gps_node.cpp:253:34: error: ‘command_’ was not declared in this scope
[3.831s]   253 |                 if (!sendCommand(command_))
[3.831s]       |                                  ^~~~~~~~
[3.840s] /home/w/projects/projects/gps_ws/src/gps/src/gps_node.cpp:253:22: error: ‘sendCommand’ was not declared in this scope
[3.840s]   253 |                 if (!sendCommand(command_))
[3.840s]       |                      ^~~~~~~~~~~
[3.854s] In file included from /opt/ros/humble/include/rclcpp/rclcpp/client.hpp:40,
[3.854s]                  from /opt/ros/humble/include/rclcpp/rclcpp/callback_group.hpp:24,
[3.854s]                  from /opt/ros/humble/include/rclcpp/rclcpp/any_executable.hpp:20,
[3.854s]                  from /opt/ros/humble/include/rclcpp/rclcpp/memory_strategy.hpp:25,
[3.854s]                  from /opt/ros/humble/include/rclcpp/rclcpp/memory_strategies.hpp:18,
[3.854s]                  from /opt/ros/humble/include/rclcpp/rclcpp/executor_options.hpp:20,
[3.854s]                  from /opt/ros/humble/include/rclcpp/rclcpp/executor.hpp:37,
[3.854s]                  from /opt/ros/humble/include/rclcpp/rclcpp/executors/multi_threaded_executor.hpp:25,
[3.854s]                  from /opt/ros/humble/include/rclcpp/rclcpp/executors.hpp:21,
[3.854s]                  from /opt/ros/humble/include/rclcpp/rclcpp/rclcpp.hpp:155,
[3.854s]                  from /home/w/projects/projects/gps_ws/src/gps/src/gps_node.cpp:3:
[3.854s] /home/w/projects/projects/gps_ws/src/gps/src/gps_node.cpp:256:25: error: ‘context_’ was not declared in this scope; did you mean ‘ucontext_t’?
[3.854s]   256 |                         context_->logger,
[3.854s]       |                         ^~~~~~~~
[3.854s] /home/w/projects/projects/gps_ws/src/gps/src/gps_node.cpp:255:21: error: template argument 1 is invalid
[3.854s]   255 |                     RCLCPP_ERROR(
[3.854s]       |                     ^~~~~~~~~~~~
[3.867s] /home/w/projects/projects/gps_ws/src/gps/src/gps_node.cpp:260:17: error: ‘stopRobot’ was not declared in this scope
[3.867s]   260 |                 stopRobot();
[3.867s]       |                 ^~~~~~~~~
[3.873s] /home/w/projects/projects/gps_ws/src/gps/src/gps_node.cpp:267:9: error: ‘stopRobot’ was not declared in this scope
[3.873s]   267 |         stopRobot();
[3.873s]       |         ^~~~~~~~~
[3.883s] In file included from /opt/ros/humble/include/rclcpp/rclcpp/client.hpp:40,
[3.883s]                  from /opt/ros/humble/include/rclcpp/rclcpp/callback_group.hpp:24,
[3.883s]                  from /opt/ros/humble/include/rclcpp/rclcpp/any_executable.hpp:20,
[3.883s]                  from /opt/ros/humble/include/rclcpp/rclcpp/memory_strategy.hpp:25,
[3.883s]                  from /opt/ros/humble/include/rclcpp/rclcpp/memory_strategies.hpp:18,
[3.883s]                  from /opt/ros/humble/include/rclcpp/rclcpp/executor_options.hpp:20,
[3.884s]                  from /opt/ros/humble/include/rclcpp/rclcpp/executor.hpp:37,
[3.884s]                  from /opt/ros/humble/include/rclcpp/rclcpp/executors/multi_threaded_executor.hpp:25,
[3.884s]                  from /opt/ros/humble/include/rclcpp/rclcpp/executors.hpp:21,
[3.884s]                  from /opt/ros/humble/include/rclcpp/rclcpp/rclcpp.hpp:155,
[3.884s]                  from /home/w/projects/projects/gps_ws/src/gps/src/gps_node.cpp:3:
[3.884s] /home/w/projects/projects/gps_ws/src/gps/src/gps_node.cpp:268:21: error: ‘context_’ was not declared in this scope; did you mean ‘ucontext_t’?
[3.884s]   268 |         RCLCPP_INFO(context_->logger, "[%s] completed", name().c_str());
[3.884s]       |                     ^~~~~~~~
[3.884s] /home/w/projects/projects/gps_ws/src/gps/src/gps_node.cpp:268:9: error: template argument 1 is invalid
[3.884s]   268 |         RCLCPP_INFO(context_->logger, "[%s] completed", name().c_str());
[3.885s]       |         ^~~~~~~~~~~
[3.885s] /home/w/projects/projects/gps_ws/src/gps/src/gps_node.cpp:273:5: error: a function-definition is not allowed here before ‘{’ token
[3.885s]   273 |     {
[3.885s]       |     ^
[3.885s] /home/w/projects/projects/gps_ws/src/gps/src/gps_node.cpp:281:1: error: expected primary-expression before ‘protected’
[3.885s]   281 | protected:
[3.885s]       | ^~~~~~~~~
[3.885s] /home/w/projects/projects/gps_ws/src/gps/src/gps_node.cpp:288:5: error: a function-definition is not allowed here before ‘{’ token
[3.885s]   288 |     {
[3.885s]       |     ^
[3.886s] /home/w/projects/projects/gps_ws/src/gps/src/gps_node.cpp:300:1: error: expected primary-expression before ‘private’
[3.886s]   300 | private:
[3.886s]       | ^~~~~~~
[3.887s] /home/w/projects/projects/gps_ws/src/gps/src/gps_node.cpp: In constructor ‘TimedVelocityAction::MoveForward::MoveForward(const string&, const BT::NodeConfig&, std::shared_ptr<AppContext>)’:
[3.887s] /home/w/projects/projects/gps_ws/src/gps/src/gps_node.cpp:313:11: error: type ‘TimedVelocityAction’ is not a direct base of ‘TimedVelocityAction::MoveForward’
[3.887s]   313 |         : TimedVelocityAction(name, config, std::move(context), Pose2D{0x0f, 1, 0, 0})
[3.887s]       |           ^~~~~~~~~~~~~~~~~~~
[3.888s] /home/w/projects/projects/gps_ws/src/gps/src/gps_node.cpp: In constructor ‘TimedVelocityAction::TurnLeft::TurnLeft(const string&, const BT::NodeConfig&, std::shared_ptr<AppContext>)’:
[3.888s] /home/w/projects/projects/gps_ws/src/gps/src/gps_node.cpp:324:11: error: type ‘TimedVelocityAction’ is not a direct base of ‘TimedVelocityAction::TurnLeft’
[3.888s]   324 |         : TimedVelocityAction(name, config, std::move(context), Pose2D{0x0f, 0, 0, 1})
[3.888s]       |           ^~~~~~~~~~~~~~~~~~~
[3.893s] /home/w/projects/projects/gps_ws/src/gps/src/gps_node.cpp: In member function ‘BT::NodeStatus TimedVelocityAction::TurnLeft::onRunning()’:
[3.893s] /home/w/projects/projects/gps_ws/src/gps/src/gps_node.cpp:330:39: error: ‘deadline_’ was not declared in this scope; did you mean ‘readlink’?
[3.893s]   330 |         if(chr::steady_clock::now() < deadline_)
[3.893s]       |                                       ^~~~~~~~~
[3.893s]       |                                       readlink
[3.893s] /home/w/projects/projects/gps_ws/src/gps/src/gps_node.cpp:334:72: error: too many initializers for ‘Pose2D’
[3.893s]   334 |                 Pose2D start_command {0x0f,0, 0 ,3 ,nullptr   , nullptr};
[3.893s]       |                                                                        ^
[3.900s] /home/w/projects/projects/gps_ws/src/gps/src/gps_node.cpp:335:22: error: ‘sendCommand’ was not declared in this scope
[3.900s]   335 |                 if (!sendCommand(start_command))
[3.900s]       |                      ^~~~~~~~~~~
[3.905s] In file included from /opt/ros/humble/include/rclcpp/rclcpp/client.hpp:40,
[3.905s]                  from /opt/ros/humble/include/rclcpp/rclcpp/callback_group.hpp:24,
[3.906s]                  from /opt/ros/humble/include/rclcpp/rclcpp/any_executable.hpp:20,
[3.906s]                  from /opt/ros/humble/include/rclcpp/rclcpp/memory_strategy.hpp:25,
[3.906s]                  from /opt/ros/humble/include/rclcpp/rclcpp/memory_strategies.hpp:18,
[3.906s]                  from /opt/ros/humble/include/rclcpp/rclcpp/executor_options.hpp:20,
[3.906s]                  from /opt/ros/humble/include/rclcpp/rclcpp/executor.hpp:37,
[3.906s]                  from /opt/ros/humble/include/rclcpp/rclcpp/executors/multi_threaded_executor.hpp:25,
[3.906s]                  from /opt/ros/humble/include/rclcpp/rclcpp/executors.hpp:21,
[3.906s]                  from /opt/ros/humble/include/rclcpp/rclcpp/rclcpp.hpp:155,
[3.906s]                  from /home/w/projects/projects/gps_ws/src/gps/src/gps_node.cpp:3:
[3.906s] /home/w/projects/projects/gps_ws/src/gps/src/gps_node.cpp:338:25: error: ‘context_’ was not declared in this scope; did you mean ‘ucontext_t’?
[3.906s]   338 |                         context_->logger,
[3.906s]       |                         ^~~~~~~~
[3.911s] /home/w/projects/projects/gps_ws/src/gps/src/gps_node.cpp:337:21: error: template argument 1 is invalid
[3.911s]   337 |                     RCLCPP_ERROR(
[3.911s]       |                     ^~~~~~~~~~~~
[3.911s] In file included from /opt/ros/humble/include/rclcpp/rclcpp/logging.hpp:24,
[3.911s]                  from /opt/ros/humble/include/rclcpp/rclcpp/client.hpp:40,
[3.911s]                  from /opt/ros/humble/include/rclcpp/rclcpp/callback_group.hpp:24,
[3.911s]                  from /opt/ros/humble/include/rclcpp/rclcpp/any_executable.hpp:20,
[3.911s]                  from /opt/ros/humble/include/rclcpp/rclcpp/memory_strategy.hpp:25,
[3.911s]                  from /opt/ros/humble/include/rclcpp/rclcpp/memory_strategies.hpp:18,
[3.911s]                  from /opt/ros/humble/include/rclcpp/rclcpp/executor_options.hpp:20,
[3.911s]                  from /opt/ros/humble/include/rclcpp/rclcpp/executor.hpp:37,
[3.911s]                  from /opt/ros/humble/include/rclcpp/rclcpp/executors/multi_threaded_executor.hpp:25,
[3.911s]                  from /opt/ros/humble/include/rclcpp/rclcpp/executors.hpp:21,
[3.911s]                  from /opt/ros/humble/include/rclcpp/rclcpp/rclcpp.hpp:155,
[3.911s]                  from /home/w/projects/projects/gps_ws/src/gps/src/gps_node.cpp:3:
[3.911s] /home/w/projects/projects/gps_ws/src/gps/src/gps_node.cpp:340:29: error: cannot call member function ‘const string& BT::TreeNode::name() const’ without object
[3.911s]   340 |                         name().c_str(),
[3.911s]       |                         ~~~~^~
[3.919s] In file included from /opt/ros/humble/include/rclcpp/rclcpp/client.hpp:40,
[3.919s]                  from /opt/ros/humble/include/rclcpp/rclcpp/callback_group.hpp:24,
[3.919s]                  from /opt/ros/humble/include/rclcpp/rclcpp/any_executable.hpp:20,
[3.919s]                  from /opt/ros/humble/include/rclcpp/rclcpp/memory_strategy.hpp:25,
[3.920s]                  from /opt/ros/humble/include/rclcpp/rclcpp/memory_strategies.hpp:18,
[3.920s]                  from /opt/ros/humble/include/rclcpp/rclcpp/executor_options.hpp:20,
[3.920s]                  from /opt/ros/humble/include/rclcpp/rclcpp/executor.hpp:37,
[3.920s]                  from /opt/ros/humble/include/rclcpp/rclcpp/executors/multi_threaded_executor.hpp:25,
[3.920s]                  from /opt/ros/humble/include/rclcpp/rclcpp/executors.hpp:21,
[3.920s]                  from /opt/ros/humble/include/rclcpp/rclcpp/rclcpp.hpp:155,
[3.920s]                  from /home/w/projects/projects/gps_ws/src/gps/src/gps_node.cpp:3:
[3.920s] /home/w/projects/projects/gps_ws/src/gps/src/gps_node.cpp:345:21: error: ‘context_’ was not declared in this scope; did you mean ‘ucontext_t’?
[3.920s]   345 |                     context_->logger,
[3.920s]       |                     ^~~~~~~~
[3.924s] /home/w/projects/projects/gps_ws/src/gps/src/gps_node.cpp:344:17: error: template argument 1 is invalid
[3.925s]   344 |                 RCLCPP_DEBUG(
[3.925s]       |                 ^~~~~~~~~~~~
[3.926s] In file included from /opt/ros/humble/include/rclcpp/rclcpp/logging.hpp:24,
[3.927s]                  from /opt/ros/humble/include/rclcpp/rclcpp/client.hpp:40,
[3.928s]                  from /opt/ros/humble/include/rclcpp/rclcpp/callback_group.hpp:24,
[3.928s]                  from /opt/ros/humble/include/rclcpp/rclcpp/any_executable.hpp:20,
[3.928s]                  from /opt/ros/humble/include/rclcpp/rclcpp/memory_strategy.hpp:25,
[3.928s]                  from /opt/ros/humble/include/rclcpp/rclcpp/memory_strategies.hpp:18,
[3.928s]                  from /opt/ros/humble/include/rclcpp/rclcpp/executor_options.hpp:20,
[3.928s]                  from /opt/ros/humble/include/rclcpp/rclcpp/executor.hpp:37,
[3.928s]                  from /opt/ros/humble/include/rclcpp/rclcpp/executors/multi_threaded_executor.hpp:25,
[3.928s]                  from /opt/ros/humble/include/rclcpp/rclcpp/executors.hpp:21,
[3.928s]                  from /opt/ros/humble/include/rclcpp/rclcpp/rclcpp.hpp:155,
[3.928s]                  from /home/w/projects/projects/gps_ws/src/gps/src/gps_node.cpp:3:
[3.928s] /home/w/projects/projects/gps_ws/src/gps/src/gps_node.cpp:347:25: error: cannot call member function ‘const string& BT::TreeNode::name() const’ without object
[3.928s]   347 |                     name().c_str(),
[3.928s]       |                     ~~~~^~
[3.935s] /home/w/projects/projects/gps_ws/src/gps/src/gps_node.cpp:355:34: error: ‘commend_’ was not declared in this scope
[3.935s]   355 |                 if (!sendCommand(commend_))
[3.936s]       |                                  ^~~~~~~~
[3.944s] /home/w/projects/projects/gps_ws/src/gps/src/gps_node.cpp:355:22: error: ‘sendCommand’ was not declared in this scope
[3.944s]   355 |                 if (!sendCommand(commend_))
[3.944s]       |                      ^~~~~~~~~~~
[3.948s] In file included from /opt/ros/humble/include/rclcpp/rclcpp/client.hpp:40,
[3.948s]                  from /opt/ros/humble/include/rclcpp/rclcpp/callback_group.hpp:24,
[3.948s]                  from /opt/ros/humble/include/rclcpp/rclcpp/any_executable.hpp:20,
[3.948s]                  from /opt/ros/humble/include/rclcpp/rclcpp/memory_strategy.hpp:25,
[3.948s]                  from /opt/ros/humble/include/rclcpp/rclcpp/memory_strategies.hpp:18,
[3.948s]                  from /opt/ros/humble/include/rclcpp/rclcpp/executor_options.hpp:20,
[3.948s]                  from /opt/ros/humble/include/rclcpp/rclcpp/executor.hpp:37,
[3.948s]                  from /opt/ros/humble/include/rclcpp/rclcpp/executors/multi_threaded_executor.hpp:25,
[3.948s]                  from /opt/ros/humble/include/rclcpp/rclcpp/executors.hpp:21,
[3.948s]                  from /opt/ros/humble/include/rclcpp/rclcpp/rclcpp.hpp:155,
[3.948s]                  from /home/w/projects/projects/gps_ws/src/gps/src/gps_node.cpp:3:
[3.948s] /home/w/projects/projects/gps_ws/src/gps/src/gps_node.cpp:358:25: error: ‘context_’ was not declared in this scope; did you mean ‘ucontext_t’?
[3.948s]   358 |                         context_->logger,
[3.948s]       |                         ^~~~~~~~
[3.952s] /home/w/projects/projects/gps_ws/src/gps/src/gps_node.cpp:357:21: error: template argument 1 is invalid
[3.952s]   357 |                     RCLCPP_ERROR(
[3.952s]       |                     ^~~~~~~~~~~~
[3.952s] In file included from /opt/ros/humble/include/rclcpp/rclcpp/logging.hpp:24,
[3.952s]                  from /opt/ros/humble/include/rclcpp/rclcpp/client.hpp:40,
[3.952s]                  from /opt/ros/humble/include/rclcpp/rclcpp/callback_group.hpp:24,
[3.952s]                  from /opt/ros/humble/include/rclcpp/rclcpp/any_executable.hpp:20,
[3.952s]                  from /opt/ros/humble/include/rclcpp/rclcpp/memory_strategy.hpp:25,
[3.952s]                  from /opt/ros/humble/include/rclcpp/rclcpp/memory_strategies.hpp:18,
[3.952s]                  from /opt/ros/humble/include/rclcpp/rclcpp/executor_options.hpp:20,
[3.952s]                  from /opt/ros/humble/include/rclcpp/rclcpp/executor.hpp:37,
[3.952s]                  from /opt/ros/humble/include/rclcpp/rclcpp/executors/multi_threaded_executor.hpp:25,
[3.952s]                  from /opt/ros/humble/include/rclcpp/rclcpp/executors.hpp:21,
[3.952s]                  from /opt/ros/humble/include/rclcpp/rclcpp/rclcpp.hpp:155,
[3.952s]                  from /home/w/projects/projects/gps_ws/src/gps/src/gps_node.cpp:3:
[3.952s] /home/w/projects/projects/gps_ws/src/gps/src/gps_node.cpp:360:29: error: cannot call member function ‘const string& BT::TreeNode::name() const’ without object
[3.952s]   360 |                         name().c_str(),
[3.952s]       |                         ~~~~^~
[3.963s] In file included from /opt/ros/humble/include/rclcpp/rclcpp/client.hpp:40,
[3.963s]                  from /opt/ros/humble/include/rclcpp/rclcpp/callback_group.hpp:24,
[3.964s]                  from /opt/ros/humble/include/rclcpp/rclcpp/any_executable.hpp:20,
[3.964s]                  from /opt/ros/humble/include/rclcpp/rclcpp/memory_strategy.hpp:25,
[3.964s]                  from /opt/ros/humble/include/rclcpp/rclcpp/memory_strategies.hpp:18,
[3.964s]                  from /opt/ros/humble/include/rclcpp/rclcpp/executor_options.hpp:20,
[3.964s]                  from /opt/ros/humble/include/rclcpp/rclcpp/executor.hpp:37,
[3.964s]                  from /opt/ros/humble/include/rclcpp/rclcpp/executors/multi_threaded_executor.hpp:25,
[3.964s]                  from /opt/ros/humble/include/rclcpp/rclcpp/executors.hpp:21,
[3.964s]                  from /opt/ros/humble/include/rclcpp/rclcpp/rclcpp.hpp:155,
[3.964s]                  from /home/w/projects/projects/gps_ws/src/gps/src/gps_node.cpp:3:
[3.964s] /home/w/projects/projects/gps_ws/src/gps/src/gps_node.cpp:365:21: error: ‘context_’ was not declared in this scope; did you mean ‘ucontext_t’?
[3.964s]   365 |                     context_->logger,
[3.964s]       |                     ^~~~~~~~
[3.964s] /home/w/projects/projects/gps_ws/src/gps/src/gps_node.cpp:364:17: error: template argument 1 is invalid
[3.964s]   364 |                 RCLCPP_DEBUG(
[3.964s]       |                 ^~~~~~~~~~~~
[3.964s] In file included from /opt/ros/humble/include/rclcpp/rclcpp/logging.hpp:24,
[3.965s]                  from /opt/ros/humble/include/rclcpp/rclcpp/client.hpp:40,
[3.965s]                  from /opt/ros/humble/include/rclcpp/rclcpp/callback_group.hpp:24,
[3.965s]                  from /opt/ros/humble/include/rclcpp/rclcpp/any_executable.hpp:20,
[3.965s]                  from /opt/ros/humble/include/rclcpp/rclcpp/memory_strategy.hpp:25,
[3.965s]                  from /opt/ros/humble/include/rclcpp/rclcpp/memory_strategies.hpp:18,
[3.965s]                  from /opt/ros/humble/include/rclcpp/rclcpp/executor_options.hpp:20,
[3.965s]                  from /opt/ros/humble/include/rclcpp/rclcpp/executor.hpp:37,
[3.965s]                  from /opt/ros/humble/include/rclcpp/rclcpp/executors/multi_threaded_executor.hpp:25,
[3.965s]                  from /opt/ros/humble/include/rclcpp/rclcpp/executors.hpp:21,
[3.965s]                  from /opt/ros/humble/include/rclcpp/rclcpp/rclcpp.hpp:155,
[3.965s]                  from /home/w/projects/projects/gps_ws/src/gps/src/gps_node.cpp:3:
[3.965s] /home/w/projects/projects/gps_ws/src/gps/src/gps_node.cpp:367:25: error: cannot call member function ‘const string& BT::TreeNode::name() const’ without object
[3.965s]   367 |                     name().c_str(),
[3.965s]       |                     ~~~~^~
[3.965s] /home/w/projects/projects/gps_ws/src/gps/src/gps_node.cpp:374:71: error: too many initializers for ‘Pose2D’
[3.965s]   374 |                 Pose2D stop_command {0x0f,0, 0 ,0 ,nullptr   , nullptr};
[3.965s]       |                                                                       ^
[3.973s] /home/w/projects/projects/gps_ws/src/gps/src/gps_node.cpp:375:22: error: ‘sendCommand’ was not declared in this scope
[3.973s]   375 |                 if (!sendCommand(stop_command))
[3.973s]       |                      ^~~~~~~~~~~
[3.977s] In file included from /opt/ros/humble/include/rclcpp/rclcpp/client.hpp:40,
[3.979s]                  from /opt/ros/humble/include/rclcpp/rclcpp/callback_group.hpp:24,
[3.979s]                  from /opt/ros/humble/include/rclcpp/rclcpp/any_executable.hpp:20,
[3.979s]                  from /opt/ros/humble/include/rclcpp/rclcpp/memory_strategy.hpp:25,
[3.979s]                  from /opt/ros/humble/include/rclcpp/rclcpp/memory_strategies.hpp:18,
[3.979s]                  from /opt/ros/humble/include/rclcpp/rclcpp/executor_options.hpp:20,
[3.979s]                  from /opt/ros/humble/include/rclcpp/rclcpp/executor.hpp:37,
[3.979s]                  from /opt/ros/humble/include/rclcpp/rclcpp/executors/multi_threaded_executor.hpp:25,
[3.979s]                  from /opt/ros/humble/include/rclcpp/rclcpp/executors.hpp:21,
[3.979s]                  from /opt/ros/humble/include/rclcpp/rclcpp/rclcpp.hpp:155,
[3.979s]                  from /home/w/projects/projects/gps_ws/src/gps/src/gps_node.cpp:3:
[3.979s] /home/w/projects/projects/gps_ws/src/gps/src/gps_node.cpp:378:25: error: ‘context_’ was not declared in this scope; did you mean ‘ucontext_t’?
[3.979s]   378 |                         context_->logger,
[3.979s]       |                         ^~~~~~~~
[3.979s] /home/w/projects/projects/gps_ws/src/gps/src/gps_node.cpp:377:21: error: template argument 1 is invalid
[3.979s]   377 |                     RCLCPP_ERROR(
[3.979s]       |                     ^~~~~~~~~~~~
[3.980s] In file included from /opt/ros/humble/include/rclcpp/rclcpp/logging.hpp:24,
[3.980s]                  from /opt/ros/humble/include/rclcpp/rclcpp/client.hpp:40,
[3.980s]                  from /opt/ros/humble/include/rclcpp/rclcpp/callback_group.hpp:24,
[3.980s]                  from /opt/ros/humble/include/rclcpp/rclcpp/any_executable.hpp:20,
[3.980s]                  from /opt/ros/humble/include/rclcpp/rclcpp/memory_strategy.hpp:25,
[3.980s]                  from /opt/ros/humble/include/rclcpp/rclcpp/memory_strategies.hpp:18,
[3.980s]                  from /opt/ros/humble/include/rclcpp/rclcpp/executor_options.hpp:20,
[3.980s]                  from /opt/ros/humble/include/rclcpp/rclcpp/executor.hpp:37,
[3.980s]                  from /opt/ros/humble/include/rclcpp/rclcpp/executors/multi_threaded_executor.hpp:25,
[3.980s]                  from /opt/ros/humble/include/rclcpp/rclcpp/executors.hpp:21,
[3.980s]                  from /opt/ros/humble/include/rclcpp/rclcpp/rclcpp.hpp:155,
[3.980s]                  from /home/w/projects/projects/gps_ws/src/gps/src/gps_node.cpp:3:
[3.980s] /home/w/projects/projects/gps_ws/src/gps/src/gps_node.cpp:380:29: error: cannot call member function ‘const string& BT::TreeNode::name() const’ without object
[3.980s]   380 |                         name().c_str(),
[3.980s]       |                         ~~~~^~
[3.985s] /home/w/projects/projects/gps_ws/src/gps/src/gps_node.cpp:384:34: error: ‘commend_’ was not declared in this scope
[3.985s]   384 |                 if (!sendCommand(commend_))
[3.985s]       |                                  ^~~~~~~~
[3.990s] /home/w/projects/projects/gps_ws/src/gps/src/gps_node.cpp:384:22: error: ‘sendCommand’ was not declared in this scope
[3.990s]   384 |                 if (!sendCommand(commend_))
[3.990s]       |                      ^~~~~~~~~~~
[4.000s] In file included from /opt/ros/humble/include/rclcpp/rclcpp/client.hpp:40,
[4.000s]                  from /opt/ros/humble/include/rclcpp/rclcpp/callback_group.hpp:24,
[4.000s]                  from /opt/ros/humble/include/rclcpp/rclcpp/any_executable.hpp:20,
[4.000s]                  from /opt/ros/humble/include/rclcpp/rclcpp/memory_strategy.hpp:25,
[4.000s]                  from /opt/ros/humble/include/rclcpp/rclcpp/memory_strategies.hpp:18,
[4.000s]                  from /opt/ros/humble/include/rclcpp/rclcpp/executor_options.hpp:20,
[4.000s]                  from /opt/ros/humble/include/rclcpp/rclcpp/executor.hpp:37,
[4.000s]                  from /opt/ros/humble/include/rclcpp/rclcpp/executors/multi_threaded_executor.hpp:25,
[4.000s]                  from /opt/ros/humble/include/rclcpp/rclcpp/executors.hpp:21,
[4.000s]                  from /opt/ros/humble/include/rclcpp/rclcpp/rclcpp.hpp:155,
[4.000s]                  from /home/w/projects/projects/gps_ws/src/gps/src/gps_node.cpp:3:
[4.000s] /home/w/projects/projects/gps_ws/src/gps/src/gps_node.cpp:387:25: error: ‘context_’ was not declared in this scope; did you mean ‘ucontext_t’?
[4.000s]   387 |                         context_->logger,
[4.000s]       |                         ^~~~~~~~
[4.000s] /home/w/projects/projects/gps_ws/src/gps/src/gps_node.cpp:386:21: error: template argument 1 is invalid
[4.000s]   386 |                     RCLCPP_ERROR(
[4.001s]       |                     ^~~~~~~~~~~~
[4.001s] In file included from /opt/ros/humble/include/rclcpp/rclcpp/logging.hpp:24,
[4.001s]                  from /opt/ros/humble/include/rclcpp/rclcpp/client.hpp:40,
[4.001s]                  from /opt/ros/humble/include/rclcpp/rclcpp/callback_group.hpp:24,
[4.001s]                  from /opt/ros/humble/include/rclcpp/rclcpp/any_executable.hpp:20,
[4.001s]                  from /opt/ros/humble/include/rclcpp/rclcpp/memory_strategy.hpp:25,
[4.001s]                  from /opt/ros/humble/include/rclcpp/rclcpp/memory_strategies.hpp:18,
[4.001s]                  from /opt/ros/humble/include/rclcpp/rclcpp/executor_options.hpp:20,
[4.001s]                  from /opt/ros/humble/include/rclcpp/rclcpp/executor.hpp:37,
[4.001s]                  from /opt/ros/humble/include/rclcpp/rclcpp/executors/multi_threaded_executor.hpp:25,
[4.001s]                  from /opt/ros/humble/include/rclcpp/rclcpp/executors.hpp:21,
[4.001s]                  from /opt/ros/humble/include/rclcpp/rclcpp/rclcpp.hpp:155,
[4.001s]                  from /home/w/projects/projects/gps_ws/src/gps/src/gps_node.cpp:3:
[4.001s] /home/w/projects/projects/gps_ws/src/gps/src/gps_node.cpp:389:29: error: cannot call member function ‘const string& BT::TreeNode::name() const’ without object
[4.001s]   389 |                         name().c_str(),
[4.001s]       |                         ~~~~^~
[4.004s] In file included from /opt/ros/humble/include/rclcpp/rclcpp/client.hpp:40,
[4.004s]                  from /opt/ros/humble/include/rclcpp/rclcpp/callback_group.hpp:24,
[4.004s]                  from /opt/ros/humble/include/rclcpp/rclcpp/any_executable.hpp:20,
[4.004s]                  from /opt/ros/humble/include/rclcpp/rclcpp/memory_strategy.hpp:25,
[4.004s]                  from /opt/ros/humble/include/rclcpp/rclcpp/memory_strategies.hpp:18,
[4.004s]                  from /opt/ros/humble/include/rclcpp/rclcpp/executor_options.hpp:20,
[4.004s]                  from /opt/ros/humble/include/rclcpp/rclcpp/executor.hpp:37,
[4.004s]                  from /opt/ros/humble/include/rclcpp/rclcpp/executors/multi_threaded_executor.hpp:25,
[4.004s]                  from /opt/ros/humble/include/rclcpp/rclcpp/executors.hpp:21,
[4.005s]                  from /opt/ros/humble/include/rclcpp/rclcpp/rclcpp.hpp:155,
[4.005s]                  from /home/w/projects/projects/gps_ws/src/gps/src/gps_node.cpp:3:
[4.005s] /home/w/projects/projects/gps_ws/src/gps/src/gps_node.cpp:394:21: error: ‘context_’ was not declared in this scope; did you mean ‘ucontext_t’?
[4.005s]   394 |                     context_->logger,
[4.005s]       |                     ^~~~~~~~
[4.005s] /home/w/projects/projects/gps_ws/src/gps/src/gps_node.cpp:393:17: error: template argument 1 is invalid
[4.005s]   393 |                 RCLCPP_DEBUG(
[4.005s]       |                 ^~~~~~~~~~~~
[4.005s] In file included from /opt/ros/humble/include/rclcpp/rclcpp/logging.hpp:24,
[4.005s]                  from /opt/ros/humble/include/rclcpp/rclcpp/client.hpp:40,
[4.005s]                  from /opt/ros/humble/include/rclcpp/rclcpp/callback_group.hpp:24,
[4.005s]                  from /opt/ros/humble/include/rclcpp/rclcpp/any_executable.hpp:20,
[4.006s]                  from /opt/ros/humble/include/rclcpp/rclcpp/memory_strategy.hpp:25,
[4.006s]                  from /opt/ros/humble/include/rclcpp/rclcpp/memory_strategies.hpp:18,
[4.006s]                  from /opt/ros/humble/include/rclcpp/rclcpp/executor_options.hpp:20,
[4.006s]                  from /opt/ros/humble/include/rclcpp/rclcpp/executor.hpp:37,
[4.006s]                  from /opt/ros/humble/include/rclcpp/rclcpp/executors/multi_threaded_executor.hpp:25,
[4.006s]                  from /opt/ros/humble/include/rclcpp/rclcpp/executors.hpp:21,
[4.006s]                  from /opt/ros/humble/include/rclcpp/rclcpp/rclcpp.hpp:155,
[4.006s]                  from /home/w/projects/projects/gps_ws/src/gps/src/gps_node.cpp:3:
[4.006s] /home/w/projects/projects/gps_ws/src/gps/src/gps_node.cpp:396:25: error: cannot call member function ‘const string& BT::TreeNode::name() const’ without object
[4.006s]   396 |                     name().c_str(),
[4.006s]       |                     ~~~~^~
[4.006s] /home/w/projects/projects/gps_ws/src/gps/src/gps_node.cpp: In constructor ‘TimedVelocityAction::TurnRight::TurnRight(const string&, const BT::NodeConfig&, std::shared_ptr<AppContext>)’:
[4.006s] /home/w/projects/projects/gps_ws/src/gps/src/gps_node.cpp:416:11: error: type ‘TimedVelocityAction’ is not a direct base of ‘TimedVelocityAction::TurnRight’
[4.006s]   416 |         : TimedVelocityAction(name, config, std::move(context), Pose2D{0x0f, 0, 0, -1})
[4.007s]       |           ^~~~~~~~~~~~~~~~~~~
[4.007s] /home/w/projects/projects/gps_ws/src/gps/src/gps_node.cpp: In constructor ‘TimedVelocityAction::JudgePosition::JudgePosition(const string&, const BT::NodeConfig&, std::shared_ptr<AppContext>)’:
[4.007s] /home/w/projects/projects/gps_ws/src/gps/src/gps_node.cpp:433:11: error: type ‘TimedVelocityAction’ is not a direct base of ‘TimedVelocityAction::JudgePosition’
[4.007s]   433 |         : TimedVelocityAction(name, config, std::move(context), Pose2D{0x0f, 0, 0, 0})
[4.007s]       |           ^~~~~~~~~~~~~~~~~~~
[4.016s] /home/w/projects/projects/gps_ws/src/gps/src/gps_node.cpp: In static member function ‘static void TimedVelocityAction::registerNodes(BT::BehaviorTreeFactory&, const std::shared_ptr<AppContext>&)’:
[4.016s] /home/w/projects/projects/gps_ws/src/gps/src/gps_node.cpp:533:41: error: cannot convert ‘TimedVelocityAction::registerNodes(BT::BehaviorTreeFactory&, const std::shared_ptr<AppContext>&)::<lambda(const string&, const BT::NodeConfig&)>’ to ‘const NodeBuilder&’ {aka ‘const std::function<std::unique_ptr<BT::TreeNode>(const std::__cxx11::basic_string<char>&, const BT::NodeConfig&)>&’}
[4.016s]   533 |     factory.registerBuilder<MoveForward>(
[4.016s]       |     ~~~~~~~~~~~~~~~~~~~~~~~~~~~~~~~~~~~~^
[4.016s]   534 |         "MoveForward",
[4.016s]       |         ~~~~~~~~~~~~~~                   
[4.016s]   535 |         [context](const std::string& name, const BT::NodeConfig& config) {
[4.016s]       |         ~~~~~~~~~~~~~~~~~~~~~~~~~~~~~~~~~~~~~~~~~~~~~~~~~~~~~~~~~~~~~~~~~~
[4.016s]   536 |             return std::make_unique<MoveForward>(name, config, context);
[4.016s]       |             ~~~~~~~~~~~~~~~~~~~~~~~~~~~~~~~~~~~~~~~~~~~~~~~~~~~~~~~~~~~~
[4.016s]   537 |         });
[4.016s]       |         ~~                               
[4.016s] In file included from /home/w/projects/projects/gps_ws/src/gps/src/gps_node.cpp:1:
[4.016s] /opt/ros/humble/include/behaviortree_cpp/bt_factory.h:249:66: note:   initializing argument 2 of ‘void BT::BehaviorTreeFactory::registerBuilder(const string&, const NodeBuilder&) [with T = TimedVelocityAction::MoveForward; std::string = std::__cxx11::basic_string<char>; BT::NodeBuilder = std::function<std::unique_ptr<BT::TreeNode>(const std::__cxx11::basic_string<char>&, const BT::NodeConfig&)>]’
[4.016s]   249 |   void registerBuilder(const std::string& ID, const NodeBuilder& builder)
[4.016s]       |                                               ~~~~~~~~~~~~~~~~~~~^~~~~~~
[4.022s] /home/w/projects/projects/gps_ws/src/gps/src/gps_node.cpp:539:38: error: cannot convert ‘TimedVelocityAction::registerNodes(BT::BehaviorTreeFactory&, const std::shared_ptr<AppContext>&)::<lambda(const string&, const BT::NodeConfig&)>’ to ‘const NodeBuilder&’ {aka ‘const std::function<std::unique_ptr<BT::TreeNode>(const std::__cxx11::basic_string<char>&, const BT::NodeConfig&)>&’}
[4.023s]   539 |     factory.registerBuilder<TurnLeft>(
[4.023s]       |     ~~~~~~~~~~~~~~~~~~~~~~~~~~~~~~~~~^
[4.023s]   540 |         "TurnLeft",
[4.023s]       |         ~~~~~~~~~~~                   
[4.023s]   541 |         [context](const std::string& name, const BT::NodeConfig& config) {
[4.023s]       |         ~~~~~~~~~~~~~~~~~~~~~~~~~~~~~~~~~~~~~~~~~~~~~~~~~~~~~~~~~~~~~~~~~~
[4.023s]   542 |             return std::make_unique<TurnLeft>(name, config, context);
[4.023s]       |             ~~~~~~~~~~~~~~~~~~~~~~~~~~~~~~~~~~~~~~~~~~~~~~~~~~~~~~~~~
[4.023s]   543 |         });
[4.023s]       |         ~~                            
[4.023s] In file included from /home/w/projects/projects/gps_ws/src/gps/src/gps_node.cpp:1:
[4.023s] /opt/ros/humble/include/behaviortree_cpp/bt_factory.h:249:66: note:   initializing argument 2 of ‘void BT::BehaviorTreeFactory::registerBuilder(const string&, const NodeBuilder&) [with T = TimedVelocityAction::TurnLeft; std::string = std::__cxx11::basic_string<char>; BT::NodeBuilder = std::function<std::unique_ptr<BT::TreeNode>(const std::__cxx11::basic_string<char>&, const BT::NodeConfig&)>]’
[4.023s]   249 |   void registerBuilder(const std::string& ID, const NodeBuilder& builder)
[4.023s]       |                                               ~~~~~~~~~~~~~~~~~~~^~~~~~~
[4.065s] /home/w/projects/projects/gps_ws/src/gps/src/gps_node.cpp:545:39: error: cannot convert ‘TimedVelocityAction::registerNodes(BT::BehaviorTreeFactory&, const std::shared_ptr<AppContext>&)::<lambda(const string&, const BT::NodeConfig&)>’ to ‘const NodeBuilder&’ {aka ‘const std::function<std::unique_ptr<BT::TreeNode>(const std::__cxx11::basic_string<char>&, const BT::NodeConfig&)>&’}
[4.068s]   545 |     factory.registerBuilder<TurnRight>(
[4.068s]       |     ~~~~~~~~~~~~~~~~~~~~~~~~~~~~~~~~~~^
[4.068s]   546 |         "TurnRight",
[4.068s]       |         ~~~~~~~~~~~~                   
[4.068s]   547 |         [context](const std::string& name, const BT::NodeConfig& config) {
[4.068s]       |         ~~~~~~~~~~~~~~~~~~~~~~~~~~~~~~~~~~~~~~~~~~~~~~~~~~~~~~~~~~~~~~~~~~
[4.068s]   548 |             return std::make_unique<TurnRight>(name, config, context);
[4.068s]       |             ~~~~~~~~~~~~~~~~~~~~~~~~~~~~~~~~~~~~~~~~~~~~~~~~~~~~~~~~~~
[4.068s]   549 |         });
[4.068s]       |         ~~                             
[4.068s] In file included from /home/w/projects/projects/gps_ws/src/gps/src/gps_node.cpp:1:
[4.068s] /opt/ros/humble/include/behaviortree_cpp/bt_factory.h:249:66: note:   initializing argument 2 of ‘void BT::BehaviorTreeFactory::registerBuilder(const string&, const NodeBuilder&) [with T = TimedVelocityAction::TurnRight; std::string = std::__cxx11::basic_string<char>; BT::NodeBuilder = std::function<std::unique_ptr<BT::TreeNode>(const std::__cxx11::basic_string<char>&, const BT::NodeConfig&)>]’
[4.068s]   249 |   void registerBuilder(const std::string& ID, const NodeBuilder& builder)
[4.068s]       |                                               ~~~~~~~~~~~~~~~~~~~^~~~~~~
[4.078s] /home/w/projects/projects/gps_ws/src/gps/src/gps_node.cpp: At global scope:
[4.078s] /home/w/projects/projects/gps_ws/src/gps/src/gps_node.cpp:647:2: error: expected unqualified-id at end of input
[4.079s]   647 | }
[4.079s]       |  ^
[7.673s] gmake[2]: *** [CMakeFiles/gps_node.dir/build.make:79: CMakeFiles/gps_node.dir/src/gps_node.cpp.o] Error 1
[7.673s] gmake[1]: *** [CMakeFiles/Makefile2:188: CMakeFiles/gps_node.dir/all] Error 2
[7.676s] gmake: *** [Makefile:146: all] Error 2
[7.677s] Invoked command in '/home/w/projects/projects/gps_ws/build/gps' returned '2': CMAKE_PREFIX_PATH=${CMAKE_PREFIX_PATH}:/opt/ros/humble /usr/bin/cmake --build /home/w/projects/projects/gps_ws/build/gps -- -j16 -l16
