[ 50%] Built target SerialPort
[ 75%] [32mBuilding CXX object CMakeFiles/gps_node.dir/src/gps_node.cpp.o[0m
[01m[K/home/w/projects/projects/gps_ws/src/gps/src/gps_node.cpp:[m[K In member function ‘[01m[Kvirtual BT::NodeStatus MoveToLocation::onRunning()[m[K’:
[01m[K/home/w/projects/projects/gps_ws/src/gps/src/gps_node.cpp:393:17:[m[K [01;35m[Kwarning: [m[Kunused variable ‘[01m[Kk[m[K’ [[01;35m[K]8;;https://gcc.gnu.org/onlinedocs/gcc/Warning-Options.html#index-Wunused-variable-Wunused-variable]8;;[m[K]
  393 |         uint8_t [01;35m[Kk[m[K = 10;
      |                 [01;35m[K^[m[K
[100%] [1m[32mLinking CXX executable gps_node[0m
[100%] Built target gps_node
-- Install configuration: ""
-- Installing: /home/w/projects/projects/gps_ws/install/gps/lib/gps/gps_node
-- Set non-toolchain portion of runtime path of "/home/w/projects/projects/gps_ws/install/gps/lib/gps/gps_node" to ""
-- Up-to-date: /home/w/projects/projects/gps_ws/install/gps/share/gps/tree.xml
-- Up-to-date: /home/w/projects/projects/gps_ws/install/gps/share/ament_index/resource_index/package_run_dependencies/gps
-- Up-to-date: /home/w/projects/projects/gps_ws/install/gps/share/ament_index/resource_index/parent_prefix_path/gps
-- Up-to-date: /home/w/projects/projects/gps_ws/install/gps/share/gps/environment/ament_prefix_path.sh
-- Up-to-date: /home/w/projects/projects/gps_ws/install/gps/share/gps/environment/ament_prefix_path.dsv
-- Up-to-date: /home/w/projects/projects/gps_ws/install/gps/share/gps/environment/path.sh
-- Up-to-date: /home/w/projects/projects/gps_ws/install/gps/share/gps/environment/path.dsv
-- Up-to-date: /home/w/projects/projects/gps_ws/install/gps/share/gps/local_setup.bash
-- Up-to-date: /home/w/projects/projects/gps_ws/install/gps/share/gps/local_setup.sh
-- Up-to-date: /home/w/projects/projects/gps_ws/install/gps/share/gps/local_setup.zsh
-- Up-to-date: /home/w/projects/projects/gps_ws/install/gps/share/gps/local_setup.dsv
-- Installing: /home/w/projects/projects/gps_ws/install/gps/share/gps/package.dsv
-- Up-to-date: /home/w/projects/projects/gps_ws/install/gps/share/ament_index/resource_index/packages/gps
-- Up-to-date: /home/w/projects/projects/gps_ws/install/gps/share/gps/cmake/gpsConfig.cmake
-- Up-to-date: /home/w/projects/projects/gps_ws/install/gps/share/gps/cmake/gpsConfig-version.cmake
-- Up-to-date: /home/w/projects/projects/gps_ws/install/gps/share/gps/package.xml
