[0.022s] Invoking command in '/home/w/projects/projects/gps_ws/build/gps': CMAKE_PREFIX_PATH=${CMAKE_PREFIX_PATH}:/opt/ros/humble /usr/bin/cmake --build /home/w/projects/projects/gps_ws/build/gps -- -j16 -l16
[0.078s] [ 50%] Built target SerialPort
[0.135s] [ 75%] [32mBuilding CXX object CMakeFiles/gps_node.dir/src/gps_node.cpp.o[0m
[15.135s] [100%] [1m[32mLinking CXX executable gps_node[0m
[16.036s] [100%] Built target gps_node
[16.052s] Invoked command in '/home/w/projects/projects/gps_ws/build/gps' returned '0': CMAKE_PREFIX_PATH=${CMAKE_PREFIX_PATH}:/opt/ros/humble /usr/bin/cmake --build /home/w/projects/projects/gps_ws/build/gps -- -j16 -l16
[16.064s] Invoking command in '/home/w/projects/projects/gps_ws/build/gps': CMAKE_PREFIX_PATH=${CMAKE_PREFIX_PATH}:/opt/ros/humble /usr/bin/cmake --install /home/w/projects/projects/gps_ws/build/gps
[16.074s] -- Install configuration: ""
[16.074s] -- Installing: /home/w/projects/projects/gps_ws/install/gps/lib/gps/gps_node
[16.085s] -- Set non-toolchain portion of runtime path of "/home/w/projects/projects/gps_ws/install/gps/lib/gps/gps_node" to ""
[16.086s] -- Up-to-date: /home/w/projects/projects/gps_ws/install/gps/share/gps/tree.xml
[16.086s] -- Up-to-date: /home/w/projects/projects/gps_ws/install/gps/share/ament_index/resource_index/package_run_dependencies/gps
[16.086s] -- Up-to-date: /home/w/projects/projects/gps_ws/install/gps/share/ament_index/resource_index/parent_prefix_path/gps
[16.086s] -- Up-to-date: /home/w/projects/projects/gps_ws/install/gps/share/gps/environment/ament_prefix_path.sh
[16.086s] -- Up-to-date: /home/w/projects/projects/gps_ws/install/gps/share/gps/environment/ament_prefix_path.dsv
[16.086s] -- Up-to-date: /home/w/projects/projects/gps_ws/install/gps/share/gps/environment/path.sh
[16.086s] -- Up-to-date: /home/w/projects/projects/gps_ws/install/gps/share/gps/environment/path.dsv
[16.087s] -- Up-to-date: /home/w/projects/projects/gps_ws/install/gps/share/gps/local_setup.bash
[16.087s] -- Up-to-date: /home/w/projects/projects/gps_ws/install/gps/share/gps/local_setup.sh
[16.087s] -- Up-to-date: /home/w/projects/projects/gps_ws/install/gps/share/gps/local_setup.zsh
[16.087s] -- Up-to-date: /home/w/projects/projects/gps_ws/install/gps/share/gps/local_setup.dsv
[16.087s] -- Installing: /home/w/projects/projects/gps_ws/install/gps/share/gps/package.dsv
[16.087s] -- Up-to-date: /home/w/projects/projects/gps_ws/install/gps/share/ament_index/resource_index/packages/gps
[16.087s] -- Up-to-date: /home/w/projects/projects/gps_ws/install/gps/share/gps/cmake/gpsConfig.cmake
[16.087s] -- Up-to-date: /home/w/projects/projects/gps_ws/install/gps/share/gps/cmake/gpsConfig-version.cmake
[16.087s] -- Up-to-date: /home/w/projects/projects/gps_ws/install/gps/share/gps/package.xml
[16.087s] Invoked command in '/home/w/projects/projects/gps_ws/build/gps' returned '0': CMAKE_PREFIX_PATH=${CMAKE_PREFIX_PATH}:/opt/ros/humble /usr/bin/cmake --install /home/w/projects/projects/gps_ws/build/gps
