[0.011s] Invoking command in '/home/w/projects/projects/gps_ws/build/gps': CMAKE_PREFIX_PATH=${CMAKE_PREFIX_PATH}:/opt/ros/humble /usr/bin/cmake --build /home/w/projects/projects/gps_ws/build/gps -- -j16 -l16
[0.026s] [0mCMake Deprecation Warning at CMakeLists.txt:1 (cmake_minimum_required):
[0.026s]   Compatibility with CMake < 3.10 will be removed from a future version of
[0.026s]   CMake.
[0.026s] 
[0.026s]   Update the VERSION argument <min> value.  Or, use the <min>...<max> syntax
[0.026s]   to tell CMake that the project requires at least <min> but has been updated
[0.026s]   to work with policies introduced by <max> or earlier.
[0.027s] 
[0.027s] [0m
[0.031s] -- Found ament_cmake: 1.3.14 (/opt/ros/humble/share/ament_cmake/cmake)
[0.252s] -- Found rclcpp: 16.0.19 (/opt/ros/humble/share/rclcpp/cmake)
[0.281s] -- Found rosidl_generator_c: 3.1.8 (/opt/ros/humble/share/rosidl_generator_c/cmake)
[0.284s] -- Found rosidl_adapter: 3.1.8 (/opt/ros/humble/share/rosidl_adapter/cmake)
[0.289s] -- Found rosidl_generator_cpp: 3.1.8 (/opt/ros/humble/share/rosidl_generator_cpp/cmake)
[0.297s] -- Using all available rosidl_typesupport_c: rosidl_typesupport_fastrtps_c;rosidl_typesupport_introspection_c
[0.308s] -- Using all available rosidl_typesupport_cpp: rosidl_typesupport_fastrtps_cpp;rosidl_typesupport_introspection_cpp
[0.341s] -- Found rmw_implementation_cmake: 6.1.2 (/opt/ros/humble/share/rmw_implementation_cmake/cmake)
[0.342s] -- Found rmw_fastrtps_cpp: 6.2.10 (/opt/ros/humble/share/rmw_fastrtps_cpp/cmake)
[0.430s] -- Using RMW implementation 'rmw_fastrtps_cpp' as default
[0.463s] -- Found tf2_msgs: 0.25.20 (/opt/ros/humble/share/tf2_msgs/cmake)
[0.498s] -- Found behaviortree_cpp: 4.9.0 (/opt/ros/humble/share/behaviortree_cpp/cmake)
[0.500s] -- Found ament_lint_auto: 0.12.15 (/opt/ros/humble/share/ament_lint_auto/cmake)
[0.551s] -- Added test 'cppcheck' to perform static code analysis on C / C++ code
[0.551s] -- Configured cppcheck include dirs: /home/w/projects/projects/gps_ws/src/gps/src/SerialPort
[0.551s] -- Configured cppcheck exclude dirs and/or files: 
[0.552s] -- Added test 'lint_cmake' to check CMake code style
[0.552s] -- Added test 'uncrustify' to check C / C++ code style
[0.552s] -- Configured uncrustify additional arguments: 
[0.552s] -- Added test 'xmllint' to check XML markup files
[0.553s] -- Configuring done (0.5s)
[0.555s] [31mCMake Error at CMakeLists.txt:9 (add_library):
[0.555s]   Cannot find source file:
[0.555s] 
[0.555s]     Static
[0.556s] 
[0.556s]   Tried extensions .c .C .c++ .cc .cpp .cxx .cu .mpp .m .M .mm .ixx .cppm
[0.556s]   .ccm .cxxm .c++m .h .hh .h++ .hm .hpp .hxx .in .txx .f .F .for .f77 .f90
[0.556s]   .f95 .f03 .hip .ispc
[0.556s] 
[0.556s] [0m
[0.556s] [31mCMake Error at CMakeLists.txt:9 (add_library):
[0.556s]   No SOURCES given to target: SerialPort
[0.556s] 
[0.556s] [0m
[0.556s] [0mCMake Generate step failed.  Build files cannot be regenerated correctly.[0m
[0.561s] gmake: *** [Makefile:267: cmake_check_build_system] Error 1
[0.563s] Invoked command in '/home/w/projects/projects/gps_ws/build/gps' returned '2': CMAKE_PREFIX_PATH=${CMAKE_PREFIX_PATH}:/opt/ros/humble /usr/bin/cmake --build /home/w/projects/projects/gps_ws/build/gps -- -j16 -l16
