[ 50%] Built target SerialPort
[ 75%] [32mBuilding CXX object CMakeFiles/gps_node.dir/src/gps_node.cpp.o[0m
[01m[K/home/w/projects/projects/gps_ws/src/gps/src/gps_node.cpp:[m[K In member function ‘[01m[Kvirtual BT::NodeStatus TimedVelocityAction::onRunning()[m[K’:
[01m[K/home/w/projects/projects/gps_ws/src/gps/src/gps_node.cpp:287:5:[m[K [01;35m[Kwarning: [m[Kcontrol reaches end of non-void function [[01;35m[K]8;;https://gcc.gnu.org/onlinedocs/gcc/Warning-Options.html#index-Wreturn-type-Wreturn-type]8;;[m[K]
  287 |     [01;35m[K}[m[K
      |     [01;35m[K^[m[K
[100%] [1m[32mLinking CXX executable gps_node[0m
[100%] Built target gps_node
-- Install configuration: ""
-- Installing: /home/w/projects/projects/gps_ws/install/gps/lib/gps/gps_node
-- Set non-toolchain portion of runtime path of "/home/w/projects/projects/gps_ws/install/gps/lib/gps/gps_node" to ""
-- Installing: /home/w/projects/projects/gps_ws/install/gps/share/gps/tree.xml
-- Installing: /home/w/projects/projects/gps_ws/install/gps/share/ament_index/resource_index/package_run_dependencies/gps
-- Installing: /home/w/projects/projects/gps_ws/install/gps/share/ament_index/resource_index/parent_prefix_path/gps
-- Installing: /home/w/projects/projects/gps_ws/install/gps/share/gps/environment/ament_prefix_path.sh
-- Installing: /home/w/projects/projects/gps_ws/install/gps/share/gps/environment/ament_prefix_path.dsv
-- Installing: /home/w/projects/projects/gps_ws/install/gps/share/gps/environment/path.sh
-- Installing: /home/w/projects/projects/gps_ws/install/gps/share/gps/environment/path.dsv
-- Installing: /home/w/projects/projects/gps_ws/install/gps/share/gps/local_setup.bash
-- Installing: /home/w/projects/projects/gps_ws/install/gps/share/gps/local_setup.sh
-- Installing: /home/w/projects/projects/gps_ws/install/gps/share/gps/local_setup.zsh
-- Installing: /home/w/projects/projects/gps_ws/install/gps/share/gps/local_setup.dsv
-- Installing: /home/w/projects/projects/gps_ws/install/gps/share/gps/package.dsv
-- Installing: /home/w/projects/projects/gps_ws/install/gps/share/ament_index/resource_index/packages/gps
-- Installing: /home/w/projects/projects/gps_ws/install/gps/share/gps/cmake/gpsConfig.cmake
-- Installing: /home/w/projects/projects/gps_ws/install/gps/share/gps/cmake/gpsConfig-version.cmake
-- Installing: /home/w/projects/projects/gps_ws/install/gps/share/gps/package.xml
