[0.011s] Invoking command in '/home/w/projects/projects/gps_ws/build/gps': CMAKE_PREFIX_PATH=${CMAKE_PREFIX_PATH}:/opt/ros/humble /usr/bin/cmake --build /home/w/projects/projects/gps_ws/build/gps -- -j16 -l16
[0.027s] [0mCMake Deprecation Warning at CMakeLists.txt:1 (cmake_minimum_required):
[0.027s]   Compatibility with CMake < 3.10 will be removed from a future version of
[0.027s]   CMake.
[0.027s] 
[0.027s]   Update the VERSION argument <min> value.  Or, use the <min>...<max> syntax
[0.028s]   to tell CMake that the project requires at least <min> but has been updated
[0.028s]   to work with policies introduced by <max> or earlier.
[0.028s] 
[0.028s] [0m
[0.032s] -- Found ament_cmake: 1.3.14 (/opt/ros/humble/share/ament_cmake/cmake)
[0.250s] -- Found rclcpp: 16.0.19 (/opt/ros/humble/share/rclcpp/cmake)
[0.268s] -- Found rosidl_generator_c: 3.1.8 (/opt/ros/humble/share/rosidl_generator_c/cmake)
[0.269s] -- Found rosidl_adapter: 3.1.8 (/opt/ros/humble/share/rosidl_adapter/cmake)
[0.273s] -- Found rosidl_generator_cpp: 3.1.8 (/opt/ros/humble/share/rosidl_generator_cpp/cmake)
[0.278s] -- Using all available rosidl_typesupport_c: rosidl_typesupport_fastrtps_c;rosidl_typesupport_introspection_c
[0.285s] -- Using all available rosidl_typesupport_cpp: rosidl_typesupport_fastrtps_cpp;rosidl_typesupport_introspection_cpp
[0.306s] -- Found rmw_implementation_cmake: 6.1.2 (/opt/ros/humble/share/rmw_implementation_cmake/cmake)
[0.306s] -- Found rmw_fastrtps_cpp: 6.2.10 (/opt/ros/humble/share/rmw_fastrtps_cpp/cmake)
[0.386s] -- Using RMW implementation 'rmw_fastrtps_cpp' as default
[0.422s] -- Found tf2_msgs: 0.25.20 (/opt/ros/humble/share/tf2_msgs/cmake)
[0.459s] -- Found behaviortree_cpp: 4.9.0 (/opt/ros/humble/share/behaviortree_cpp/cmake)
[0.461s] -- Found ament_lint_auto: 0.12.15 (/opt/ros/humble/share/ament_lint_auto/cmake)
[0.512s] -- Added test 'cppcheck' to perform static code analysis on C / C++ code
[0.512s] -- Configured cppcheck include dirs: /home/w/projects/projects/gps_ws/src/gps/src/SerialPort
[0.513s] -- Configured cppcheck exclude dirs and/or files: 
[0.513s] -- Added test 'lint_cmake' to check CMake code style
[0.513s] -- Added test 'uncrustify' to check C / C++ code style
[0.513s] -- Configured uncrustify additional arguments: 
[0.514s] -- Added test 'xmllint' to check XML markup files
[0.514s] -- Configuring done (0.5s)
[0.523s] -- Generating done (0.0s)
[0.540s] -- Build files have been written to: /home/w/projects/projects/gps_ws/build/gps
[0.559s] [ 25%] [32mBuilding CXX object CMakeFiles/SerialPort.dir/src/SerialPort/usart.cpp.o[0m
[0.569s] In file included from [01m[K/home/w/projects/projects/gps_ws/src/gps/src/SerialPort/usart.cpp:1[m[K:
[0.569s] [01m[K/home/w/projects/projects/gps_ws/src/gps/src/SerialPort/usart.hpp:9:27:[m[K [01;31m[Kerror: [m[Kexpected ‘[01m[K)[m[K’ before ‘[01m[Kdevice[m[K’
[0.569s]     9 |     SerialPort[34m[K([m[Kstd::string[01;31m[K [m[K[32m[Kdevice[m[K, speed_t baud_rate = B115200,
[0.569s]       |               [34m[K~[m[K           [01;31m[K^[m[K[32m[K~~~~~~[m[K
[0.569s]       |                           [32m[K)[m[K
[0.569s] [01m[K/home/w/projects/projects/gps_ws/src/gps/src/SerialPort/usart.hpp:22:10:[m[K [01;31m[Kerror: [m[K‘[01m[Kstring[m[K’ in namespace ‘[01m[Kstd[m[K’ does not name a type
[0.569s]    22 |     std::[01;31m[Kstring[m[K lastError() const;
[0.569s]       |          [01;31m[K^~~~~~[m[K
[0.570s] [01m[K/home/w/projects/projects/gps_ws/src/gps/src/SerialPort/usart.hpp:1:1:[m[K [01;36m[Knote: [m[K‘[01m[Kstd::string[m[K’ is defined in header ‘[01m[K<string>[m[K’; did you forget to ‘[01m[K#include <string>[m[K’?
[0.570s]   +++ |+[32m[K#include <string>[m[K
[0.570s]     1 | /**
[0.570s] [01m[K/home/w/projects/projects/gps_ws/src/gps/src/SerialPort/usart.hpp:27:39:[m[K [01;31m[Kerror: [m[K‘[01m[Kstd::size_t[m[K’ has not been declared
[0.570s]    27 |     bool writeExact(const void* data, [01;31m[Kstd[m[K::size_t len);
[0.570s]       |                                       [01;31m[K^~~[m[K
[0.570s] [01m[K/home/w/projects/projects/gps_ws/src/gps/src/SerialPort/usart.hpp:28:5:[m[K [01;31m[Kerror: [m[K‘[01m[Kssize_t[m[K’ does not name a type
[0.570s]    28 |     [01;31m[Kssize_t[m[K readSome(void* buffer, std::size_t max_len);
[0.570s]       |     [01;31m[K^~~~~~~[m[K
[0.570s] [01m[K/home/w/projects/projects/gps_ws/src/gps/src/SerialPort/usart.hpp:33:10:[m[K [01;31m[Kerror: [m[K‘[01m[Kstring[m[K’ in namespace ‘[01m[Kstd[m[K’ does not name a type
[0.570s]    33 |     std::[01;31m[Kstring[m[K device_;
[0.570s]       |          [01;31m[K^~~~~~[m[K
[0.570s] [01m[K/home/w/projects/projects/gps_ws/src/gps/src/SerialPort/usart.hpp:33:5:[m[K [01;36m[Knote: [m[K‘[01m[Kstd::string[m[K’ is defined in header ‘[01m[K<string>[m[K’; did you forget to ‘[01m[K#include <string>[m[K’?
[0.570s]    33 |     [01;36m[Kstd[m[K::string device_;
[0.570s]       |     [01;36m[K^~~[m[K
[0.570s] [01m[K/home/w/projects/projects/gps_ws/src/gps/src/SerialPort/usart.hpp:34:5:[m[K [01;31m[Kerror: [m[K‘[01m[Kspeed_t[m[K’ does not name a type
[0.570s]    34 |     [01;31m[Kspeed_t[m[K baud_rate_ {B115200};
[0.570s]       |     [01;31m[K^~~~~~~[m[K
[0.570s] [01m[K/home/w/projects/projects/gps_ws/src/gps/src/SerialPort/usart.hpp:34:33:[m[K [01;35m[Kwarning: [m[Kextra ‘[01m[K;[m[K’ [[01;35m[K]8;;https://gcc.gnu.org/onlinedocs/gcc/Warning-Options.html#index-Wpedantic-Wpedantic]8;;[m[K]
[0.570s]    34 |     speed_t baud_rate_ {B115200}[01;35m[K;[m[K
[0.570s]       |                                 [01;35m[K^[m[K
[0.570s]       |                                 [31m[K-[m[K
[0.570s] [01m[K/home/w/projects/projects/gps_ws/src/gps/src/SerialPort/usart.hpp:38:18:[m[K [01;31m[Kerror: [m[K‘[01m[Kmutex[m[K’ in namespace ‘[01m[Kstd[m[K’ does not name a type
[0.570s]    38 |     mutable std::[01;31m[Kmutex[m[K mutex_;
[0.570s]       |                  [01;31m[K^~~~~[m[K
[0.570s] [01m[K/home/w/projects/projects/gps_ws/src/gps/src/SerialPort/usart.hpp:1:1:[m[K [01;36m[Knote: [m[K‘[01m[Kstd::mutex[m[K’ is defined in header ‘[01m[K<mutex>[m[K’; did you forget to ‘[01m[K#include <mutex>[m[K’?
[0.570s]   +++ |+[32m[K#include <mutex>[m[K
[0.570s]     1 | /**
[0.570s] [01m[K/home/w/projects/projects/gps_ws/src/gps/src/SerialPort/usart.hpp:40:10:[m[K [01;31m[Kerror: [m[K‘[01m[Kstring[m[K’ in namespace ‘[01m[Kstd[m[K’ does not name a type
[0.570s]    40 |     std::[01;31m[Kstring[m[K last_error_;
[0.570s]       |          [01;31m[K^~~~~~[m[K
[0.571s] [01m[K/home/w/projects/projects/gps_ws/src/gps/src/SerialPort/usart.hpp:40:5:[m[K [01;36m[Knote: [m[K‘[01m[Kstd::string[m[K’ is defined in header ‘[01m[K<string>[m[K’; did you forget to ‘[01m[K#include <string>[m[K’?
[0.571s]    40 |     [01;36m[Kstd[m[K::string last_error_;
[0.571s]       |     [01;36m[K^~~[m[K
[0.571s] [01m[K/home/w/projects/projects/gps_ws/src/gps/src/SerialPort/usart.cpp:7:23:[m[K [01;31m[Kerror: [m[Kexpected constructor, destructor, or type conversion before ‘[01m[K([m[K’ token
[0.571s]     7 | SerialPort::SerialPort[01;31m[K([m[Kstd::string device, speed_t baud_rate,
[0.571s]       |                       [01;31m[K^[m[K
[0.571s] [01m[K/home/w/projects/projects/gps_ws/src/gps/src/SerialPort/usart.cpp:[m[K In member function ‘[01m[Kbool SerialPort::openPort()[m[K’:
[0.571s] [01m[K/home/w/projects/projects/gps_ws/src/gps/src/SerialPort/usart.cpp:18:14:[m[K [01;31m[Kerror: [m[K‘[01m[Klock_guard[m[K’ is not a member of ‘[01m[Kstd[m[K’
[0.571s]    18 |         std::[01;31m[Klock_guard[m[K<std::mutex> lock(mutex_);
[0.571s]       |              [01;31m[K^~~~~~~~~~[m[K
[0.571s] [01m[K/home/w/projects/projects/gps_ws/src/gps/src/SerialPort/usart.cpp:6:1:[m[K [01;36m[Knote: [m[K‘[01m[Kstd::lock_guard[m[K’ is defined in header ‘[01m[K<mutex>[m[K’; did you forget to ‘[01m[K#include <mutex>[m[K’?
[0.571s]     5 | #include <cerrno>
[0.571s]   +++ |+[32m[K#include <mutex>[m[K
[0.571s]     6 | 
[0.571s] [01m[K/home/w/projects/projects/gps_ws/src/gps/src/SerialPort/usart.cpp:18:30:[m[K [01;31m[Kerror: [m[K‘[01m[Kmutex[m[K’ is not a member of ‘[01m[Kstd[m[K’
[0.571s]    18 |         std::lock_guard<std::[01;31m[Kmutex[m[K> lock(mutex_);
[0.571s]       |                              [01;31m[K^~~~~[m[K
[0.571s] [01m[K/home/w/projects/projects/gps_ws/src/gps/src/SerialPort/usart.cpp:18:30:[m[K [01;36m[Knote: [m[K‘[01m[Kstd::mutex[m[K’ is defined in header ‘[01m[K<mutex>[m[K’; did you forget to ‘[01m[K#include <mutex>[m[K’?
[0.572s] [01m[K/home/w/projects/projects/gps_ws/src/gps/src/SerialPort/usart.cpp:18:42:[m[K [01;31m[Kerror: [m[K‘[01m[Kmutex_[m[K’ was not declared in this scope
[0.572s]    18 |         std::lock_guard<std::mutex> lock([01;31m[Kmutex_[m[K);
[0.572s]       |                                          [01;31m[K^~~~~~[m[K
[0.572s] [01m[K/home/w/projects/projects/gps_ws/src/gps/src/SerialPort/usart.cpp:18:37:[m[K [01;31m[Kerror: [m[K‘[01m[Klock[m[K’ was not declared in this scope; did you mean ‘[01m[Klockf[m[K’?
[0.572s]    18 |         std::lock_guard<std::mutex> [01;31m[Klock[m[K(mutex_);
[0.572s]       |                                     [01;31m[K^~~~[m[K
[0.572s]       |                                     [32m[Klockf[m[K
[0.572s] [01m[K/home/w/projects/projects/gps_ws/src/gps/src/SerialPort/usart.cpp:25:22:[m[K [01;31m[Kerror: [m[K‘[01m[Kdevice_[m[K’ was not declared in this scope
[0.572s]    25 |         fd_ = ::open([01;31m[Kdevice_[m[K.c_str(), O_RDWR | O_NOCTTY | O_SYNC);
[0.572s]       |                      [01;31m[K^~~~~~~[m[K
[0.573s] [01m[K/home/w/projects/projects/gps_ws/src/gps/src/SerialPort/usart.cpp:28:13:[m[K [01;31m[Kerror: [m[K‘[01m[Klast_error_[m[K’ was not declared in this scope
[0.573s]    28 |             [01;31m[Klast_error_[m[K = "open(" + device_ + ") failed: " + std::string(std::strerror(errno));
[0.573s]       |             [01;31m[K^~~~~~~~~~~[m[K
[0.573s] [01m[K/home/w/projects/projects/gps_ws/src/gps/src/SerialPort/usart.cpp:28:67:[m[K [01;31m[Kerror: [m[K‘[01m[Kstring[m[K’ is not a member of ‘[01m[Kstd[m[K’
[0.573s]    28 |  = "open(" + device_ + ") failed: " + std::[01;31m[Kstring[m[K(std::strerror(errno));
[0.573s]       |                                            [01;31m[K^~~~~~[m[K
[0.573s] 
[0.573s] [01m[K/home/w/projects/projects/gps_ws/src/gps/src/SerialPort/usart.cpp:6:1:[m[K [01;36m[Knote: [m[K‘[01m[Kstd::string[m[K’ is defined in header ‘[01m[K<string>[m[K’; did you forget to ‘[01m[K#include <string>[m[K’?
[0.573s]     5 | #include <cerrno>
[0.573s]   +++ |+[32m[K#include <string>[m[K
[0.573s]     6 | 
[0.574s] [01m[K/home/w/projects/projects/gps_ws/src/gps/src/SerialPort/usart.cpp:35:13:[m[K [01;31m[Kerror: [m[K‘[01m[Klast_error_[m[K’ was not declared in this scope
[0.574s]    35 |             [01;31m[Klast_error_[m[K = "tcgetattr(" + device_ + ") failed: " + std::string(std::strerror(errno));
[0.574s]       |             [01;31m[K^~~~~~~~~~~[m[K
[0.574s] [01m[K/home/w/projects/projects/gps_ws/src/gps/src/SerialPort/usart.cpp:35:72:[m[K [01;31m[Kerror: [m[K‘[01m[Kstring[m[K’ is not a member of ‘[01m[Kstd[m[K’
[0.574s]    35 | cgetattr(" + device_ + ") failed: " + std::[01;31m[Kstring[m[K(std::strerror(errno));
[0.574s]       |                                            [01;31m[K^~~~~~[m[K
[0.574s] 
[0.574s] [01m[K/home/w/projects/projects/gps_ws/src/gps/src/SerialPort/usart.cpp:35:72:[m[K [01;36m[Knote: [m[K‘[01m[Kstd::string[m[K’ is defined in header ‘[01m[K<string>[m[K’; did you forget to ‘[01m[K#include <string>[m[K’?
[0.574s] [01m[K/home/w/projects/projects/gps_ws/src/gps/src/SerialPort/usart.cpp:40:27:[m[K [01;31m[Kerror: [m[K‘[01m[Kbaud_rate_[m[K’ was not declared in this scope
[0.574s]    40 |         cfsetospeed(&tty, [01;31m[Kbaud_rate_[m[K);
[0.574s]       |                           [01;31m[K^~~~~~~~~~[m[K
[0.575s] [01m[K/home/w/projects/projects/gps_ws/src/gps/src/SerialPort/usart.cpp:61:13:[m[K [01;31m[Kerror: [m[K‘[01m[Klast_error_[m[K’ was not declared in this scope
[0.575s]    61 |             [01;31m[Klast_error_[m[K = "tcsetattr(" + device_ + ") failed: " + std::string(std::strerror(errno));
[0.575s]       |             [01;31m[K^~~~~~~~~~~[m[K
[0.575s] [01m[K/home/w/projects/projects/gps_ws/src/gps/src/SerialPort/usart.cpp:61:72:[m[K [01;31m[Kerror: [m[K‘[01m[Kstring[m[K’ is not a member of ‘[01m[Kstd[m[K’
[0.575s]    61 | csetattr(" + device_ + ") failed: " + std::[01;31m[Kstring[m[K(std::strerror(errno));
[0.575s]       |                                            [01;31m[K^~~~~~[m[K
[0.575s] 
[0.575s] [01m[K/home/w/projects/projects/gps_ws/src/gps/src/SerialPort/usart.cpp:61:72:[m[K [01;36m[Knote: [m[K‘[01m[Kstd::string[m[K’ is defined in header ‘[01m[K<string>[m[K’; did you forget to ‘[01m[K#include <string>[m[K’?
[0.575s] [01m[K/home/w/projects/projects/gps_ws/src/gps/src/SerialPort/usart.cpp:68:13:[m[K [01;31m[Kerror: [m[K‘[01m[Klast_error_[m[K’ was not declared in this scope
[0.575s]    68 |             [01;31m[Klast_error_[m[K = "tcflush(" + device_ + ") failed: " + std::string(std::strerror(errno));
[0.575s]       |             [01;31m[K^~~~~~~~~~~[m[K
[0.575s] [01m[K/home/w/projects/projects/gps_ws/src/gps/src/SerialPort/usart.cpp:68:70:[m[K [01;31m[Kerror: [m[K‘[01m[Kstring[m[K’ is not a member of ‘[01m[Kstd[m[K’
[0.575s]    68 | "tcflush(" + device_ + ") failed: " + std::[01;31m[Kstring[m[K(std::strerror(errno));
[0.575s]       |                                            [01;31m[K^~~~~~[m[K
[0.576s] 
[0.576s] [01m[K/home/w/projects/projects/gps_ws/src/gps/src/SerialPort/usart.cpp:68:70:[m[K [01;36m[Knote: [m[K‘[01m[Kstd::string[m[K’ is defined in header ‘[01m[K<string>[m[K’; did you forget to ‘[01m[K#include <string>[m[K’?
[0.576s] [01m[K/home/w/projects/projects/gps_ws/src/gps/src/SerialPort/usart.cpp:73:9:[m[K [01;31m[Kerror: [m[K‘[01m[Klast_error_[m[K’ was not declared in this scope
[0.576s]    73 |         [01;31m[Klast_error_[m[K.clear();
[0.576s]       |         [01;31m[K^~~~~~~~~~~[m[K
[0.576s] [01m[K/home/w/projects/projects/gps_ws/src/gps/src/SerialPort/usart.cpp:[m[K In member function ‘[01m[Kvoid SerialPort::closePort()[m[K’:
[0.576s] [01m[K/home/w/projects/projects/gps_ws/src/gps/src/SerialPort/usart.cpp:80:14:[m[K [01;31m[Kerror: [m[K‘[01m[Klock_guard[m[K’ is not a member of ‘[01m[Kstd[m[K’
[0.576s]    80 |         std::[01;31m[Klock_guard[m[K<std::mutex> lock(mutex_);
[0.576s]       |              [01;31m[K^~~~~~~~~~[m[K
[0.576s] [01m[K/home/w/projects/projects/gps_ws/src/gps/src/SerialPort/usart.cpp:80:14:[m[K [01;36m[Knote: [m[K‘[01m[Kstd::lock_guard[m[K’ is defined in header ‘[01m[K<mutex>[m[K’; did you forget to ‘[01m[K#include <mutex>[m[K’?
[0.576s] [01m[K/home/w/projects/projects/gps_ws/src/gps/src/SerialPort/usart.cpp:80:30:[m[K [01;31m[Kerror: [m[K‘[01m[Kmutex[m[K’ is not a member of ‘[01m[Kstd[m[K’
[0.576s]    80 |         std::lock_guard<std::[01;31m[Kmutex[m[K> lock(mutex_);
[0.576s]       |                              [01;31m[K^~~~~[m[K
[0.576s] [01m[K/home/w/projects/projects/gps_ws/src/gps/src/SerialPort/usart.cpp:80:30:[m[K [01;36m[Knote: [m[K‘[01m[Kstd::mutex[m[K’ is defined in header ‘[01m[K<mutex>[m[K’; did you forget to ‘[01m[K#include <mutex>[m[K’?
[0.576s] [01m[K/home/w/projects/projects/gps_ws/src/gps/src/SerialPort/usart.cpp:80:42:[m[K [01;31m[Kerror: [m[K‘[01m[Kmutex_[m[K’ was not declared in this scope
[0.577s]    80 |         std::lock_guard<std::mutex> lock([01;31m[Kmutex_[m[K);
[0.577s]       |                                          [01;31m[K^~~~~~[m[K
[0.577s] [01m[K/home/w/projects/projects/gps_ws/src/gps/src/SerialPort/usart.cpp:80:37:[m[K [01;31m[Kerror: [m[K‘[01m[Klock[m[K’ was not declared in this scope; did you mean ‘[01m[Klockf[m[K’?
[0.577s]    80 |         std::lock_guard<std::mutex> [01;31m[Klock[m[K(mutex_);
[0.577s]       |                                     [01;31m[K^~~~[m[K
[0.577s]       |                                     [32m[Klockf[m[K
[0.577s] [01m[K/home/w/projects/projects/gps_ws/src/gps/src/SerialPort/usart.cpp:[m[K In member function ‘[01m[Kbool SerialPort::isOpen() const[m[K’:
[0.577s] [01m[K/home/w/projects/projects/gps_ws/src/gps/src/SerialPort/usart.cpp:86:14:[m[K [01;31m[Kerror: [m[K‘[01m[Klock_guard[m[K’ is not a member of ‘[01m[Kstd[m[K’
[0.577s]    86 |         std::[01;31m[Klock_guard[m[K<std::mutex> lock(mutex_);
[0.577s]       |              [01;31m[K^~~~~~~~~~[m[K
[0.577s] [01m[K/home/w/projects/projects/gps_ws/src/gps/src/SerialPort/usart.cpp:86:14:[m[K [01;36m[Knote: [m[K‘[01m[Kstd::lock_guard[m[K’ is defined in header ‘[01m[K<mutex>[m[K’; did you forget to ‘[01m[K#include <mutex>[m[K’?
[0.577s] [01m[K/home/w/projects/projects/gps_ws/src/gps/src/SerialPort/usart.cpp:86:30:[m[K [01;31m[Kerror: [m[K‘[01m[Kmutex[m[K’ is not a member of ‘[01m[Kstd[m[K’
[0.577s]    86 |         std::lock_guard<std::[01;31m[Kmutex[m[K> lock(mutex_);
[0.577s]       |                              [01;31m[K^~~~~[m[K
[0.577s] [01m[K/home/w/projects/projects/gps_ws/src/gps/src/SerialPort/usart.cpp:86:30:[m[K [01;36m[Knote: [m[K‘[01m[Kstd::mutex[m[K’ is defined in header ‘[01m[K<mutex>[m[K’; did you forget to ‘[01m[K#include <mutex>[m[K’?
[0.577s] [01m[K/home/w/projects/projects/gps_ws/src/gps/src/SerialPort/usart.cpp:86:42:[m[K [01;31m[Kerror: [m[K‘[01m[Kmutex_[m[K’ was not declared in this scope
[0.577s]    86 |         std::lock_guard<std::mutex> lock([01;31m[Kmutex_[m[K);
[0.578s]       |                                          [01;31m[K^~~~~~[m[K
[0.578s] [01m[K/home/w/projects/projects/gps_ws/src/gps/src/SerialPort/usart.cpp:86:37:[m[K [01;31m[Kerror: [m[K‘[01m[Klock[m[K’ was not declared in this scope; did you mean ‘[01m[Klockf[m[K’?
[0.578s]    86 |         std::lock_guard<std::mutex> [01;31m[Klock[m[K(mutex_);
[0.578s]       |                                     [01;31m[K^~~~[m[K
[0.578s]       |                                     [32m[Klockf[m[K
[0.578s] [01m[K/home/w/projects/projects/gps_ws/src/gps/src/SerialPort/usart.cpp:[m[K At global scope:
[0.578s] [01m[K/home/w/projects/projects/gps_ws/src/gps/src/SerialPort/usart.cpp:90:6:[m[K [01;31m[Kerror: [m[K‘[01m[Kstring[m[K’ in namespace ‘[01m[Kstd[m[K’ does not name a type
[0.578s]    90 | std::[01;31m[Kstring[m[K SerialPort::lastError() const
[0.578s]       |      [01;31m[K^~~~~~[m[K
[0.578s] [01m[K/home/w/projects/projects/gps_ws/src/gps/src/SerialPort/usart.cpp:90:1:[m[K [01;36m[Knote: [m[K‘[01m[Kstd::string[m[K’ is defined in header ‘[01m[K<string>[m[K’; did you forget to ‘[01m[K#include <string>[m[K’?
[0.578s]    90 | [01;36m[Kstd[m[K::string SerialPort::lastError() const
[0.578s]       | [01;36m[K^~~[m[K
[0.578s] [01m[K/home/w/projects/projects/gps_ws/src/gps/src/SerialPort/usart.cpp:97:6:[m[K [01;31m[Kerror: [m[Kno declaration matches ‘[01m[Kbool SerialPort::writeExact(const void*, std::size_t)[m[K’
[0.578s]    97 | bool [01;31m[KSerialPort[m[K::writeExact(const void* data, std::size_t len)
[0.578s]       |      [01;31m[K^~~~~~~~~~[m[K
[0.578s] In file included from [01m[K/home/w/projects/projects/gps_ws/src/gps/src/SerialPort/usart.cpp:1[m[K:
[0.578s] [01m[K/home/w/projects/projects/gps_ws/src/gps/src/SerialPort/usart.hpp:27:10:[m[K [01;36m[Knote: [m[Kcandidate is: ‘[01m[Kbool SerialPort::writeExact(const void*, int)[m[K’
[0.578s]    27 |     bool [01;36m[KwriteExact[m[K(const void* data, std::size_t len);
[0.578s]       |          [01;36m[K^~~~~~~~~~[m[K
[0.578s] [01m[K/home/w/projects/projects/gps_ws/src/gps/src/SerialPort/usart.hpp:6:7:[m[K [01;36m[Knote: [m[K‘[01m[Kclass SerialPort[m[K’ defined here
[0.578s]     6 | class [01;36m[KSerialPort[m[K
[0.578s]       |       [01;36m[K^~~~~~~~~~[m[K
[0.578s] [01m[K/home/w/projects/projects/gps_ws/src/gps/src/SerialPort/usart.cpp:138:1:[m[K [01;31m[Kerror: [m[K‘[01m[Kssize_t[m[K’ does not name a type; did you mean ‘[01m[Ksize_t[m[K’?
[0.579s]   138 | [01;31m[Kssize_t[m[K SerialPort::readSome(void* buffer, std::size_t max_len)
[0.579s]       | [01;31m[K^~~~~~~[m[K
[0.579s]       | [32m[Ksize_t[m[K
[0.579s] [01m[K/home/w/projects/projects/gps_ws/src/gps/src/SerialPort/usart.cpp:[m[K In member function ‘[01m[Kvoid SerialPort::closeUnlocked()[m[K’:
[0.579s] [01m[K/home/w/projects/projects/gps_ws/src/gps/src/SerialPort/usart.cpp:173:15:[m[K [01;31m[Kerror: [m[K‘[01m[K::close[m[K’ has not been declared
[0.579s]   173 |             ::[01;31m[Kclose[m[K(fd_);
[0.579s]       |               [01;31m[K^~~~~[m[K
[0.580s] gmake[2]: *** [CMakeFiles/SerialPort.dir/build.make:79: CMakeFiles/SerialPort.dir/src/SerialPort/usart.cpp.o] Error 1
[0.580s] gmake[1]: *** [CMakeFiles/Makefile2:92: CMakeFiles/SerialPort.dir/all] Error 2
[0.580s] gmake: *** [Makefile:146: all] Error 2
[0.582s] Invoked command in '/home/w/projects/projects/gps_ws/build/gps' returned '2': CMAKE_PREFIX_PATH=${CMAKE_PREFIX_PATH}:/opt/ros/humble /usr/bin/cmake --build /home/w/projects/projects/gps_ws/build/gps -- -j16 -l16
