[0.011s] Invoking command in '/home/w/projects/projects/gps_ws/build/gps': CMAKE_PREFIX_PATH=${CMAKE_PREFIX_PATH}:/opt/ros/humble /usr/bin/cmake --build /home/w/projects/projects/gps_ws/build/gps -- -j16 -l16
[0.046s] [ 50%] [32mBuilding CXX object CMakeFiles/gps_node.dir/src/gps_node.cpp.o[0m
[8.817s] [100%] [1m[32mLinking CXX executable gps_node[0m
[9.256s] [100%] Built target gps_node
[9.262s] Invoked command in '/home/w/projects/projects/gps_ws/build/gps' returned '0': CMAKE_PREFIX_PATH=${CMAKE_PREFIX_PATH}:/opt/ros/humble /usr/bin/cmake --build /home/w/projects/projects/gps_ws/build/gps -- -j16 -l16
[9.268s] Invoking command in '/home/w/projects/projects/gps_ws/build/gps': CMAKE_PREFIX_PATH=${CMAKE_PREFIX_PATH}:/opt/ros/humble /usr/bin/cmake --install /home/w/projects/projects/gps_ws/build/gps
[9.273s] -- Install configuration: ""
[9.273s] -- Installing: /home/w/projects/projects/gps_ws/install/gps/lib/gps/gps_node
[9.276s] -- Set non-toolchain portion of runtime path of "/home/w/projects/projects/gps_ws/install/gps/lib/gps/gps_node" to ""
[9.276s] -- Installing: /home/w/projects/projects/gps_ws/install/gps/share/ament_index/resource_index/package_run_dependencies/gps
[9.277s] -- Installing: /home/w/projects/projects/gps_ws/install/gps/share/ament_index/resource_index/parent_prefix_path/gps
[9.277s] -- Installing: /home/w/projects/projects/gps_ws/install/gps/share/gps/environment/ament_prefix_path.sh
[9.277s] -- Installing: /home/w/projects/projects/gps_ws/install/gps/share/gps/environment/ament_prefix_path.dsv
[9.277s] -- Installing: /home/w/projects/projects/gps_ws/install/gps/share/gps/environment/path.sh
[9.277s] -- Installing: /home/w/projects/projects/gps_ws/install/gps/share/gps/environment/path.dsv
[9.277s] -- Installing: /home/w/projects/projects/gps_ws/install/gps/share/gps/local_setup.bash
[9.277s] -- Installing: /home/w/projects/projects/gps_ws/install/gps/share/gps/local_setup.sh
[9.277s] -- Installing: /home/w/projects/projects/gps_ws/install/gps/share/gps/local_setup.zsh
[9.277s] -- Installing: /home/w/projects/projects/gps_ws/install/gps/share/gps/local_setup.dsv
[9.277s] -- Installing: /home/w/projects/projects/gps_ws/install/gps/share/gps/package.dsv
[9.277s] -- Installing: /home/w/projects/projects/gps_ws/install/gps/share/ament_index/resource_index/packages/gps
[9.278s] -- Installing: /home/w/projects/projects/gps_ws/install/gps/share/gps/cmake/gpsConfig.cmake
[9.278s] -- Installing: /home/w/projects/projects/gps_ws/install/gps/share/gps/cmake/gpsConfig-version.cmake
[9.278s] -- Installing: /home/w/projects/projects/gps_ws/install/gps/share/gps/package.xml
[9.279s] Invoked command in '/home/w/projects/projects/gps_ws/build/gps' returned '0': CMAKE_PREFIX_PATH=${CMAKE_PREFIX_PATH}:/opt/ros/humble /usr/bin/cmake --install /home/w/projects/projects/gps_ws/build/gps
