[0mCMake Deprecation Warning at CMakeLists.txt:1 (cmake_minimum_required):
  Compatibility with CMake < 3.10 will be removed from a future version of
  CMake.

  Update the VERSION argument <min> value.  Or, use the <min>...<max> syntax
  to tell CMake that the project requires at least <min> but has been updated
  to work with policies introduced by <max> or earlier.

[0m
In file included from [01m[K/home/w/projects/projects/gps_ws/src/gps/src/gps_node.cpp:6[m[K:
[01m[K/home/w/projects/projects/gps_ws/src/gps/src/SerialPort/usart.hpp:17:36:[m[K [01;31m[Kerror: [m[K‘[01m[Kspeed_t[m[K’ has not been declared
   17 |     SerialPort(std::string device, [01;31m[Kspeed_t[m[K baud_rate = B115200,
      |                                    [01;31m[K^~~~~~~[m[K
[01m[K/home/w/projects/projects/gps_ws/src/gps/src/SerialPort/usart.hpp:42:5:[m[K [01;31m[Kerror: [m[K‘[01m[Kspeed_t[m[K’ does not name a type
   42 |     [01;31m[Kspeed_t[m[K baud_rate_ {B115200};
      |     [01;31m[K^~~~~~~[m[K
[01m[K/home/w/projects/projects/gps_ws/src/gps/src/SerialPort/usart.hpp:42:33:[m[K [01;35m[Kwarning: [m[Kextra ‘[01m[K;[m[K’ [[01;35m[K]8;;https://gcc.gnu.org/onlinedocs/gcc/Warning-Options.html#index-Wpedantic-Wpedantic]8;;[m[K]
   42 |     speed_t baud_rate_ {B115200}[01;35m[K;[m[K
      |                                 [01;35m[K^[m[K
      |                                 [31m[K-[m[K
[01m[K/home/w/projects/projects/gps_ws/src/gps/src/SerialPort/usart.hpp:17:56:[m[K [01;31m[Kerror: [m[K‘[01m[KB115200[m[K’ was not declared in this scope
   17 | lPort(std::string device, speed_t baud_rate = [01;31m[KB115200[m[K,
      |                                               [01;31m[K^~~~~~~[m[K

[01m[K/home/w/projects/projects/gps_ws/src/gps/src/SerialPort/usart.hpp:17:56:[m[K [01;36m[Knote: [m[Kthe macro ‘[01m[KB115200[m[K’ had not yet been defined
In file included from [01m[K/usr/include/x86_64-linux-gnu/bits/termios.h:53[m[K,
                 from [01m[K/usr/include/termios.h:39[m[K,
                 from [01m[K/home/w/projects/projects/gps_ws/src/gps/src/gps_node.cpp:19[m[K:
[01m[K/usr/include/x86_64-linux-gnu/bits/termios-baud.h:34:[m[K [01;36m[Knote: [m[Kit was later defined here
   34 | #define  B115200   0010002
      | 
[01m[K/home/w/projects/projects/gps_ws/src/gps/src/gps_node.cpp:26:8:[m[K [01;31m[Kerror: [m[Kredefinition of ‘[01m[Kstruct Pose2D[m[K’
   26 | struct [01;31m[KPose2D[m[K
      |        [01;31m[K^~~~~~[m[K
In file included from [01m[K/home/w/projects/projects/gps_ws/src/gps/src/gps_node.cpp:6[m[K:
[01m[K/home/w/projects/projects/gps_ws/src/gps/src/SerialPort/usart.hpp:7:9:[m[K [01;36m[Knote: [m[Kprevious definition of ‘[01m[Kstruct Pose2D[m[K’
    7 |  struct [01;36m[KPose2D[m[K
      |         [01;36m[K^~~~~~[m[K
gmake[2]: *** [CMakeFiles/gps_node.dir/build.make:79: CMakeFiles/gps_node.dir/src/gps_node.cpp.o] Error 1
gmake[1]: *** [CMakeFiles/Makefile2:153: CMakeFiles/gps_node.dir/all] Error 2
gmake: *** [Makefile:146: all] Error 2
