[0mCMake Deprecation Warning at CMakeLists.txt:1 (cmake_minimum_required):
  Compatibility with CMake < 3.10 will be removed from a future version of
  CMake.

  Update the VERSION argument <min> value.  Or, use the <min>...<max> syntax
  to tell CMake that the project requires at least <min> but has been updated
  to work with policies introduced by <max> or earlier.

[0m
-- The C compiler identification is GNU 11.4.0
-- The CXX compiler identification is GNU 11.4.0
-- Detecting C compiler ABI info
-- Detecting C compiler ABI info - done
-- Check for working C compiler: /usr/bin/cc - skipped
-- Detecting C compile features
-- Detecting C compile features - done
-- Detecting CXX compiler ABI info
-- Detecting CXX compiler ABI info - done
-- Check for working CXX compiler: /usr/bin/c++ - skipped
-- Detecting CXX compile features
-- Detecting CXX compile features - done
-- Found ament_cmake: 1.3.14 (/opt/ros/humble/share/ament_cmake/cmake)
-- Found Python3: /usr/bin/python3 (found version "3.10.12") found components: Interpreter
-- Found rclcpp: 16.0.19 (/opt/ros/humble/share/rclcpp/cmake)
-- Found rosidl_generator_c: 3.1.8 (/opt/ros/humble/share/rosidl_generator_c/cmake)
-- Found rosidl_adapter: 3.1.8 (/opt/ros/humble/share/rosidl_adapter/cmake)
-- Found rosidl_generator_cpp: 3.1.8 (/opt/ros/humble/share/rosidl_generator_cpp/cmake)
-- Using all available rosidl_typesupport_c: rosidl_typesupport_fastrtps_c;rosidl_typesupport_introspection_c
-- Using all available rosidl_typesupport_cpp: rosidl_typesupport_fastrtps_cpp;rosidl_typesupport_introspection_cpp
-- Found rmw_implementation_cmake: 6.1.2 (/opt/ros/humble/share/rmw_implementation_cmake/cmake)
-- Found rmw_fastrtps_cpp: 6.2.10 (/opt/ros/humble/share/rmw_fastrtps_cpp/cmake)
-- Found OpenSSL: /usr/lib/x86_64-linux-gnu/libcrypto.so (found version "3.0.2")
-- Found FastRTPS: /opt/ros/humble/include
-- Using RMW implementation 'rmw_fastrtps_cpp' as default
-- Performing Test CMAKE_HAVE_LIBC_PTHREAD
-- Performing Test CMAKE_HAVE_LIBC_PTHREAD - Success
-- Found Threads: TRUE
-- Found tf2_msgs: 0.25.20 (/opt/ros/humble/share/tf2_msgs/cmake)
-- Found behaviortree_cpp: 4.9.0 (/opt/ros/humble/share/behaviortree_cpp/cmake)
-- Found ament_lint_auto: 0.12.15 (/opt/ros/humble/share/ament_lint_auto/cmake)
-- Added test 'cppcheck' to perform static code analysis on C / C++ code
-- Configured cppcheck include dirs: 
-- Configured cppcheck exclude dirs and/or files: 
-- Added test 'lint_cmake' to check CMake code style
-- Added test 'uncrustify' to check C / C++ code style
-- Configured uncrustify additional arguments: 
-- Added test 'xmllint' to check XML markup files
-- Configuring done (1.1s)
-- Generating done (0.0s)
-- Build files have been written to: /home/w/projects/projects/gps_ws/build/gps
[ 50%] [32mBuilding CXX object CMakeFiles/gps_node.dir/src/gps_node.cpp.o[0m
In file included from [01m[K/home/w/projects/projects/gps_ws/src/gps/src/gps_node.cpp:6[m[K:
[01m[K/home/w/projects/projects/gps_ws/src/gps/src/SerialPort/usart.hpp:17:36:[m[K [01;31m[Kerror: [m[K‘[01m[Kspeed_t[m[K’ has not been declared
   17 |     SerialPort(std::string device, [01;31m[Kspeed_t[m[K baud_rate = B115200,
      |                                    [01;31m[K^~~~~~~[m[K
[01m[K/home/w/projects/projects/gps_ws/src/gps/src/SerialPort/usart.hpp:42:5:[m[K [01;31m[Kerror: [m[K‘[01m[Kspeed_t[m[K’ does not name a type
   42 |     [01;31m[Kspeed_t[m[K baud_rate_ {B115200};
      |     [01;31m[K^~~~~~~[m[K
[01m[K/home/w/projects/projects/gps_ws/src/gps/src/SerialPort/usart.hpp:42:33:[m[K [01;35m[Kwarning: [m[Kextra ‘[01m[K;[m[K’ [[01;35m[K]8;;https://gcc.gnu.org/onlinedocs/gcc/Warning-Options.html#index-Wpedantic-Wpedantic]8;;[m[K]
   42 |     speed_t baud_rate_ {B115200}[01;35m[K;[m[K
      |                                 [01;35m[K^[m[K
      |                                 [31m[K-[m[K
[01m[K/home/w/projects/projects/gps_ws/src/gps/src/SerialPort/usart.hpp:17:56:[m[K [01;31m[Kerror: [m[K‘[01m[KB115200[m[K’ was not declared in this scope
   17 | lPort(std::string device, speed_t baud_rate = [01;31m[KB115200[m[K,
      |                                               [01;31m[K^~~~~~~[m[K

[01m[K/home/w/projects/projects/gps_ws/src/gps/src/SerialPort/usart.hpp:17:56:[m[K [01;36m[Knote: [m[Kthe macro ‘[01m[KB115200[m[K’ had not yet been defined
In file included from [01m[K/usr/include/x86_64-linux-gnu/bits/termios.h:53[m[K,
                 from [01m[K/usr/include/termios.h:39[m[K,
                 from [01m[K/home/w/projects/projects/gps_ws/src/gps/src/gps_node.cpp:19[m[K:
[01m[K/usr/include/x86_64-linux-gnu/bits/termios-baud.h:34:[m[K [01;36m[Knote: [m[Kit was later defined here
   34 | #define  B115200   0010002
      | 
[01m[K/home/w/projects/projects/gps_ws/src/gps/src/gps_node.cpp:26:8:[m[K [01;31m[Kerror: [m[Kredefinition of ‘[01m[Kstruct Pose2D[m[K’
   26 | struct [01;31m[KPose2D[m[K
      |        [01;31m[K^~~~~~[m[K
In file included from [01m[K/home/w/projects/projects/gps_ws/src/gps/src/gps_node.cpp:6[m[K:
[01m[K/home/w/projects/projects/gps_ws/src/gps/src/SerialPort/usart.hpp:7:9:[m[K [01;36m[Knote: [m[Kprevious definition of ‘[01m[Kstruct Pose2D[m[K’
    7 |  struct [01;36m[KPose2D[m[K
      |         [01;36m[K^~~~~~[m[K
gmake[2]: *** [CMakeFiles/gps_node.dir/build.make:79: CMakeFiles/gps_node.dir/src/gps_node.cpp.o] Error 1
gmake[1]: *** [CMakeFiles/Makefile2:153: CMakeFiles/gps_node.dir/all] Error 2
gmake: *** [Makefile:146: all] Error 2
