[0.012s] Invoking command in '/home/w/projects/projects/gps_ws/build/gps': CMAKE_PREFIX_PATH=${CMAKE_PREFIX_PATH}:/opt/ros/humble /usr/bin/cmake /home/w/projects/projects/gps_ws/src/gps -DCMAKE_INSTALL_PREFIX=/home/w/projects/projects/gps_ws/install/gps
[0.019s] [0mCMake Deprecation Warning at CMakeLists.txt:1 (cmake_minimum_required):
[0.019s]   Compatibility with CMake < 3.10 will be removed from a future version of
[0.019s]   CMake.
[0.019s] 
[0.019s]   Update the VERSION argument <min> value.  Or, use the <min>...<max> syntax
[0.019s]   to tell CMake that the project requires at least <min> but has been updated
[0.019s]   to work with policies introduced by <max> or earlier.
[0.019s] 
[0.019s] [0m
[0.099s] -- The C compiler identification is GNU 11.4.0
[0.183s] -- The CXX compiler identification is GNU 11.4.0
[0.195s] -- Detecting C compiler ABI info
[0.254s] -- Detecting C compiler ABI info - done
[0.264s] -- Check for working C compiler: /usr/bin/cc - skipped
[0.265s] -- Detecting C compile features
[0.265s] -- Detecting C compile features - done
[0.278s] -- Detecting CXX compiler ABI info
[0.337s] -- Detecting CXX compiler ABI info - done
[0.346s] -- Check for working CXX compiler: /usr/bin/c++ - skipped
[0.346s] -- Detecting CXX compile features
[0.347s] -- Detecting CXX compile features - done
[0.359s] -- Found ament_cmake: 1.3.14 (/opt/ros/humble/share/ament_cmake/cmake)
[0.489s] -- Found Python3: /usr/bin/python3 (found version "3.10.12") found components: Interpreter
[0.564s] -- Found rclcpp: 16.0.19 (/opt/ros/humble/share/rclcpp/cmake)
[0.603s] -- Found rosidl_generator_c: 3.1.8 (/opt/ros/humble/share/rosidl_generator_c/cmake)
[0.608s] -- Found rosidl_adapter: 3.1.8 (/opt/ros/humble/share/rosidl_adapter/cmake)
[0.616s] -- Found rosidl_generator_cpp: 3.1.8 (/opt/ros/humble/share/rosidl_generator_cpp/cmake)
[0.628s] -- Using all available rosidl_typesupport_c: rosidl_typesupport_fastrtps_c;rosidl_typesupport_introspection_c
[0.642s] -- Using all available rosidl_typesupport_cpp: rosidl_typesupport_fastrtps_cpp;rosidl_typesupport_introspection_cpp
[0.682s] -- Found rmw_implementation_cmake: 6.1.2 (/opt/ros/humble/share/rmw_implementation_cmake/cmake)
[0.684s] -- Found rmw_fastrtps_cpp: 6.2.10 (/opt/ros/humble/share/rmw_fastrtps_cpp/cmake)
[0.768s] -- Found OpenSSL: /usr/lib/x86_64-linux-gnu/libcrypto.so (found version "3.0.2")
[0.794s] -- Found FastRTPS: /opt/ros/humble/include
[0.832s] -- Using RMW implementation 'rmw_fastrtps_cpp' as default
[0.843s] -- Performing Test CMAKE_HAVE_LIBC_PTHREAD
[0.898s] -- Performing Test CMAKE_HAVE_LIBC_PTHREAD - Success
[0.899s] -- Found Threads: TRUE
[0.959s] -- Found tf2_msgs: 0.25.20 (/opt/ros/humble/share/tf2_msgs/cmake)
[1.019s] -- Found behaviortree_cpp: 4.9.0 (/opt/ros/humble/share/behaviortree_cpp/cmake)
[1.023s] -- Found ament_lint_auto: 0.12.15 (/opt/ros/humble/share/ament_lint_auto/cmake)
[1.095s] -- Added test 'cppcheck' to perform static code analysis on C / C++ code
[1.095s] -- Configured cppcheck include dirs: 
[1.095s] -- Configured cppcheck exclude dirs and/or files: 
[1.096s] -- Added test 'lint_cmake' to check CMake code style
[1.097s] -- Added test 'uncrustify' to check C / C++ code style
[1.097s] -- Configured uncrustify additional arguments: 
[1.097s] -- Added test 'xmllint' to check XML markup files
[1.098s] -- Configuring done (1.1s)
[1.108s] -- Generating done (0.0s)
[1.125s] -- Build files have been written to: /home/w/projects/projects/gps_ws/build/gps
[1.136s] Invoked command in '/home/w/projects/projects/gps_ws/build/gps' returned '0': CMAKE_PREFIX_PATH=${CMAKE_PREFIX_PATH}:/opt/ros/humble /usr/bin/cmake /home/w/projects/projects/gps_ws/src/gps -DCMAKE_INSTALL_PREFIX=/home/w/projects/projects/gps_ws/install/gps
[1.136s] Invoking command in '/home/w/projects/projects/gps_ws/build/gps': CMAKE_PREFIX_PATH=${CMAKE_PREFIX_PATH}:/opt/ros/humble /usr/bin/cmake --build /home/w/projects/projects/gps_ws/build/gps -- -j16 -l16
[1.161s] [ 50%] [32mBuilding CXX object CMakeFiles/gps_node.dir/src/gps_node.cpp.o[0m
[3.334s] In file included from [01m[K/home/w/projects/projects/gps_ws/src/gps/src/gps_node.cpp:6[m[K:
[3.334s] [01m[K/home/w/projects/projects/gps_ws/src/gps/src/SerialPort/usart.hpp:17:36:[m[K [01;31m[Kerror: [m[K‘[01m[Kspeed_t[m[K’ has not been declared
[3.334s]    17 |     SerialPort(std::string device, [01;31m[Kspeed_t[m[K baud_rate = B115200,
[3.335s]       |                                    [01;31m[K^~~~~~~[m[K
[3.335s] [01m[K/home/w/projects/projects/gps_ws/src/gps/src/SerialPort/usart.hpp:42:5:[m[K [01;31m[Kerror: [m[K‘[01m[Kspeed_t[m[K’ does not name a type
[3.335s]    42 |     [01;31m[Kspeed_t[m[K baud_rate_ {B115200};
[3.335s]       |     [01;31m[K^~~~~~~[m[K
[3.338s] [01m[K/home/w/projects/projects/gps_ws/src/gps/src/SerialPort/usart.hpp:42:33:[m[K [01;35m[Kwarning: [m[Kextra ‘[01m[K;[m[K’ [[01;35m[K]8;;https://gcc.gnu.org/onlinedocs/gcc/Warning-Options.html#index-Wpedantic-Wpedantic]8;;[m[K]
[3.338s]    42 |     speed_t baud_rate_ {B115200}[01;35m[K;[m[K
[3.338s]       |                                 [01;35m[K^[m[K
[3.338s]       |                                 [31m[K-[m[K
[3.342s] [01m[K/home/w/projects/projects/gps_ws/src/gps/src/SerialPort/usart.hpp:17:56:[m[K [01;31m[Kerror: [m[K‘[01m[KB115200[m[K’ was not declared in this scope
[3.342s]    17 | lPort(std::string device, speed_t baud_rate = [01;31m[KB115200[m[K,
[3.342s]       |                                               [01;31m[K^~~~~~~[m[K
[3.342s] 
[3.342s] [01m[K/home/w/projects/projects/gps_ws/src/gps/src/SerialPort/usart.hpp:17:56:[m[K [01;36m[Knote: [m[Kthe macro ‘[01m[KB115200[m[K’ had not yet been defined
[3.342s] In file included from [01m[K/usr/include/x86_64-linux-gnu/bits/termios.h:53[m[K,
[3.342s]                  from [01m[K/usr/include/termios.h:39[m[K,
[3.342s]                  from [01m[K/home/w/projects/projects/gps_ws/src/gps/src/gps_node.cpp:19[m[K:
[3.342s] [01m[K/usr/include/x86_64-linux-gnu/bits/termios-baud.h:34:[m[K [01;36m[Knote: [m[Kit was later defined here
[3.342s]    34 | #define  B115200   0010002
[3.342s]       | 
[3.343s] [01m[K/home/w/projects/projects/gps_ws/src/gps/src/gps_node.cpp:26:8:[m[K [01;31m[Kerror: [m[Kredefinition of ‘[01m[Kstruct Pose2D[m[K’
[3.343s]    26 | struct [01;31m[KPose2D[m[K
[3.343s]       |        [01;31m[K^~~~~~[m[K
[3.343s] In file included from [01m[K/home/w/projects/projects/gps_ws/src/gps/src/gps_node.cpp:6[m[K:
[3.343s] [01m[K/home/w/projects/projects/gps_ws/src/gps/src/SerialPort/usart.hpp:7:9:[m[K [01;36m[Knote: [m[Kprevious definition of ‘[01m[Kstruct Pose2D[m[K’
[3.343s]     7 |  struct [01;36m[KPose2D[m[K
[3.343s]       |         [01;36m[K^~~~~~[m[K
[5.493s] gmake[2]: *** [CMakeFiles/gps_node.dir/build.make:79: CMakeFiles/gps_node.dir/src/gps_node.cpp.o] Error 1
[5.493s] gmake[1]: *** [CMakeFiles/Makefile2:153: CMakeFiles/gps_node.dir/all] Error 2
[5.493s] gmake: *** [Makefile:146: all] Error 2
[5.495s] Invoked command in '/home/w/projects/projects/gps_ws/build/gps' returned '2': CMAKE_PREFIX_PATH=${CMAKE_PREFIX_PATH}:/opt/ros/humble /usr/bin/cmake --build /home/w/projects/projects/gps_ws/build/gps -- -j16 -l16
