[ 50%] Built target SerialPort
[ 75%] [32mBuilding CXX object CMakeFiles/gps_node.dir/src/gps_node.cpp.o[0m
In file included from [01m[K/opt/ros/humble/include/rclcpp/rclcpp/client.hpp:40[m[K,
                 from [01m[K/opt/ros/humble/include/rclcpp/rclcpp/callback_group.hpp:24[m[K,
                 from [01m[K/opt/ros/humble/include/rclcpp/rclcpp/any_executable.hpp:20[m[K,
                 from [01m[K/opt/ros/humble/include/rclcpp/rclcpp/memory_strategy.hpp:25[m[K,
                 from [01m[K/opt/ros/humble/include/rclcpp/rclcpp/memory_strategies.hpp:18[m[K,
                 from [01m[K/opt/ros/humble/include/rclcpp/rclcpp/executor_options.hpp:20[m[K,
                 from [01m[K/opt/ros/humble/include/rclcpp/rclcpp/executor.hpp:37[m[K,
                 from [01m[K/opt/ros/humble/include/rclcpp/rclcpp/executors/multi_threaded_executor.hpp:25[m[K,
                 from [01m[K/opt/ros/humble/include/rclcpp/rclcpp/executors.hpp:21[m[K,
                 from [01m[K/opt/ros/humble/include/rclcpp/rclcpp/rclcpp.hpp:155[m[K,
                 from [01m[K/home/w/projects/projects/gps_ws/src/gps/src/gps_node.cpp:3[m[K:
[01m[K/home/w/projects/projects/gps_ws/src/gps/src/gps_node.cpp:[m[K In member function ‘[01m[Kvirtual BT::NodeStatus MoveToLocation::onRunning()[m[K’:
[01m[K/home/w/projects/projects/gps_ws/src/gps/src/gps_node.cpp:400:21:[m[K [01;31m[Kerror: [m[K‘[01m[Kcontext_logger[m[K’ was not declared in this scope
  400 |         RCLCPP_INFO([01;31m[Kcontext_logger[m[K,"(xLy):%.3f,%.3f",current_location.x,current_location.y);
      |                     [01;31m[K^~~~~~~~~~~~~~[m[K
[01m[K/home/w/projects/projects/gps_ws/src/gps/src/gps_node.cpp:400:9:[m[K [01;31m[Kerror: [m[Ktemplate argument 1 is invalid
  400 |         [01;31m[KRCLCPP_INFO[m[K(context_logger,"(xLy):%.3f,%.3f",current_location.x,current_location.y);
      |         [01;31m[K^~~~~~~~~~~[m[K
In file included from [01m[K/opt/ros/humble/include/rclcpp/rclcpp/logging.hpp:24[m[K,
                 from [01m[K/opt/ros/humble/include/rclcpp/rclcpp/client.hpp:40[m[K,
                 from [01m[K/opt/ros/humble/include/rclcpp/rclcpp/callback_group.hpp:24[m[K,
                 from [01m[K/opt/ros/humble/include/rclcpp/rclcpp/any_executable.hpp:20[m[K,
                 from [01m[K/opt/ros/humble/include/rclcpp/rclcpp/memory_strategy.hpp:25[m[K,
                 from [01m[K/opt/ros/humble/include/rclcpp/rclcpp/memory_strategies.hpp:18[m[K,
                 from [01m[K/opt/ros/humble/include/rclcpp/rclcpp/executor_options.hpp:20[m[K,
                 from [01m[K/opt/ros/humble/include/rclcpp/rclcpp/executor.hpp:37[m[K,
                 from [01m[K/opt/ros/humble/include/rclcpp/rclcpp/executors/multi_threaded_executor.hpp:25[m[K,
                 from [01m[K/opt/ros/humble/include/rclcpp/rclcpp/executors.hpp:21[m[K,
                 from [01m[K/opt/ros/humble/include/rclcpp/rclcpp/rclcpp.hpp:155[m[K,
                 from [01m[K/home/w/projects/projects/gps_ws/src/gps/src/gps_node.cpp:3[m[K:
[01m[K/home/w/projects/projects/gps_ws/src/gps/src/gps_node.cpp:[m[K In member function ‘[01m[KBT::NodeStatus MoveToLocation::driveToTarget(float, MoveToLocation::Phase)[m[K’:
[01m[K/home/w/projects/projects/gps_ws/src/gps/src/gps_node.cpp:503:84:[m[K [01;31m[Kerror: [m[K‘[01m[Kcurrent_location[m[K’ was not declared in this scope; did you mean ‘[01m[Kdest_location_[m[K’?
  503 |         RCLCPP_INFO(context_->logger,"cur_dis:%.4f,cur(x,y):%.2f.%,2f " , distance,[01;31m[Kcurrent_location[m[K.x,curren_location.y);
      |                                                                                    [01;31m[K^~~~~~~~~~~~~~~~[m[K
[01m[K/home/w/projects/projects/gps_ws/src/gps/src/gps_node.cpp:503:103:[m[K [01;31m[Kerror: [m[K‘[01m[Kcurren_location[m[K’ was not declared in this scope
  503 |         RCLCPP_INFO(context_->logger,"cur_dis:%.4f,cur(x,y):%.2f.%,2f " , distance,current_location.x,[01;31m[Kcurren_location[m[K.y);
      |                                                                                                       [01;31m[K^~~~~~~~~~~~~~~[m[K
gmake[2]: *** [CMakeFiles/gps_node.dir/build.make:79: CMakeFiles/gps_node.dir/src/gps_node.cpp.o] Error 1
gmake[1]: *** [CMakeFiles/Makefile2:188: CMakeFiles/gps_node.dir/all] Error 2
gmake: *** [Makefile:146: all] Error 2
