[ 50%] Built target SerialPort
[ 75%] Building CXX object CMakeFiles/gps_node.dir/src/gps_node.cpp.o
/home/w/projects/projects/gps_ws/src/gps/src/gps_node.cpp: In member function ‘virtual BT::NodeStatus TimedVelocityAction::onRunning()’:
/home/w/projects/projects/gps_ws/src/gps/src/gps_node.cpp:271:5: warning: control reaches end of non-void function [-Wreturn-type]
  271 |     }
      |     ^
[100%] Linking CXX executable gps_node
[100%] Built target gps_node
-- Install configuration: ""
-- Installing: /home/w/projects/projects/gps_ws/install/gps/lib/gps/gps_node
-- Set non-toolchain portion of runtime path of "/home/w/projects/projects/gps_ws/install/gps/lib/gps/gps_node" to ""
-- Installing: /home/w/projects/projects/gps_ws/install/gps/share/gps/tree.xml
-- Up-to-date: /home/w/projects/projects/gps_ws/install/gps/share/ament_index/resource_index/package_run_dependencies/gps
-- Up-to-date: /home/w/projects/projects/gps_ws/install/gps/share/ament_index/resource_index/parent_prefix_path/gps
-- Up-to-date: /home/w/projects/projects/gps_ws/install/gps/share/gps/environment/ament_prefix_path.sh
-- Up-to-date: /home/w/projects/projects/gps_ws/install/gps/share/gps/environment/ament_prefix_path.dsv
-- Up-to-date: /home/w/projects/projects/gps_ws/install/gps/share/gps/environment/path.sh
-- Up-to-date: /home/w/projects/projects/gps_ws/install/gps/share/gps/environment/path.dsv
-- Up-to-date: /home/w/projects/projects/gps_ws/install/gps/share/gps/local_setup.bash
-- Up-to-date: /home/w/projects/projects/gps_ws/install/gps/share/gps/local_setup.sh
-- Up-to-date: /home/w/projects/projects/gps_ws/install/gps/share/gps/local_setup.zsh
-- Up-to-date: /home/w/projects/projects/gps_ws/install/gps/share/gps/local_setup.dsv
-- Installing: /home/w/projects/projects/gps_ws/install/gps/share/gps/package.dsv
-- Up-to-date: /home/w/projects/projects/gps_ws/install/gps/share/ament_index/resource_index/packages/gps
-- Up-to-date: /home/w/projects/projects/gps_ws/install/gps/share/gps/cmake/gpsConfig.cmake
-- Up-to-date: /home/w/projects/projects/gps_ws/install/gps/share/gps/cmake/gpsConfig-version.cmake
-- Up-to-date: /home/w/projects/projects/gps_ws/install/gps/share/gps/package.xml
