[0.011s] Invoking command in '/home/w/projects/projects/gps_ws/build/gps': CMAKE_PREFIX_PATH=${CMAKE_PREFIX_PATH}:/opt/ros/humble /usr/bin/cmake --build /home/w/projects/projects/gps_ws/build/gps -- -j16 -l16
[0.042s] [ 25%] [32mBuilding CXX object CMakeFiles/SerialPort.dir/src/SerialPort/usart.cpp.o[0m
[0.056s] In file included from [01m[K/home/w/projects/projects/gps_ws/src/gps/src/SerialPort/usart.cpp:1[m[K:
[0.056s] [01m[K/home/w/projects/projects/gps_ws/src/gps/src/SerialPort/usart.hpp:9:27:[m[K [01;31m[Kerror: [m[Kexpected ‘[01m[K)[m[K’ before ‘[01m[Kdevice[m[K’
[0.056s]     9 |     SerialPort[34m[K([m[Kstd::string[01;31m[K [m[K[32m[Kdevice[m[K, speed_t baud_rate = B115200,
[0.056s]       |               [34m[K~[m[K           [01;31m[K^[m[K[32m[K~~~~~~[m[K
[0.056s]       |                           [32m[K)[m[K
[0.056s] [01m[K/home/w/projects/projects/gps_ws/src/gps/src/SerialPort/usart.hpp:22:10:[m[K [01;31m[Kerror: [m[K‘[01m[Kstring[m[K’ in namespace ‘[01m[Kstd[m[K’ does not name a type
[0.056s]    22 |     std::[01;31m[Kstring[m[K lastError() const;
[0.056s]       |          [01;31m[K^~~~~~[m[K
[0.057s] [01m[K/home/w/projects/projects/gps_ws/src/gps/src/SerialPort/usart.hpp:1:1:[m[K [01;36m[Knote: [m[K‘[01m[Kstd::string[m[K’ is defined in header ‘[01m[K<string>[m[K’; did you forget to ‘[01m[K#include <string>[m[K’?
[0.057s]   +++ |+[32m[K#include <string>[m[K
[0.057s]     1 | /**
[0.057s] [01m[K/home/w/projects/projects/gps_ws/src/gps/src/SerialPort/usart.hpp:27:39:[m[K [01;31m[Kerror: [m[K‘[01m[Kstd::size_t[m[K’ has not been declared
[0.057s]    27 |     bool writeExact(const void* data, [01;31m[Kstd[m[K::size_t len);
[0.057s]       |                                       [01;31m[K^~~[m[K
[0.057s] [01m[K/home/w/projects/projects/gps_ws/src/gps/src/SerialPort/usart.hpp:28:5:[m[K [01;31m[Kerror: [m[K‘[01m[Kssize_t[m[K’ does not name a type
[0.057s]    28 |     [01;31m[Kssize_t[m[K readSome(void* buffer, std::size_t max_len);
[0.057s]       |     [01;31m[K^~~~~~~[m[K
[0.057s] [01m[K/home/w/projects/projects/gps_ws/src/gps/src/SerialPort/usart.hpp:33:10:[m[K [01;31m[Kerror: [m[K‘[01m[Kstring[m[K’ in namespace ‘[01m[Kstd[m[K’ does not name a type
[0.057s]    33 |     std::[01;31m[Kstring[m[K device_;
[0.057s]       |          [01;31m[K^~~~~~[m[K
[0.057s] [01m[K/home/w/projects/projects/gps_ws/src/gps/src/SerialPort/usart.hpp:33:5:[m[K [01;36m[Knote: [m[K‘[01m[Kstd::string[m[K’ is defined in header ‘[01m[K<string>[m[K’; did you forget to ‘[01m[K#include <string>[m[K’?
[0.057s]    33 |     [01;36m[Kstd[m[K::string device_;
[0.057s]       |     [01;36m[K^~~[m[K
[0.057s] [01m[K/home/w/projects/projects/gps_ws/src/gps/src/SerialPort/usart.hpp:34:5:[m[K [01;31m[Kerror: [m[K‘[01m[Kspeed_t[m[K’ does not name a type
[0.057s]    34 |     [01;31m[Kspeed_t[m[K baud_rate_ {B115200};
[0.057s]       |     [01;31m[K^~~~~~~[m[K
[0.057s] [01m[K/home/w/projects/projects/gps_ws/src/gps/src/SerialPort/usart.hpp:34:33:[m[K [01;35m[Kwarning: [m[Kextra ‘[01m[K;[m[K’ [[01;35m[K]8;;https://gcc.gnu.org/onlinedocs/gcc/Warning-Options.html#index-Wpedantic-Wpedantic]8;;[m[K]
[0.057s]    34 |     speed_t baud_rate_ {B115200}[01;35m[K;[m[K
[0.057s]       |                                 [01;35m[K^[m[K
[0.057s]       |                                 [31m[K-[m[K
[0.057s] [01m[K/home/w/projects/projects/gps_ws/src/gps/src/SerialPort/usart.hpp:38:18:[m[K [01;31m[Kerror: [m[K‘[01m[Kmutex[m[K’ in namespace ‘[01m[Kstd[m[K’ does not name a type
[0.057s]    38 |     mutable std::[01;31m[Kmutex[m[K mutex_;
[0.057s]       |                  [01;31m[K^~~~~[m[K
[0.057s] [01m[K/home/w/projects/projects/gps_ws/src/gps/src/SerialPort/usart.hpp:1:1:[m[K [01;36m[Knote: [m[K‘[01m[Kstd::mutex[m[K’ is defined in header ‘[01m[K<mutex>[m[K’; did you forget to ‘[01m[K#include <mutex>[m[K’?
[0.057s]   +++ |+[32m[K#include <mutex>[m[K
[0.058s]     1 | /**
[0.058s] [01m[K/home/w/projects/projects/gps_ws/src/gps/src/SerialPort/usart.hpp:40:10:[m[K [01;31m[Kerror: [m[K‘[01m[Kstring[m[K’ in namespace ‘[01m[Kstd[m[K’ does not name a type
[0.058s]    40 |     std::[01;31m[Kstring[m[K last_error_;
[0.058s]       |          [01;31m[K^~~~~~[m[K
[0.058s] [01m[K/home/w/projects/projects/gps_ws/src/gps/src/SerialPort/usart.hpp:40:5:[m[K [01;36m[Knote: [m[K‘[01m[Kstd::string[m[K’ is defined in header ‘[01m[K<string>[m[K’; did you forget to ‘[01m[K#include <string>[m[K’?
[0.058s]    40 |     [01;36m[Kstd[m[K::string last_error_;
[0.058s]       |     [01;36m[K^~~[m[K
[0.058s] [01m[K/home/w/projects/projects/gps_ws/src/gps/src/SerialPort/usart.cpp:9:23:[m[K [01;31m[Kerror: [m[Kexpected constructor, destructor, or type conversion before ‘[01m[K([m[K’ token
[0.058s]     9 | SerialPort::SerialPort[01;31m[K([m[Kstd::string device, speed_t baud_rate,
[0.058s]       |                       [01;31m[K^[m[K
[0.058s] [01m[K/home/w/projects/projects/gps_ws/src/gps/src/SerialPort/usart.cpp:[m[K In member function ‘[01m[Kbool SerialPort::openPort()[m[K’:
[0.059s] [01m[K/home/w/projects/projects/gps_ws/src/gps/src/SerialPort/usart.cpp:20:14:[m[K [01;31m[Kerror: [m[K‘[01m[Klock_guard[m[K’ is not a member of ‘[01m[Kstd[m[K’
[0.059s]    20 |         std::[01;31m[Klock_guard[m[K<std::mutex> lock(mutex_);
[0.059s]       |              [01;31m[K^~~~~~~~~~[m[K
[0.059s] [01m[K/home/w/projects/projects/gps_ws/src/gps/src/SerialPort/usart.cpp:7:1:[m[K [01;36m[Knote: [m[K‘[01m[Kstd::lock_guard[m[K’ is defined in header ‘[01m[K<mutex>[m[K’; did you forget to ‘[01m[K#include <mutex>[m[K’?
[0.059s]     6 | #include <unistd.h>
[0.059s]   +++ |+[32m[K#include <mutex>[m[K
[0.059s]     7 | 
[0.059s] [01m[K/home/w/projects/projects/gps_ws/src/gps/src/SerialPort/usart.cpp:20:30:[m[K [01;31m[Kerror: [m[K‘[01m[Kmutex[m[K’ is not a member of ‘[01m[Kstd[m[K’
[0.059s]    20 |         std::lock_guard<std::[01;31m[Kmutex[m[K> lock(mutex_);
[0.059s]       |                              [01;31m[K^~~~~[m[K
[0.059s] [01m[K/home/w/projects/projects/gps_ws/src/gps/src/SerialPort/usart.cpp:20:30:[m[K [01;36m[Knote: [m[K‘[01m[Kstd::mutex[m[K’ is defined in header ‘[01m[K<mutex>[m[K’; did you forget to ‘[01m[K#include <mutex>[m[K’?
[0.060s] [01m[K/home/w/projects/projects/gps_ws/src/gps/src/SerialPort/usart.cpp:20:42:[m[K [01;31m[Kerror: [m[K‘[01m[Kmutex_[m[K’ was not declared in this scope
[0.060s]    20 |         std::lock_guard<std::mutex> lock([01;31m[Kmutex_[m[K);
[0.060s]       |                                          [01;31m[K^~~~~~[m[K
[0.061s] [01m[K/home/w/projects/projects/gps_ws/src/gps/src/SerialPort/usart.cpp:20:37:[m[K [01;31m[Kerror: [m[K‘[01m[Klock[m[K’ was not declared in this scope; did you mean ‘[01m[Klockf[m[K’?
[0.061s]    20 |         std::lock_guard<std::mutex> [01;31m[Klock[m[K(mutex_);
[0.061s]       |                                     [01;31m[K^~~~[m[K
[0.061s]       |                                     [32m[Klockf[m[K
[0.062s] [01m[K/home/w/projects/projects/gps_ws/src/gps/src/SerialPort/usart.cpp:27:22:[m[K [01;31m[Kerror: [m[K‘[01m[Kdevice_[m[K’ was not declared in this scope
[0.062s]    27 |         fd_ = ::open([01;31m[Kdevice_[m[K.c_str(), O_RDWR | O_NOCTTY | O_SYNC);
[0.062s]       |                      [01;31m[K^~~~~~~[m[K
[0.063s] [01m[K/home/w/projects/projects/gps_ws/src/gps/src/SerialPort/usart.cpp:30:13:[m[K [01;31m[Kerror: [m[K‘[01m[Klast_error_[m[K’ was not declared in this scope
[0.063s]    30 |             [01;31m[Klast_error_[m[K = "open(" + device_ + ") failed: " + std::string(std::strerror(errno));
[0.063s]       |             [01;31m[K^~~~~~~~~~~[m[K
[0.063s] [01m[K/home/w/projects/projects/gps_ws/src/gps/src/SerialPort/usart.cpp:30:67:[m[K [01;31m[Kerror: [m[K‘[01m[Kstring[m[K’ is not a member of ‘[01m[Kstd[m[K’
[0.063s]    30 |  = "open(" + device_ + ") failed: " + std::[01;31m[Kstring[m[K(std::strerror(errno));
[0.063s]       |                                            [01;31m[K^~~~~~[m[K
[0.063s] 
[0.063s] [01m[K/home/w/projects/projects/gps_ws/src/gps/src/SerialPort/usart.cpp:7:1:[m[K [01;36m[Knote: [m[K‘[01m[Kstd::string[m[K’ is defined in header ‘[01m[K<string>[m[K’; did you forget to ‘[01m[K#include <string>[m[K’?
[0.063s]     6 | #include <unistd.h>
[0.063s]   +++ |+[32m[K#include <string>[m[K
[0.063s]     7 | 
[0.064s] [01m[K/home/w/projects/projects/gps_ws/src/gps/src/SerialPort/usart.cpp:37:13:[m[K [01;31m[Kerror: [m[K‘[01m[Klast_error_[m[K’ was not declared in this scope
[0.064s]    37 |             [01;31m[Klast_error_[m[K = "tcgetattr(" + device_ + ") failed: " + std::string(std::strerror(errno));
[0.064s]       |             [01;31m[K^~~~~~~~~~~[m[K
[0.064s] [01m[K/home/w/projects/projects/gps_ws/src/gps/src/SerialPort/usart.cpp:37:72:[m[K [01;31m[Kerror: [m[K‘[01m[Kstring[m[K’ is not a member of ‘[01m[Kstd[m[K’
[0.064s]    37 | cgetattr(" + device_ + ") failed: " + std::[01;31m[Kstring[m[K(std::strerror(errno));
[0.064s]       |                                            [01;31m[K^~~~~~[m[K
[0.064s] 
[0.064s] [01m[K/home/w/projects/projects/gps_ws/src/gps/src/SerialPort/usart.cpp:37:72:[m[K [01;36m[Knote: [m[K‘[01m[Kstd::string[m[K’ is defined in header ‘[01m[K<string>[m[K’; did you forget to ‘[01m[K#include <string>[m[K’?
[0.065s] [01m[K/home/w/projects/projects/gps_ws/src/gps/src/SerialPort/usart.cpp:42:27:[m[K [01;31m[Kerror: [m[K‘[01m[Kbaud_rate_[m[K’ was not declared in this scope
[0.065s]    42 |         cfsetospeed(&tty, [01;31m[Kbaud_rate_[m[K);
[0.065s]       |                           [01;31m[K^~~~~~~~~~[m[K
[0.066s] [01m[K/home/w/projects/projects/gps_ws/src/gps/src/SerialPort/usart.cpp:63:13:[m[K [01;31m[Kerror: [m[K‘[01m[Klast_error_[m[K’ was not declared in this scope
[0.066s]    63 |             [01;31m[Klast_error_[m[K = "tcsetattr(" + device_ + ") failed: " + std::string(std::strerror(errno));
[0.066s]       |             [01;31m[K^~~~~~~~~~~[m[K
[0.066s] [01m[K/home/w/projects/projects/gps_ws/src/gps/src/SerialPort/usart.cpp:63:72:[m[K [01;31m[Kerror: [m[K‘[01m[Kstring[m[K’ is not a member of ‘[01m[Kstd[m[K’
[0.066s]    63 | csetattr(" + device_ + ") failed: " + std::[01;31m[Kstring[m[K(std::strerror(errno));
[0.066s]       |                                            [01;31m[K^~~~~~[m[K
[0.066s] 
[0.067s] [01m[K/home/w/projects/projects/gps_ws/src/gps/src/SerialPort/usart.cpp:63:72:[m[K [01;36m[Knote: [m[K‘[01m[Kstd::string[m[K’ is defined in header ‘[01m[K<string>[m[K’; did you forget to ‘[01m[K#include <string>[m[K’?
[0.067s] [01m[K/home/w/projects/projects/gps_ws/src/gps/src/SerialPort/usart.cpp:70:13:[m[K [01;31m[Kerror: [m[K‘[01m[Klast_error_[m[K’ was not declared in this scope
[0.067s]    70 |             [01;31m[Klast_error_[m[K = "tcflush(" + device_ + ") failed: " + std::string(std::strerror(errno));
[0.067s]       |             [01;31m[K^~~~~~~~~~~[m[K
[0.067s] [01m[K/home/w/projects/projects/gps_ws/src/gps/src/SerialPort/usart.cpp:70:70:[m[K [01;31m[Kerror: [m[K‘[01m[Kstring[m[K’ is not a member of ‘[01m[Kstd[m[K’
[0.067s]    70 | "tcflush(" + device_ + ") failed: " + std::[01;31m[Kstring[m[K(std::strerror(errno));
[0.068s]       |                                            [01;31m[K^~~~~~[m[K
[0.068s] 
[0.068s] [01m[K/home/w/projects/projects/gps_ws/src/gps/src/SerialPort/usart.cpp:70:70:[m[K [01;36m[Knote: [m[K‘[01m[Kstd::string[m[K’ is defined in header ‘[01m[K<string>[m[K’; did you forget to ‘[01m[K#include <string>[m[K’?
[0.068s] [01m[K/home/w/projects/projects/gps_ws/src/gps/src/SerialPort/usart.cpp:75:9:[m[K [01;31m[Kerror: [m[K‘[01m[Klast_error_[m[K’ was not declared in this scope
[0.068s]    75 |         [01;31m[Klast_error_[m[K.clear();
[0.069s]       |         [01;31m[K^~~~~~~~~~~[m[K
[0.069s] [01m[K/home/w/projects/projects/gps_ws/src/gps/src/SerialPort/usart.cpp:[m[K In member function ‘[01m[Kvoid SerialPort::closePort()[m[K’:
[0.069s] [01m[K/home/w/projects/projects/gps_ws/src/gps/src/SerialPort/usart.cpp:82:14:[m[K [01;31m[Kerror: [m[K‘[01m[Klock_guard[m[K’ is not a member of ‘[01m[Kstd[m[K’
[0.069s]    82 |         std::[01;31m[Klock_guard[m[K<std::mutex> lock(mutex_);
[0.069s]       |              [01;31m[K^~~~~~~~~~[m[K
[0.069s] [01m[K/home/w/projects/projects/gps_ws/src/gps/src/SerialPort/usart.cpp:82:14:[m[K [01;36m[Knote: [m[K‘[01m[Kstd::lock_guard[m[K’ is defined in header ‘[01m[K<mutex>[m[K’; did you forget to ‘[01m[K#include <mutex>[m[K’?
[0.069s] [01m[K/home/w/projects/projects/gps_ws/src/gps/src/SerialPort/usart.cpp:82:30:[m[K [01;31m[Kerror: [m[K‘[01m[Kmutex[m[K’ is not a member of ‘[01m[Kstd[m[K’
[0.069s]    82 |         std::lock_guard<std::[01;31m[Kmutex[m[K> lock(mutex_);
[0.069s]       |                              [01;31m[K^~~~~[m[K
[0.069s] [01m[K/home/w/projects/projects/gps_ws/src/gps/src/SerialPort/usart.cpp:82:30:[m[K [01;36m[Knote: [m[K‘[01m[Kstd::mutex[m[K’ is defined in header ‘[01m[K<mutex>[m[K’; did you forget to ‘[01m[K#include <mutex>[m[K’?
[0.070s] [01m[K/home/w/projects/projects/gps_ws/src/gps/src/SerialPort/usart.cpp:82:42:[m[K [01;31m[Kerror: [m[K‘[01m[Kmutex_[m[K’ was not declared in this scope
[0.070s]    82 |         std::lock_guard<std::mutex> lock([01;31m[Kmutex_[m[K);
[0.070s]       |                                          [01;31m[K^~~~~~[m[K
[0.070s] [01m[K/home/w/projects/projects/gps_ws/src/gps/src/SerialPort/usart.cpp:82:37:[m[K [01;31m[Kerror: [m[K‘[01m[Klock[m[K’ was not declared in this scope; did you mean ‘[01m[Klockf[m[K’?
[0.071s]    82 |         std::lock_guard<std::mutex> [01;31m[Klock[m[K(mutex_);
[0.071s]       |                                     [01;31m[K^~~~[m[K
[0.071s]       |                                     [32m[Klockf[m[K
[0.071s] [01m[K/home/w/projects/projects/gps_ws/src/gps/src/SerialPort/usart.cpp:[m[K In member function ‘[01m[Kbool SerialPort::isOpen() const[m[K’:
[0.071s] [01m[K/home/w/projects/projects/gps_ws/src/gps/src/SerialPort/usart.cpp:88:14:[m[K [01;31m[Kerror: [m[K‘[01m[Klock_guard[m[K’ is not a member of ‘[01m[Kstd[m[K’
[0.071s]    88 |         std::[01;31m[Klock_guard[m[K<std::mutex> lock(mutex_);
[0.071s]       |              [01;31m[K^~~~~~~~~~[m[K
[0.071s] [01m[K/home/w/projects/projects/gps_ws/src/gps/src/SerialPort/usart.cpp:88:14:[m[K [01;36m[Knote: [m[K‘[01m[Kstd::lock_guard[m[K’ is defined in header ‘[01m[K<mutex>[m[K’; did you forget to ‘[01m[K#include <mutex>[m[K’?
[0.071s] [01m[K/home/w/projects/projects/gps_ws/src/gps/src/SerialPort/usart.cpp:88:30:[m[K [01;31m[Kerror: [m[K‘[01m[Kmutex[m[K’ is not a member of ‘[01m[Kstd[m[K’
[0.071s]    88 |         std::lock_guard<std::[01;31m[Kmutex[m[K> lock(mutex_);
[0.071s]       |                              [01;31m[K^~~~~[m[K
[0.071s] [01m[K/home/w/projects/projects/gps_ws/src/gps/src/SerialPort/usart.cpp:88:30:[m[K [01;36m[Knote: [m[K‘[01m[Kstd::mutex[m[K’ is defined in header ‘[01m[K<mutex>[m[K’; did you forget to ‘[01m[K#include <mutex>[m[K’?
[0.071s] [01m[K/home/w/projects/projects/gps_ws/src/gps/src/SerialPort/usart.cpp:88:42:[m[K [01;31m[Kerror: [m[K‘[01m[Kmutex_[m[K’ was not declared in this scope
[0.072s]    88 |         std::lock_guard<std::mutex> lock([01;31m[Kmutex_[m[K);
[0.072s]       |                                          [01;31m[K^~~~~~[m[K
[0.072s] [01m[K/home/w/projects/projects/gps_ws/src/gps/src/SerialPort/usart.cpp:88:37:[m[K [01;31m[Kerror: [m[K‘[01m[Klock[m[K’ was not declared in this scope; did you mean ‘[01m[Klockf[m[K’?
[0.072s]    88 |         std::lock_guard<std::mutex> [01;31m[Klock[m[K(mutex_);
[0.072s]       |                                     [01;31m[K^~~~[m[K
[0.073s]       |                                     [32m[Klockf[m[K
[0.073s] [01m[K/home/w/projects/projects/gps_ws/src/gps/src/SerialPort/usart.cpp:[m[K At global scope:
[0.073s] [01m[K/home/w/projects/projects/gps_ws/src/gps/src/SerialPort/usart.cpp:92:6:[m[K [01;31m[Kerror: [m[K‘[01m[Kstring[m[K’ in namespace ‘[01m[Kstd[m[K’ does not name a type
[0.073s]    92 | std::[01;31m[Kstring[m[K SerialPort::lastError() const
[0.073s]       |      [01;31m[K^~~~~~[m[K
[0.073s] [01m[K/home/w/projects/projects/gps_ws/src/gps/src/SerialPort/usart.cpp:92:1:[m[K [01;36m[Knote: [m[K‘[01m[Kstd::string[m[K’ is defined in header ‘[01m[K<string>[m[K’; did you forget to ‘[01m[K#include <string>[m[K’?
[0.073s]    92 | [01;36m[Kstd[m[K::string SerialPort::lastError() const
[0.073s]       | [01;36m[K^~~[m[K
[0.073s] [01m[K/home/w/projects/projects/gps_ws/src/gps/src/SerialPort/usart.cpp:99:6:[m[K [01;31m[Kerror: [m[Kno declaration matches ‘[01m[Kbool SerialPort::writeExact(const void*, std::size_t)[m[K’
[0.073s]    99 | bool [01;31m[KSerialPort[m[K::writeExact(const void* data, std::size_t len)
[0.073s]       |      [01;31m[K^~~~~~~~~~[m[K
[0.073s] In file included from [01m[K/home/w/projects/projects/gps_ws/src/gps/src/SerialPort/usart.cpp:1[m[K:
[0.073s] [01m[K/home/w/projects/projects/gps_ws/src/gps/src/SerialPort/usart.hpp:27:10:[m[K [01;36m[Knote: [m[Kcandidate is: ‘[01m[Kbool SerialPort::writeExact(const void*, int)[m[K’
[0.073s]    27 |     bool [01;36m[KwriteExact[m[K(const void* data, std::size_t len);
[0.073s]       |          [01;36m[K^~~~~~~~~~[m[K
[0.073s] [01m[K/home/w/projects/projects/gps_ws/src/gps/src/SerialPort/usart.hpp:6:7:[m[K [01;36m[Knote: [m[K‘[01m[Kclass SerialPort[m[K’ defined here
[0.073s]     6 | class [01;36m[KSerialPort[m[K
[0.073s]       |       [01;36m[K^~~~~~~~~~[m[K
[0.073s] [01m[K/home/w/projects/projects/gps_ws/src/gps/src/SerialPort/usart.cpp:140:9:[m[K [01;31m[Kerror: [m[Kno declaration matches ‘[01m[Kssize_t SerialPort::readSome(void*, std::size_t)[m[K’
[0.073s]   140 | ssize_t [01;31m[KSerialPort[m[K::readSome(void* buffer, std::size_t max_len)
[0.073s]       |         [01;31m[K^~~~~~~~~~[m[K
[0.073s] [01m[K/home/w/projects/projects/gps_ws/src/gps/src/SerialPort/usart.cpp:140:9:[m[K [01;36m[Knote: [m[Kno functions named ‘[01m[Kssize_t SerialPort::readSome(void*, std::size_t)[m[K’
[0.074s] In file included from [01m[K/home/w/projects/projects/gps_ws/src/gps/src/SerialPort/usart.cpp:1[m[K:
[0.074s] [01m[K/home/w/projects/projects/gps_ws/src/gps/src/SerialPort/usart.hpp:6:7:[m[K [01;36m[Knote: [m[K‘[01m[Kclass SerialPort[m[K’ defined here
[0.074s]     6 | class [01;36m[KSerialPort[m[K
[0.074s]       |       [01;36m[K^~~~~~~~~~[m[K
[0.074s] gmake[2]: *** [CMakeFiles/SerialPort.dir/build.make:79: CMakeFiles/SerialPort.dir/src/SerialPort/usart.cpp.o] Error 1
[0.075s] gmake[1]: *** [CMakeFiles/Makefile2:92: CMakeFiles/SerialPort.dir/all] Error 2
[0.075s] gmake: *** [Makefile:146: all] Error 2
[0.077s] Invoked command in '/home/w/projects/projects/gps_ws/build/gps' returned '2': CMAKE_PREFIX_PATH=${CMAKE_PREFIX_PATH}:/opt/ros/humble /usr/bin/cmake --build /home/w/projects/projects/gps_ws/build/gps -- -j16 -l16
