[0.023s] Invoking command in '/home/w/projects/projects/gps_ws/build/gps': CMAKE_PREFIX_PATH=${CMAKE_PREFIX_PATH}:/opt/ros/humble /usr/bin/cmake --build /home/w/projects/projects/gps_ws/build/gps -- -j16 -l16
[0.058s] [ 50%] Built target SerialPort
[0.080s] [ 75%] Building CXX object CMakeFiles/gps_node.dir/src/gps_node.cpp.o
[3.451s] /home/w/projects/projects/gps_ws/src/gps/src/gps_node.cpp:306:34: error: invalid use of incomplete type ‘class TimedVelocityAction’
[3.451s]   306 | class MoveForward final : public TimedVelocityAction
[3.451s]       |                                  ^~~~~~~~~~~~~~~~~~~
[3.452s] /home/w/projects/projects/gps_ws/src/gps/src/gps_node.cpp:169:7: note: definition of ‘class TimedVelocityAction’ is not complete until the closing brace
[3.452s]   169 | class TimedVelocityAction : public BT::StatefulActionNode
[3.452s]       |       ^~~~~~~~~~~~~~~~~~~
[3.452s] /home/w/projects/projects/gps_ws/src/gps/src/gps_node.cpp:317:31: error: invalid use of incomplete type ‘class TimedVelocityAction’
[3.452s]   317 | class TurnLeft final : public TimedVelocityAction
[3.452s]       |                               ^~~~~~~~~~~~~~~~~~~
[3.452s] /home/w/projects/projects/gps_ws/src/gps/src/gps_node.cpp:169:7: note: definition of ‘class TimedVelocityAction’ is not complete until the closing brace
[3.452s]   169 | class TimedVelocityAction : public BT::StatefulActionNode
[3.452s]       |       ^~~~~~~~~~~~~~~~~~~
[3.453s] /home/w/projects/projects/gps_ws/src/gps/src/gps_node.cpp:403:5: error: ISO C++ forbids declaration of ‘stopRobot’ with no type [-fpermissive]
[3.453s]   403 |     stopRobot();
[3.453s]       |     ^~~~~~~~~
[3.453s] In file included from /opt/ros/humble/include/rclcpp/rclcpp/client.hpp:40,
[3.453s]                  from /opt/ros/humble/include/rclcpp/rclcpp/callback_group.hpp:24,
[3.453s]                  from /opt/ros/humble/include/rclcpp/rclcpp/any_executable.hpp:20,
[3.453s]                  from /opt/ros/humble/include/rclcpp/rclcpp/memory_strategy.hpp:25,
[3.453s]                  from /opt/ros/humble/include/rclcpp/rclcpp/memory_strategies.hpp:18,
[3.453s]                  from /opt/ros/humble/include/rclcpp/rclcpp/executor_options.hpp:20,
[3.453s]                  from /opt/ros/humble/include/rclcpp/rclcpp/executor.hpp:37,
[3.453s]                  from /opt/ros/humble/include/rclcpp/rclcpp/executors/multi_threaded_executor.hpp:25,
[3.453s]                  from /opt/ros/humble/include/rclcpp/rclcpp/executors.hpp:21,
[3.453s]                  from /opt/ros/humble/include/rclcpp/rclcpp/rclcpp.hpp:155,
[3.453s]                  from /home/w/projects/projects/gps_ws/src/gps/src/gps_node.cpp:3:
[3.453s] /home/w/projects/projects/gps_ws/src/gps/src/gps_node.cpp:404:5: error: expected unqualified-id before ‘do’
[3.453s]   404 |     RCLCPP_INFO(context_->logger, "[%s] completed", name().c_str());
[3.454s]       |     ^~~~~~~~~~~
[3.454s] /home/w/projects/projects/gps_ws/src/gps/src/gps_node.cpp:404:5: error: expected unqualified-id before ‘while’
[3.454s]   404 |     RCLCPP_INFO(context_->logger, "[%s] completed", name().c_str());
[3.454s]       |     ^~~~~~~~~~~
[3.455s] /home/w/projects/projects/gps_ws/src/gps/src/gps_node.cpp:405:5: error: expected unqualified-id before ‘return’
[3.457s]   405 |     return BT::NodeStatus::SUCCESS;
[3.457s]       |     ^~~~~~
[3.457s] /home/w/projects/projects/gps_ws/src/gps/src/gps_node.cpp:328:20: error: ‘BT::NodeStatus TimedVelocityAction::TurnLeft::onRunning()’ marked ‘override’, but does not override
[3.457s]   328 |     BT::NodeStatus onRunning() override
[3.457s]       |                    ^~~~~~~~~
[3.457s] /home/w/projects/projects/gps_ws/src/gps/src/gps_node.cpp:409:32: error: invalid use of incomplete type ‘class TimedVelocityAction’
[3.457s]   409 | class TurnRight final : public TimedVelocityAction
[3.458s]       |                                ^~~~~~~~~~~~~~~~~~~
[3.458s] /home/w/projects/projects/gps_ws/src/gps/src/gps_node.cpp:169:7: note: definition of ‘class TimedVelocityAction’ is not complete until the closing brace
[3.458s]   169 | class TimedVelocityAction : public BT::StatefulActionNode
[3.458s]       |       ^~~~~~~~~~~~~~~~~~~
[3.458s] /home/w/projects/projects/gps_ws/src/gps/src/gps_node.cpp:426:37: error: invalid use of incomplete type ‘class TimedVelocityAction’
[3.458s]   426 |  class JudgePosition final : public TimedVelocityAction
[3.458s]       |                                     ^~~~~~~~~~~~~~~~~~~
[3.458s] /home/w/projects/projects/gps_ws/src/gps/src/gps_node.cpp:169:7: note: definition of ‘class TimedVelocityAction’ is not complete until the closing brace
[3.458s]   169 | class TimedVelocityAction : public BT::StatefulActionNode
[3.458s]       |       ^~~~~~~~~~~~~~~~~~~
[3.458s] /home/w/projects/projects/gps_ws/src/gps/src/gps_node.cpp:647:2: error: expected ‘}’ at end of input
[3.458s]   647 | }
[3.458s]       |  ^
[3.458s] /home/w/projects/projects/gps_ws/src/gps/src/gps_node.cpp:170:1: note: to match this ‘{’
[3.458s]   170 | {
[3.458s]       | ^
[3.458s] /home/w/projects/projects/gps_ws/src/gps/src/gps_node.cpp: In constructor ‘TimedVelocityAction::TimedVelocityAction(const string&, const BT::NodeConfig&, std::shared_ptr<AppContext>, Pose2D)’:
[3.458s] /home/w/projects/projects/gps_ws/src/gps/src/gps_node.cpp:177:11: error: class ‘TimedVelocityAction’ does not have any field named ‘context_’
[3.458s]   177 |           context_(std::move(context)),
[3.458s]       |           ^~~~~~~~
[3.458s] /home/w/projects/projects/gps_ws/src/gps/src/gps_node.cpp:178:11: error: class ‘TimedVelocityAction’ does not have any field named ‘command_’
[3.458s]   178 |           command_(command)
[3.459s]       |           ^~~~~~~~
[3.464s] /home/w/projects/projects/gps_ws/src/gps/src/gps_node.cpp: In member function ‘virtual BT::NodeStatus TimedVelocityAction::onStart()’:
[3.465s] /home/w/projects/projects/gps_ws/src/gps/src/gps_node.cpp:191:14: error: ‘context_’ was not declared in this scope; did you mean ‘ucontext_t’?
[3.465s]   191 |         if (!context_ || !context_->motion_port)
[3.465s]       |              ^~~~~~~~
[3.465s]       |              ucontext_t
[3.471s] /home/w/projects/projects/gps_ws/src/gps/src/gps_node.cpp:207:9: error: ‘deadline_’ was not declared in this scope; did you mean ‘readlink’?
[3.471s]   207 |         deadline_ = chr::steady_clock::now() + chr::milliseconds(duration_ms);
[3.472s]       |         ^~~~~~~~~
[3.472s]       |         readlink
[3.478s] /home/w/projects/projects/gps_ws/src/gps/src/gps_node.cpp:209:26: error: ‘command_’ was not declared in this scope
[3.478s]   209 |         if (!sendCommand(command_))
[3.478s]       |                          ^~~~~~~~
[3.488s] /home/w/projects/projects/gps_ws/src/gps/src/gps_node.cpp:209:14: error: ‘sendCommand’ was not declared in this scope
[3.489s]   209 |         if (!sendCommand(command_))
[3.489s]       |              ^~~~~~~~~~~
[3.492s] In file included from /opt/ros/humble/include/rclcpp/rclcpp/client.hpp:40,
[3.492s]                  from /opt/ros/humble/include/rclcpp/rclcpp/callback_group.hpp:24,
[3.492s]                  from /opt/ros/humble/include/rclcpp/rclcpp/any_executable.hpp:20,
[3.493s]                  from /opt/ros/humble/include/rclcpp/rclcpp/memory_strategy.hpp:25,
[3.493s]                  from /opt/ros/humble/include/rclcpp/rclcpp/memory_strategies.hpp:18,
[3.493s]                  from /opt/ros/humble/include/rclcpp/rclcpp/executor_options.hpp:20,
[3.493s]                  from /opt/ros/humble/include/rclcpp/rclcpp/executor.hpp:37,
[3.493s]                  from /opt/ros/humble/include/rclcpp/rclcpp/executors/multi_threaded_executor.hpp:25,
[3.493s]                  from /opt/ros/humble/include/rclcpp/rclcpp/executors.hpp:21,
[3.493s]                  from /opt/ros/humble/include/rclcpp/rclcpp/rclcpp.hpp:155,
[3.493s]                  from /home/w/projects/projects/gps_ws/src/gps/src/gps_node.cpp:3:
[3.493s] /home/w/projects/projects/gps_ws/src/gps/src/gps_node.cpp:212:17: error: ‘context_’ was not declared in this scope; did you mean ‘ucontext_t’?
[3.493s]   212 |                 context_->logger,
[3.493s]       |                 ^~~~~~~~
[3.493s] /home/w/projects/projects/gps_ws/src/gps/src/gps_node.cpp:211:13: error: template argument 1 is invalid
[3.493s]   211 |             RCLCPP_ERROR(
[3.493s]       |             ^~~~~~~~~~~~
[3.499s] /home/w/projects/projects/gps_ws/src/gps/src/gps_node.cpp:220:13: error: ‘context_’ was not declared in this scope; did you mean ‘ucontext_t’?
[3.500s]   220 |             context_->logger,
[3.501s]       |             ^~~~~~~~
[3.501s] /home/w/projects/projects/gps_ws/src/gps/src/gps_node.cpp:219:9: error: template argument 1 is invalid
[3.502s]   219 |         RCLCPP_INFO(
[3.502s]       |         ^~~~~~~~~~~
[3.505s] /home/w/projects/projects/gps_ws/src/gps/src/gps_node.cpp:230:13: error: ‘context_’ was not declared in this scope; did you mean ‘ucontext_t’?
[3.506s]   230 |             context_->logger,
[3.506s]       |             ^~~~~~~~
[3.508s] /home/w/projects/projects/gps_ws/src/gps/src/gps_node.cpp:229:9: error: template argument 1 is invalid
[3.508s]   229 |         RCLCPP_INFO(
[3.509s]       |         ^~~~~~~~~~~
[3.513s] In file included from /opt/ros/humble/include/rclcpp/rclcpp/logging.hpp:24,
[3.513s]                  from /opt/ros/humble/include/rclcpp/rclcpp/client.hpp:40,
[3.514s]                  from /opt/ros/humble/include/rclcpp/rclcpp/callback_group.hpp:24,
[3.514s]                  from /opt/ros/humble/include/rclcpp/rclcpp/any_executable.hpp:20,
[3.514s]                  from /opt/ros/humble/include/rclcpp/rclcpp/memory_strategy.hpp:25,
[3.514s]                  from /opt/ros/humble/include/rclcpp/rclcpp/memory_strategies.hpp:18,
[3.514s]                  from /opt/ros/humble/include/rclcpp/rclcpp/executor_options.hpp:20,
[3.514s]                  from /opt/ros/humble/include/rclcpp/rclcpp/executor.hpp:37,
[3.514s]                  from /opt/ros/humble/include/rclcpp/rclcpp/executors/multi_threaded_executor.hpp:25,
[3.514s]                  from /opt/ros/humble/include/rclcpp/rclcpp/executors.hpp:21,
[3.514s]                  from /opt/ros/humble/include/rclcpp/rclcpp/rclcpp.hpp:155,
[3.514s]                  from /home/w/projects/projects/gps_ws/src/gps/src/gps_node.cpp:3:
[3.514s] /home/w/projects/projects/gps_ws/src/gps/src/gps_node.cpp:233:13: error: ‘command_’ was not declared in this scope
[3.514s]   233 |             command_.x,
[3.514s]       |             ^~~~~~~~
[3.523s] /home/w/projects/projects/gps_ws/src/gps/src/gps_node.cpp: In member function ‘virtual BT::NodeStatus TimedVelocityAction::onRunning()’:
[3.523s] /home/w/projects/projects/gps_ws/src/gps/src/gps_node.cpp:242:40: error: ‘deadline_’ was not declared in this scope; did you mean ‘readlink’?
[3.523s]   242 |         if (chr::steady_clock::now() < deadline_)
[3.524s]       |                                        ^~~~~~~~~
[3.524s]       |                                        readlink
[3.527s] In file included from /opt/ros/humble/include/rclcpp/rclcpp/client.hpp:40,
[3.527s]                  from /opt/ros/humble/include/rclcpp/rclcpp/callback_group.hpp:24,
[3.527s]                  from /opt/ros/humble/include/rclcpp/rclcpp/any_executable.hpp:20,
[3.527s]                  from /opt/ros/humble/include/rclcpp/rclcpp/memory_strategy.hpp:25,
[3.527s]                  from /opt/ros/humble/include/rclcpp/rclcpp/memory_strategies.hpp:18,
[3.527s]                  from /opt/ros/humble/include/rclcpp/rclcpp/executor_options.hpp:20,
[3.527s]                  from /opt/ros/humble/include/rclcpp/rclcpp/executor.hpp:37,
[3.527s]                  from /opt/ros/humble/include/rclcpp/rclcpp/executors/multi_threaded_executor.hpp:25,
[3.527s]                  from /opt/ros/humble/include/rclcpp/rclcpp/executors.hpp:21,
[3.527s]                  from /opt/ros/humble/include/rclcpp/rclcpp/rclcpp.hpp:155,
[3.527s]                  from /home/w/projects/projects/gps_ws/src/gps/src/gps_node.cpp:3:
[3.527s] /home/w/projects/projects/gps_ws/src/gps/src/gps_node.cpp:247:21: error: ‘context_’ was not declared in this scope; did you mean ‘ucontext_t’?
[3.527s]   247 |                     context_->logger,
[3.527s]       |                     ^~~~~~~~
[3.530s] /home/w/projects/projects/gps_ws/src/gps/src/gps_node.cpp:246:17: error: template argument 1 is invalid
[3.532s]   246 |                 RCLCPP_DEBUG(
[3.532s]       |                 ^~~~~~~~~~~~
[3.537s] /home/w/projects/projects/gps_ws/src/gps/src/gps_node.cpp:253:34: error: ‘command_’ was not declared in this scope
[3.537s]   253 |                 if (!sendCommand(command_))
[3.537s]       |                                  ^~~~~~~~
[3.544s] /home/w/projects/projects/gps_ws/src/gps/src/gps_node.cpp:253:22: error: ‘sendCommand’ was not declared in this scope
[3.544s]   253 |                 if (!sendCommand(command_))
[3.544s]       |                      ^~~~~~~~~~~
[3.549s] In file included from /opt/ros/humble/include/rclcpp/rclcpp/client.hpp:40,
[3.549s]                  from /opt/ros/humble/include/rclcpp/rclcpp/callback_group.hpp:24,
[3.549s]                  from /opt/ros/humble/include/rclcpp/rclcpp/any_executable.hpp:20,
[3.549s]                  from /opt/ros/humble/include/rclcpp/rclcpp/memory_strategy.hpp:25,
[3.549s]                  from /opt/ros/humble/include/rclcpp/rclcpp/memory_strategies.hpp:18,
[3.549s]                  from /opt/ros/humble/include/rclcpp/rclcpp/executor_options.hpp:20,
[3.549s]                  from /opt/ros/humble/include/rclcpp/rclcpp/executor.hpp:37,
[3.550s]                  from /opt/ros/humble/include/rclcpp/rclcpp/executors/multi_threaded_executor.hpp:25,
[3.550s]                  from /opt/ros/humble/include/rclcpp/rclcpp/executors.hpp:21,
[3.550s]                  from /opt/ros/humble/include/rclcpp/rclcpp/rclcpp.hpp:155,
[3.550s]                  from /home/w/projects/projects/gps_ws/src/gps/src/gps_node.cpp:3:
[3.550s] /home/w/projects/projects/gps_ws/src/gps/src/gps_node.cpp:256:25: error: ‘context_’ was not declared in this scope; did you mean ‘ucontext_t’?
[3.550s]   256 |                         context_->logger,
[3.550s]       |                         ^~~~~~~~
[3.550s] /home/w/projects/projects/gps_ws/src/gps/src/gps_node.cpp:255:21: error: template argument 1 is invalid
[3.550s]   255 |                     RCLCPP_ERROR(
[3.550s]       |                     ^~~~~~~~~~~~
[3.563s] /home/w/projects/projects/gps_ws/src/gps/src/gps_node.cpp:260:17: error: ‘stopRobot’ was not declared in this scope
[3.563s]   260 |                 stopRobot();
[3.563s]       |                 ^~~~~~~~~
[3.564s] /home/w/projects/projects/gps_ws/src/gps/src/gps_node.cpp:267:9: error: ‘stopRobot’ was not declared in this scope
[3.564s]   267 |         stopRobot();
[3.564s]       |         ^~~~~~~~~
[3.568s] In file included from /opt/ros/humble/include/rclcpp/rclcpp/client.hpp:40,
[3.568s]                  from /opt/ros/humble/include/rclcpp/rclcpp/callback_group.hpp:24,
[3.568s]                  from /opt/ros/humble/include/rclcpp/rclcpp/any_executable.hpp:20,
[3.568s]                  from /opt/ros/humble/include/rclcpp/rclcpp/memory_strategy.hpp:25,
[3.568s]                  from /opt/ros/humble/include/rclcpp/rclcpp/memory_strategies.hpp:18,
[3.568s]                  from /opt/ros/humble/include/rclcpp/rclcpp/executor_options.hpp:20,
[3.568s]                  from /opt/ros/humble/include/rclcpp/rclcpp/executor.hpp:37,
[3.568s]                  from /opt/ros/humble/include/rclcpp/rclcpp/executors/multi_threaded_executor.hpp:25,
[3.568s]                  from /opt/ros/humble/include/rclcpp/rclcpp/executors.hpp:21,
[3.568s]                  from /opt/ros/humble/include/rclcpp/rclcpp/rclcpp.hpp:155,
[3.568s]                  from /home/w/projects/projects/gps_ws/src/gps/src/gps_node.cpp:3:
[3.568s] /home/w/projects/projects/gps_ws/src/gps/src/gps_node.cpp:268:21: error: ‘context_’ was not declared in this scope; did you mean ‘ucontext_t’?
[3.569s]   268 |         RCLCPP_INFO(context_->logger, "[%s] completed", name().c_str());
[3.569s]       |                     ^~~~~~~~
[3.569s] /home/w/projects/projects/gps_ws/src/gps/src/gps_node.cpp:268:9: error: template argument 1 is invalid
[3.569s]   268 |         RCLCPP_INFO(context_->logger, "[%s] completed", name().c_str());
[3.569s]       |         ^~~~~~~~~~~
[3.569s] /home/w/projects/projects/gps_ws/src/gps/src/gps_node.cpp:273:5: error: a function-definition is not allowed here before ‘{’ token
[3.569s]   273 |     {
[3.569s]       |     ^
[3.569s] /home/w/projects/projects/gps_ws/src/gps/src/gps_node.cpp:281:1: error: expected primary-expression before ‘protected’
[3.569s]   281 | protected:
[3.569s]       | ^~~~~~~~~
[3.569s] /home/w/projects/projects/gps_ws/src/gps/src/gps_node.cpp:288:5: error: a function-definition is not allowed here before ‘{’ token
[3.569s]   288 |     {
[3.569s]       |     ^
[3.569s] /home/w/projects/projects/gps_ws/src/gps/src/gps_node.cpp:300:1: error: expected primary-expression before ‘private’
[3.569s]   300 | private:
[3.569s]       | ^~~~~~~
[3.569s] /home/w/projects/projects/gps_ws/src/gps/src/gps_node.cpp: In constructor ‘TimedVelocityAction::MoveForward::MoveForward(const string&, const BT::NodeConfig&, std::shared_ptr<AppContext>)’:
[3.569s] /home/w/projects/projects/gps_ws/src/gps/src/gps_node.cpp:313:11: error: type ‘TimedVelocityAction’ is not a direct base of ‘TimedVelocityAction::MoveForward’
[3.569s]   313 |         : TimedVelocityAction(name, config, std::move(context), Pose2D{0x0f, 1, 0, 0})
[3.570s]       |           ^~~~~~~~~~~~~~~~~~~
[3.570s] /home/w/projects/projects/gps_ws/src/gps/src/gps_node.cpp: In constructor ‘TimedVelocityAction::TurnLeft::TurnLeft(const string&, const BT::NodeConfig&, std::shared_ptr<AppContext>)’:
[3.570s] /home/w/projects/projects/gps_ws/src/gps/src/gps_node.cpp:324:11: error: type ‘TimedVelocityAction’ is not a direct base of ‘TimedVelocityAction::TurnLeft’
[3.570s]   324 |         : TimedVelocityAction(name, config, std::move(context), Pose2D{0x0f, 0, 0, 1})
[3.570s]       |           ^~~~~~~~~~~~~~~~~~~
[3.575s] /home/w/projects/projects/gps_ws/src/gps/src/gps_node.cpp: In member function ‘BT::NodeStatus TimedVelocityAction::TurnLeft::onRunning()’:
[3.575s] /home/w/projects/projects/gps_ws/src/gps/src/gps_node.cpp:330:39: error: ‘deadline_’ was not declared in this scope; did you mean ‘readlink’?
[3.575s]   330 |         if(chr::steady_clock::now() < deadline_)
[3.575s]       |                                       ^~~~~~~~~
[3.575s]       |                                       readlink
[3.575s] /home/w/projects/projects/gps_ws/src/gps/src/gps_node.cpp:334:72: error: too many initializers for ‘Pose2D’
[3.575s]   334 |                 Pose2D start_command {0x0f,0, 0 ,3 ,nullptr   , nullptr};
[3.576s]       |                                                                        ^
[3.578s] /home/w/projects/projects/gps_ws/src/gps/src/gps_node.cpp:335:22: error: ‘sendCommand’ was not declared in this scope
[3.578s]   335 |                 if (!sendCommand(start_command))
[3.578s]       |                      ^~~~~~~~~~~
[3.582s] In file included from /opt/ros/humble/include/rclcpp/rclcpp/client.hpp:40,
[3.582s]                  from /opt/ros/humble/include/rclcpp/rclcpp/callback_group.hpp:24,
[3.582s]                  from /opt/ros/humble/include/rclcpp/rclcpp/any_executable.hpp:20,
[3.582s]                  from /opt/ros/humble/include/rclcpp/rclcpp/memory_strategy.hpp:25,
[3.582s]                  from /opt/ros/humble/include/rclcpp/rclcpp/memory_strategies.hpp:18,
[3.582s]                  from /opt/ros/humble/include/rclcpp/rclcpp/executor_options.hpp:20,
[3.582s]                  from /opt/ros/humble/include/rclcpp/rclcpp/executor.hpp:37,
[3.582s]                  from /opt/ros/humble/include/rclcpp/rclcpp/executors/multi_threaded_executor.hpp:25,
[3.582s]                  from /opt/ros/humble/include/rclcpp/rclcpp/executors.hpp:21,
[3.583s]                  from /opt/ros/humble/include/rclcpp/rclcpp/rclcpp.hpp:155,
[3.583s]                  from /home/w/projects/projects/gps_ws/src/gps/src/gps_node.cpp:3:
[3.583s] /home/w/projects/projects/gps_ws/src/gps/src/gps_node.cpp:338:25: error: ‘context_’ was not declared in this scope; did you mean ‘ucontext_t’?
[3.583s]   338 |                         context_->logger,
[3.583s]       |                         ^~~~~~~~
[3.583s] /home/w/projects/projects/gps_ws/src/gps/src/gps_node.cpp:337:21: error: template argument 1 is invalid
[3.583s]   337 |                     RCLCPP_ERROR(
[3.583s]       |                     ^~~~~~~~~~~~
[3.583s] In file included from /opt/ros/humble/include/rclcpp/rclcpp/logging.hpp:24,
[3.583s]                  from /opt/ros/humble/include/rclcpp/rclcpp/client.hpp:40,
[3.583s]                  from /opt/ros/humble/include/rclcpp/rclcpp/callback_group.hpp:24,
[3.583s]                  from /opt/ros/humble/include/rclcpp/rclcpp/any_executable.hpp:20,
[3.583s]                  from /opt/ros/humble/include/rclcpp/rclcpp/memory_strategy.hpp:25,
[3.583s]                  from /opt/ros/humble/include/rclcpp/rclcpp/memory_strategies.hpp:18,
[3.583s]                  from /opt/ros/humble/include/rclcpp/rclcpp/executor_options.hpp:20,
[3.583s]                  from /opt/ros/humble/include/rclcpp/rclcpp/executor.hpp:37,
[3.583s]                  from /opt/ros/humble/include/rclcpp/rclcpp/executors/multi_threaded_executor.hpp:25,
[3.583s]                  from /opt/ros/humble/include/rclcpp/rclcpp/executors.hpp:21,
[3.583s]                  from /opt/ros/humble/include/rclcpp/rclcpp/rclcpp.hpp:155,
[3.583s]                  from /home/w/projects/projects/gps_ws/src/gps/src/gps_node.cpp:3:
[3.583s] /home/w/projects/projects/gps_ws/src/gps/src/gps_node.cpp:340:29: error: cannot call member function ‘const string& BT::TreeNode::name() const’ without object
[3.583s]   340 |                         name().c_str(),
[3.583s]       |                         ~~~~^~
[3.587s] In file included from /opt/ros/humble/include/rclcpp/rclcpp/client.hpp:40,
[3.587s]                  from /opt/ros/humble/include/rclcpp/rclcpp/callback_group.hpp:24,
[3.587s]                  from /opt/ros/humble/include/rclcpp/rclcpp/any_executable.hpp:20,
[3.587s]                  from /opt/ros/humble/include/rclcpp/rclcpp/memory_strategy.hpp:25,
[3.587s]                  from /opt/ros/humble/include/rclcpp/rclcpp/memory_strategies.hpp:18,
[3.587s]                  from /opt/ros/humble/include/rclcpp/rclcpp/executor_options.hpp:20,
[3.588s]                  from /opt/ros/humble/include/rclcpp/rclcpp/executor.hpp:37,
[3.588s]                  from /opt/ros/humble/include/rclcpp/rclcpp/executors/multi_threaded_executor.hpp:25,
[3.588s]                  from /opt/ros/humble/include/rclcpp/rclcpp/executors.hpp:21,
[3.588s]                  from /opt/ros/humble/include/rclcpp/rclcpp/rclcpp.hpp:155,
[3.588s]                  from /home/w/projects/projects/gps_ws/src/gps/src/gps_node.cpp:3:
[3.588s] /home/w/projects/projects/gps_ws/src/gps/src/gps_node.cpp:345:21: error: ‘context_’ was not declared in this scope; did you mean ‘ucontext_t’?
[3.588s]   345 |                     context_->logger,
[3.588s]       |                     ^~~~~~~~
[3.588s] /home/w/projects/projects/gps_ws/src/gps/src/gps_node.cpp:344:17: error: template argument 1 is invalid
[3.588s]   344 |                 RCLCPP_DEBUG(
[3.588s]       |                 ^~~~~~~~~~~~
[3.588s] In file included from /opt/ros/humble/include/rclcpp/rclcpp/logging.hpp:24,
[3.588s]                  from /opt/ros/humble/include/rclcpp/rclcpp/client.hpp:40,
[3.588s]                  from /opt/ros/humble/include/rclcpp/rclcpp/callback_group.hpp:24,
[3.588s]                  from /opt/ros/humble/include/rclcpp/rclcpp/any_executable.hpp:20,
[3.588s]                  from /opt/ros/humble/include/rclcpp/rclcpp/memory_strategy.hpp:25,
[3.588s]                  from /opt/ros/humble/include/rclcpp/rclcpp/memory_strategies.hpp:18,
[3.588s]                  from /opt/ros/humble/include/rclcpp/rclcpp/executor_options.hpp:20,
[3.588s]                  from /opt/ros/humble/include/rclcpp/rclcpp/executor.hpp:37,
[3.588s]                  from /opt/ros/humble/include/rclcpp/rclcpp/executors/multi_threaded_executor.hpp:25,
[3.588s]                  from /opt/ros/humble/include/rclcpp/rclcpp/executors.hpp:21,
[3.588s]                  from /opt/ros/humble/include/rclcpp/rclcpp/rclcpp.hpp:155,
[3.589s]                  from /home/w/projects/projects/gps_ws/src/gps/src/gps_node.cpp:3:
[3.589s] /home/w/projects/projects/gps_ws/src/gps/src/gps_node.cpp:347:25: error: cannot call member function ‘const string& BT::TreeNode::name() const’ without object
[3.589s]   347 |                     name().c_str(),
[3.589s]       |                     ~~~~^~
[3.592s] /home/w/projects/projects/gps_ws/src/gps/src/gps_node.cpp:355:34: error: ‘commend_’ was not declared in this scope
[3.592s]   355 |                 if (!sendCommand(commend_))
[3.592s]       |                                  ^~~~~~~~
[3.598s] /home/w/projects/projects/gps_ws/src/gps/src/gps_node.cpp:355:22: error: ‘sendCommand’ was not declared in this scope
[3.598s]   355 |                 if (!sendCommand(commend_))
[3.598s]       |                      ^~~~~~~~~~~
[3.601s] In file included from /opt/ros/humble/include/rclcpp/rclcpp/client.hpp:40,
[3.601s]                  from /opt/ros/humble/include/rclcpp/rclcpp/callback_group.hpp:24,
[3.601s]                  from /opt/ros/humble/include/rclcpp/rclcpp/any_executable.hpp:20,
[3.601s]                  from /opt/ros/humble/include/rclcpp/rclcpp/memory_strategy.hpp:25,
[3.601s]                  from /opt/ros/humble/include/rclcpp/rclcpp/memory_strategies.hpp:18,
[3.601s]                  from /opt/ros/humble/include/rclcpp/rclcpp/executor_options.hpp:20,
[3.602s]                  from /opt/ros/humble/include/rclcpp/rclcpp/executor.hpp:37,
[3.602s]                  from /opt/ros/humble/include/rclcpp/rclcpp/executors/multi_threaded_executor.hpp:25,
[3.602s]                  from /opt/ros/humble/include/rclcpp/rclcpp/executors.hpp:21,
[3.602s]                  from /opt/ros/humble/include/rclcpp/rclcpp/rclcpp.hpp:155,
[3.602s]                  from /home/w/projects/projects/gps_ws/src/gps/src/gps_node.cpp:3:
[3.602s] /home/w/projects/projects/gps_ws/src/gps/src/gps_node.cpp:358:25: error: ‘context_’ was not declared in this scope; did you mean ‘ucontext_t’?
[3.602s]   358 |                         context_->logger,
[3.602s]       |                         ^~~~~~~~
[3.602s] /home/w/projects/projects/gps_ws/src/gps/src/gps_node.cpp:357:21: error: template argument 1 is invalid
[3.602s]   357 |                     RCLCPP_ERROR(
[3.602s]       |                     ^~~~~~~~~~~~
[3.602s] In file included from /opt/ros/humble/include/rclcpp/rclcpp/logging.hpp:24,
[3.602s]                  from /opt/ros/humble/include/rclcpp/rclcpp/client.hpp:40,
[3.602s]                  from /opt/ros/humble/include/rclcpp/rclcpp/callback_group.hpp:24,
[3.602s]                  from /opt/ros/humble/include/rclcpp/rclcpp/any_executable.hpp:20,
[3.602s]                  from /opt/ros/humble/include/rclcpp/rclcpp/memory_strategy.hpp:25,
[3.602s]                  from /opt/ros/humble/include/rclcpp/rclcpp/memory_strategies.hpp:18,
[3.602s]                  from /opt/ros/humble/include/rclcpp/rclcpp/executor_options.hpp:20,
[3.602s]                  from /opt/ros/humble/include/rclcpp/rclcpp/executor.hpp:37,
[3.602s]                  from /opt/ros/humble/include/rclcpp/rclcpp/executors/multi_threaded_executor.hpp:25,
[3.602s]                  from /opt/ros/humble/include/rclcpp/rclcpp/executors.hpp:21,
[3.602s]                  from /opt/ros/humble/include/rclcpp/rclcpp/rclcpp.hpp:155,
[3.603s]                  from /home/w/projects/projects/gps_ws/src/gps/src/gps_node.cpp:3:
[3.603s] /home/w/projects/projects/gps_ws/src/gps/src/gps_node.cpp:360:29: error: cannot call member function ‘const string& BT::TreeNode::name() const’ without object
[3.603s]   360 |                         name().c_str(),
[3.603s]       |                         ~~~~^~
[3.609s] In file included from /opt/ros/humble/include/rclcpp/rclcpp/client.hpp:40,
[3.609s]                  from /opt/ros/humble/include/rclcpp/rclcpp/callback_group.hpp:24,
[3.609s]                  from /opt/ros/humble/include/rclcpp/rclcpp/any_executable.hpp:20,
[3.609s]                  from /opt/ros/humble/include/rclcpp/rclcpp/memory_strategy.hpp:25,
[3.610s]                  from /opt/ros/humble/include/rclcpp/rclcpp/memory_strategies.hpp:18,
[3.610s]                  from /opt/ros/humble/include/rclcpp/rclcpp/executor_options.hpp:20,
[3.610s]                  from /opt/ros/humble/include/rclcpp/rclcpp/executor.hpp:37,
[3.610s]                  from /opt/ros/humble/include/rclcpp/rclcpp/executors/multi_threaded_executor.hpp:25,
[3.610s]                  from /opt/ros/humble/include/rclcpp/rclcpp/executors.hpp:21,
[3.610s]                  from /opt/ros/humble/include/rclcpp/rclcpp/rclcpp.hpp:155,
[3.610s]                  from /home/w/projects/projects/gps_ws/src/gps/src/gps_node.cpp:3:
[3.610s] /home/w/projects/projects/gps_ws/src/gps/src/gps_node.cpp:365:21: error: ‘context_’ was not declared in this scope; did you mean ‘ucontext_t’?
[3.610s]   365 |                     context_->logger,
[3.610s]       |                     ^~~~~~~~
[3.610s] /home/w/projects/projects/gps_ws/src/gps/src/gps_node.cpp:364:17: error: template argument 1 is invalid
[3.610s]   364 |                 RCLCPP_DEBUG(
[3.610s]       |                 ^~~~~~~~~~~~
[3.610s] In file included from /opt/ros/humble/include/rclcpp/rclcpp/logging.hpp:24,
[3.610s]                  from /opt/ros/humble/include/rclcpp/rclcpp/client.hpp:40,
[3.610s]                  from /opt/ros/humble/include/rclcpp/rclcpp/callback_group.hpp:24,
[3.610s]                  from /opt/ros/humble/include/rclcpp/rclcpp/any_executable.hpp:20,
[3.610s]                  from /opt/ros/humble/include/rclcpp/rclcpp/memory_strategy.hpp:25,
[3.610s]                  from /opt/ros/humble/include/rclcpp/rclcpp/memory_strategies.hpp:18,
[3.610s]                  from /opt/ros/humble/include/rclcpp/rclcpp/executor_options.hpp:20,
[3.610s]                  from /opt/ros/humble/include/rclcpp/rclcpp/executor.hpp:37,
[3.610s]                  from /opt/ros/humble/include/rclcpp/rclcpp/executors/multi_threaded_executor.hpp:25,
[3.610s]                  from /opt/ros/humble/include/rclcpp/rclcpp/executors.hpp:21,
[3.611s]                  from /opt/ros/humble/include/rclcpp/rclcpp/rclcpp.hpp:155,
[3.611s]                  from /home/w/projects/projects/gps_ws/src/gps/src/gps_node.cpp:3:
[3.611s] /home/w/projects/projects/gps_ws/src/gps/src/gps_node.cpp:367:25: error: cannot call member function ‘const string& BT::TreeNode::name() const’ without object
[3.611s]   367 |                     name().c_str(),
[3.611s]       |                     ~~~~^~
[3.611s] /home/w/projects/projects/gps_ws/src/gps/src/gps_node.cpp:374:71: error: too many initializers for ‘Pose2D’
[3.611s]   374 |                 Pose2D stop_command {0x0f,0, 0 ,0 ,nullptr   , nullptr};
[3.611s]       |                                                                       ^
[3.614s] /home/w/projects/projects/gps_ws/src/gps/src/gps_node.cpp:375:22: error: ‘sendCommand’ was not declared in this scope
[3.614s]   375 |                 if (!sendCommand(stop_command))
[3.614s]       |                      ^~~~~~~~~~~
[3.619s] In file included from /opt/ros/humble/include/rclcpp/rclcpp/client.hpp:40,
[3.619s]                  from /opt/ros/humble/include/rclcpp/rclcpp/callback_group.hpp:24,
[3.619s]                  from /opt/ros/humble/include/rclcpp/rclcpp/any_executable.hpp:20,
[3.619s]                  from /opt/ros/humble/include/rclcpp/rclcpp/memory_strategy.hpp:25,
[3.619s]                  from /opt/ros/humble/include/rclcpp/rclcpp/memory_strategies.hpp:18,
[3.619s]                  from /opt/ros/humble/include/rclcpp/rclcpp/executor_options.hpp:20,
[3.619s]                  from /opt/ros/humble/include/rclcpp/rclcpp/executor.hpp:37,
[3.619s]                  from /opt/ros/humble/include/rclcpp/rclcpp/executors/multi_threaded_executor.hpp:25,
[3.619s]                  from /opt/ros/humble/include/rclcpp/rclcpp/executors.hpp:21,
[3.619s]                  from /opt/ros/humble/include/rclcpp/rclcpp/rclcpp.hpp:155,
[3.620s]                  from /home/w/projects/projects/gps_ws/src/gps/src/gps_node.cpp:3:
[3.620s] /home/w/projects/projects/gps_ws/src/gps/src/gps_node.cpp:378:25: error: ‘context_’ was not declared in this scope; did you mean ‘ucontext_t’?
[3.620s]   378 |                         context_->logger,
[3.620s]       |                         ^~~~~~~~
[3.622s] /home/w/projects/projects/gps_ws/src/gps/src/gps_node.cpp:377:21: error: template argument 1 is invalid
[3.622s]   377 |                     RCLCPP_ERROR(
[3.622s]       |                     ^~~~~~~~~~~~
[3.622s] In file included from /opt/ros/humble/include/rclcpp/rclcpp/logging.hpp:24,
[3.622s]                  from /opt/ros/humble/include/rclcpp/rclcpp/client.hpp:40,
[3.622s]                  from /opt/ros/humble/include/rclcpp/rclcpp/callback_group.hpp:24,
[3.622s]                  from /opt/ros/humble/include/rclcpp/rclcpp/any_executable.hpp:20,
[3.622s]                  from /opt/ros/humble/include/rclcpp/rclcpp/memory_strategy.hpp:25,
[3.622s]                  from /opt/ros/humble/include/rclcpp/rclcpp/memory_strategies.hpp:18,
[3.622s]                  from /opt/ros/humble/include/rclcpp/rclcpp/executor_options.hpp:20,
[3.622s]                  from /opt/ros/humble/include/rclcpp/rclcpp/executor.hpp:37,
[3.622s]                  from /opt/ros/humble/include/rclcpp/rclcpp/executors/multi_threaded_executor.hpp:25,
[3.623s]                  from /opt/ros/humble/include/rclcpp/rclcpp/executors.hpp:21,
[3.623s]                  from /opt/ros/humble/include/rclcpp/rclcpp/rclcpp.hpp:155,
[3.623s]                  from /home/w/projects/projects/gps_ws/src/gps/src/gps_node.cpp:3:
[3.623s] /home/w/projects/projects/gps_ws/src/gps/src/gps_node.cpp:380:29: error: cannot call member function ‘const string& BT::TreeNode::name() const’ without object
[3.623s]   380 |                         name().c_str(),
[3.623s]       |                         ~~~~^~
[3.633s] /home/w/projects/projects/gps_ws/src/gps/src/gps_node.cpp:384:34: error: ‘commend_’ was not declared in this scope
[3.633s]   384 |                 if (!sendCommand(commend_))
[3.633s]       |                                  ^~~~~~~~
[3.640s] /home/w/projects/projects/gps_ws/src/gps/src/gps_node.cpp:384:22: error: ‘sendCommand’ was not declared in this scope
[3.641s]   384 |                 if (!sendCommand(commend_))
[3.641s]       |                      ^~~~~~~~~~~
[3.645s] In file included from /opt/ros/humble/include/rclcpp/rclcpp/client.hpp:40,
[3.645s]                  from /opt/ros/humble/include/rclcpp/rclcpp/callback_group.hpp:24,
[3.645s]                  from /opt/ros/humble/include/rclcpp/rclcpp/any_executable.hpp:20,
[3.645s]                  from /opt/ros/humble/include/rclcpp/rclcpp/memory_strategy.hpp:25,
[3.645s]                  from /opt/ros/humble/include/rclcpp/rclcpp/memory_strategies.hpp:18,
[3.645s]                  from /opt/ros/humble/include/rclcpp/rclcpp/executor_options.hpp:20,
[3.645s]                  from /opt/ros/humble/include/rclcpp/rclcpp/executor.hpp:37,
[3.645s]                  from /opt/ros/humble/include/rclcpp/rclcpp/executors/multi_threaded_executor.hpp:25,
[3.645s]                  from /opt/ros/humble/include/rclcpp/rclcpp/executors.hpp:21,
[3.645s]                  from /opt/ros/humble/include/rclcpp/rclcpp/rclcpp.hpp:155,
[3.645s]                  from /home/w/projects/projects/gps_ws/src/gps/src/gps_node.cpp:3:
[3.645s] /home/w/projects/projects/gps_ws/src/gps/src/gps_node.cpp:387:25: error: ‘context_’ was not declared in this scope; did you mean ‘ucontext_t’?
[3.645s]   387 |                         context_->logger,
[3.645s]       |                         ^~~~~~~~
[3.645s] /home/w/projects/projects/gps_ws/src/gps/src/gps_node.cpp:386:21: error: template argument 1 is invalid
[3.645s]   386 |                     RCLCPP_ERROR(
[3.645s]       |                     ^~~~~~~~~~~~
[3.648s] In file included from /opt/ros/humble/include/rclcpp/rclcpp/logging.hpp:24,
[3.648s]                  from /opt/ros/humble/include/rclcpp/rclcpp/client.hpp:40,
[3.648s]                  from /opt/ros/humble/include/rclcpp/rclcpp/callback_group.hpp:24,
[3.648s]                  from /opt/ros/humble/include/rclcpp/rclcpp/any_executable.hpp:20,
[3.648s]                  from /opt/ros/humble/include/rclcpp/rclcpp/memory_strategy.hpp:25,
[3.648s]                  from /opt/ros/humble/include/rclcpp/rclcpp/memory_strategies.hpp:18,
[3.648s]                  from /opt/ros/humble/include/rclcpp/rclcpp/executor_options.hpp:20,
[3.648s]                  from /opt/ros/humble/include/rclcpp/rclcpp/executor.hpp:37,
[3.648s]                  from /opt/ros/humble/include/rclcpp/rclcpp/executors/multi_threaded_executor.hpp:25,
[3.648s]                  from /opt/ros/humble/include/rclcpp/rclcpp/executors.hpp:21,
[3.649s]                  from /opt/ros/humble/include/rclcpp/rclcpp/rclcpp.hpp:155,
[3.649s]                  from /home/w/projects/projects/gps_ws/src/gps/src/gps_node.cpp:3:
[3.649s] /home/w/projects/projects/gps_ws/src/gps/src/gps_node.cpp:389:29: error: cannot call member function ‘const string& BT::TreeNode::name() const’ without object
[3.649s]   389 |                         name().c_str(),
[3.649s]       |                         ~~~~^~
[3.651s] In file included from /opt/ros/humble/include/rclcpp/rclcpp/client.hpp:40,
[3.651s]                  from /opt/ros/humble/include/rclcpp/rclcpp/callback_group.hpp:24,
[3.651s]                  from /opt/ros/humble/include/rclcpp/rclcpp/any_executable.hpp:20,
[3.651s]                  from /opt/ros/humble/include/rclcpp/rclcpp/memory_strategy.hpp:25,
[3.651s]                  from /opt/ros/humble/include/rclcpp/rclcpp/memory_strategies.hpp:18,
[3.651s]                  from /opt/ros/humble/include/rclcpp/rclcpp/executor_options.hpp:20,
[3.652s]                  from /opt/ros/humble/include/rclcpp/rclcpp/executor.hpp:37,
[3.652s]                  from /opt/ros/humble/include/rclcpp/rclcpp/executors/multi_threaded_executor.hpp:25,
[3.652s]                  from /opt/ros/humble/include/rclcpp/rclcpp/executors.hpp:21,
[3.652s]                  from /opt/ros/humble/include/rclcpp/rclcpp/rclcpp.hpp:155,
[3.652s]                  from /home/w/projects/projects/gps_ws/src/gps/src/gps_node.cpp:3:
[3.652s] /home/w/projects/projects/gps_ws/src/gps/src/gps_node.cpp:394:21: error: ‘context_’ was not declared in this scope; did you mean ‘ucontext_t’?
[3.652s]   394 |                     context_->logger,
[3.652s]       |                     ^~~~~~~~
[3.652s] /home/w/projects/projects/gps_ws/src/gps/src/gps_node.cpp:393:17: error: template argument 1 is invalid
[3.652s]   393 |                 RCLCPP_DEBUG(
[3.652s]       |                 ^~~~~~~~~~~~
[3.653s] In file included from /opt/ros/humble/include/rclcpp/rclcpp/logging.hpp:24,
[3.653s]                  from /opt/ros/humble/include/rclcpp/rclcpp/client.hpp:40,
[3.653s]                  from /opt/ros/humble/include/rclcpp/rclcpp/callback_group.hpp:24,
[3.653s]                  from /opt/ros/humble/include/rclcpp/rclcpp/any_executable.hpp:20,
[3.653s]                  from /opt/ros/humble/include/rclcpp/rclcpp/memory_strategy.hpp:25,
[3.653s]                  from /opt/ros/humble/include/rclcpp/rclcpp/memory_strategies.hpp:18,
[3.653s]                  from /opt/ros/humble/include/rclcpp/rclcpp/executor_options.hpp:20,
[3.653s]                  from /opt/ros/humble/include/rclcpp/rclcpp/executor.hpp:37,
[3.653s]                  from /opt/ros/humble/include/rclcpp/rclcpp/executors/multi_threaded_executor.hpp:25,
[3.653s]                  from /opt/ros/humble/include/rclcpp/rclcpp/executors.hpp:21,
[3.653s]                  from /opt/ros/humble/include/rclcpp/rclcpp/rclcpp.hpp:155,
[3.653s]                  from /home/w/projects/projects/gps_ws/src/gps/src/gps_node.cpp:3:
[3.653s] /home/w/projects/projects/gps_ws/src/gps/src/gps_node.cpp:396:25: error: cannot call member function ‘const string& BT::TreeNode::name() const’ without object
[3.653s]   396 |                     name().c_str(),
[3.653s]       |                     ~~~~^~
[3.654s] /home/w/projects/projects/gps_ws/src/gps/src/gps_node.cpp: In constructor ‘TimedVelocityAction::TurnRight::TurnRight(const string&, const BT::NodeConfig&, std::shared_ptr<AppContext>)’:
[3.654s] /home/w/projects/projects/gps_ws/src/gps/src/gps_node.cpp:416:11: error: type ‘TimedVelocityAction’ is not a direct base of ‘TimedVelocityAction::TurnRight’
[3.654s]   416 |         : TimedVelocityAction(name, config, std::move(context), Pose2D{0x0f, 0, 0, -1})
[3.654s]       |           ^~~~~~~~~~~~~~~~~~~
[3.654s] /home/w/projects/projects/gps_ws/src/gps/src/gps_node.cpp: In constructor ‘TimedVelocityAction::JudgePosition::JudgePosition(const string&, const BT::NodeConfig&, std::shared_ptr<AppContext>)’:
[3.654s] /home/w/projects/projects/gps_ws/src/gps/src/gps_node.cpp:433:11: error: type ‘TimedVelocityAction’ is not a direct base of ‘TimedVelocityAction::JudgePosition’
[3.654s]   433 |         : TimedVelocityAction(name, config, std::move(context), Pose2D{0x0f, 0, 0, 0})
[3.654s]       |           ^~~~~~~~~~~~~~~~~~~
[3.664s] /home/w/projects/projects/gps_ws/src/gps/src/gps_node.cpp: In static member function ‘static void TimedVelocityAction::registerNodes(BT::BehaviorTreeFactory&, const std::shared_ptr<AppContext>&)’:
[3.665s] /home/w/projects/projects/gps_ws/src/gps/src/gps_node.cpp:533:41: error: cannot convert ‘TimedVelocityAction::registerNodes(BT::BehaviorTreeFactory&, const std::shared_ptr<AppContext>&)::<lambda(const string&, const BT::NodeConfig&)>’ to ‘const NodeBuilder&’ {aka ‘const std::function<std::unique_ptr<BT::TreeNode>(const std::__cxx11::basic_string<char>&, const BT::NodeConfig&)>&’}
[3.665s]   533 |     factory.registerBuilder<MoveForward>(
[3.665s]       |     ~~~~~~~~~~~~~~~~~~~~~~~~~~~~~~~~~~~~^
[3.665s]   534 |         "MoveForward",
[3.665s]       |         ~~~~~~~~~~~~~~                   
[3.665s]   535 |         [context](const std::string& name, const BT::NodeConfig& config) {
[3.665s]       |         ~~~~~~~~~~~~~~~~~~~~~~~~~~~~~~~~~~~~~~~~~~~~~~~~~~~~~~~~~~~~~~~~~~
[3.665s]   536 |             return std::make_unique<MoveForward>(name, config, context);
[3.665s]       |             ~~~~~~~~~~~~~~~~~~~~~~~~~~~~~~~~~~~~~~~~~~~~~~~~~~~~~~~~~~~~
[3.665s]   537 |         });
[3.665s]       |         ~~                               
[3.665s] In file included from /home/w/projects/projects/gps_ws/src/gps/src/gps_node.cpp:1:
[3.665s] /opt/ros/humble/include/behaviortree_cpp/bt_factory.h:249:66: note:   initializing argument 2 of ‘void BT::BehaviorTreeFactory::registerBuilder(const string&, const NodeBuilder&) [with T = TimedVelocityAction::MoveForward; std::string = std::__cxx11::basic_string<char>; BT::NodeBuilder = std::function<std::unique_ptr<BT::TreeNode>(const std::__cxx11::basic_string<char>&, const BT::NodeConfig&)>]’
[3.665s]   249 |   void registerBuilder(const std::string& ID, const NodeBuilder& builder)
[3.665s]       |                                               ~~~~~~~~~~~~~~~~~~~^~~~~~~
[3.676s] /home/w/projects/projects/gps_ws/src/gps/src/gps_node.cpp:539:38: error: cannot convert ‘TimedVelocityAction::registerNodes(BT::BehaviorTreeFactory&, const std::shared_ptr<AppContext>&)::<lambda(const string&, const BT::NodeConfig&)>’ to ‘const NodeBuilder&’ {aka ‘const std::function<std::unique_ptr<BT::TreeNode>(const std::__cxx11::basic_string<char>&, const BT::NodeConfig&)>&’}
[3.677s]   539 |     factory.registerBuilder<TurnLeft>(
[3.677s]       |     ~~~~~~~~~~~~~~~~~~~~~~~~~~~~~~~~~^
[3.678s]   540 |         "TurnLeft",
[3.678s]       |         ~~~~~~~~~~~                   
[3.679s]   541 |         [context](const std::string& name, const BT::NodeConfig& config) {
[3.679s]       |         ~~~~~~~~~~~~~~~~~~~~~~~~~~~~~~~~~~~~~~~~~~~~~~~~~~~~~~~~~~~~~~~~~~
[3.680s]   542 |             return std::make_unique<TurnLeft>(name, config, context);
[3.680s]       |             ~~~~~~~~~~~~~~~~~~~~~~~~~~~~~~~~~~~~~~~~~~~~~~~~~~~~~~~~~
[3.681s]   543 |         });
[3.682s]       |         ~~                            
[3.682s] In file included from /home/w/projects/projects/gps_ws/src/gps/src/gps_node.cpp:1:
[3.682s] /opt/ros/humble/include/behaviortree_cpp/bt_factory.h:249:66: note:   initializing argument 2 of ‘void BT::BehaviorTreeFactory::registerBuilder(const string&, const NodeBuilder&) [with T = TimedVelocityAction::TurnLeft; std::string = std::__cxx11::basic_string<char>; BT::NodeBuilder = std::function<std::unique_ptr<BT::TreeNode>(const std::__cxx11::basic_string<char>&, const BT::NodeConfig&)>]’
[3.682s]   249 |   void registerBuilder(const std::string& ID, const NodeBuilder& builder)
[3.682s]       |                                               ~~~~~~~~~~~~~~~~~~~^~~~~~~
[3.714s] /home/w/projects/projects/gps_ws/src/gps/src/gps_node.cpp:545:39: error: cannot convert ‘TimedVelocityAction::registerNodes(BT::BehaviorTreeFactory&, const std::shared_ptr<AppContext>&)::<lambda(const string&, const BT::NodeConfig&)>’ to ‘const NodeBuilder&’ {aka ‘const std::function<std::unique_ptr<BT::TreeNode>(const std::__cxx11::basic_string<char>&, const BT::NodeConfig&)>&’}
[3.714s]   545 |     factory.registerBuilder<TurnRight>(
[3.714s]       |     ~~~~~~~~~~~~~~~~~~~~~~~~~~~~~~~~~~^
[3.714s]   546 |         "TurnRight",
[3.715s]       |         ~~~~~~~~~~~~                   
[3.715s]   547 |         [context](const std::string& name, const BT::NodeConfig& config) {
[3.715s]       |         ~~~~~~~~~~~~~~~~~~~~~~~~~~~~~~~~~~~~~~~~~~~~~~~~~~~~~~~~~~~~~~~~~~
[3.715s]   548 |             return std::make_unique<TurnRight>(name, config, context);
[3.715s]       |             ~~~~~~~~~~~~~~~~~~~~~~~~~~~~~~~~~~~~~~~~~~~~~~~~~~~~~~~~~~
[3.715s]   549 |         });
[3.715s]       |         ~~                             
[3.715s] In file included from /home/w/projects/projects/gps_ws/src/gps/src/gps_node.cpp:1:
[3.715s] /opt/ros/humble/include/behaviortree_cpp/bt_factory.h:249:66: note:   initializing argument 2 of ‘void BT::BehaviorTreeFactory::registerBuilder(const string&, const NodeBuilder&) [with T = TimedVelocityAction::TurnRight; std::string = std::__cxx11::basic_string<char>; BT::NodeBuilder = std::function<std::unique_ptr<BT::TreeNode>(const std::__cxx11::basic_string<char>&, const BT::NodeConfig&)>]’
[3.715s]   249 |   void registerBuilder(const std::string& ID, const NodeBuilder& builder)
[3.715s]       |                                               ~~~~~~~~~~~~~~~~~~~^~~~~~~
[3.724s] /home/w/projects/projects/gps_ws/src/gps/src/gps_node.cpp: At global scope:
[3.724s] /home/w/projects/projects/gps_ws/src/gps/src/gps_node.cpp:647:2: error: expected unqualified-id at end of input
[3.724s]   647 | }
[3.724s]       |  ^
[7.351s] gmake[2]: *** [CMakeFiles/gps_node.dir/build.make:79: CMakeFiles/gps_node.dir/src/gps_node.cpp.o] Error 1
[7.352s] gmake[1]: *** [CMakeFiles/Makefile2:188: CMakeFiles/gps_node.dir/all] Error 2
[7.353s] gmake: *** [Makefile:146: all] Error 2
[7.353s] Invoked command in '/home/w/projects/projects/gps_ws/build/gps' returned '2': CMAKE_PREFIX_PATH=${CMAKE_PREFIX_PATH}:/opt/ros/humble /usr/bin/cmake --build /home/w/projects/projects/gps_ws/build/gps -- -j16 -l16
